This file contains any messages produced by compilers while
running configure, to aid debugging if configure makes a mistake.

It was created by xorgproto configure 2023.2, which was
generated by GNU Autoconf 2.71.  Invocation command line was

  $ ./configure --prefix=/home/runner/.local --quiet

## --------- ##
## Platform. ##
## --------- ##

hostname = e3b8a517d9fa
uname -m = x86_64
uname -r = 6.5.0-1014-gcp
uname -s = Linux
uname -v = #14~22.04.1-Ubuntu SMP Sat Feb 10 04:57:00 UTC 2024

/usr/bin/uname -p = x86_64
/bin/uname -X     = unknown

/bin/arch              = x86_64
/usr/bin/arch -k       = unknown
/usr/convex/getsysinfo = unknown
/usr/bin/hostinfo      = unknown
/bin/machine           = unknown
/usr/bin/oslevel       = unknown
/bin/universe          = unknown

PATH: /nix/store/bap4d0lpcrhpwmpb8ayjcgkmvfj62lnq-bash-interactive-5.1-p16/bin/
PATH: /nix/store/pr5n59mb4jzmfx6kanwxly0l07p861fg-patchelf-0.15.0/bin/
PATH: /nix/store/dq0xwmsk1g0i2ayg6pb7y87na2knzylh-gcc-wrapper-11.3.0/bin/
PATH: /nix/store/1gf2flfqnpqbr1b4p4qz2f72y42bs56r-gcc-11.3.0/bin/
PATH: /nix/store/57xv61c5zi8pphjbcwxxjlgc34p61ic9-glibc-2.35-163-bin/bin/
PATH: /nix/store/a7gvj343m05j2s32xcnwr35v31ynlypr-coreutils-9.1/bin/
PATH: /nix/store/1d6ian3r8kdzspw8hacjhl3xkp40g1lj-binutils-wrapper-2.39/bin/
PATH: /nix/store/039g378vc3pc3dvi9dzdlrd0i4q93qwf-binutils-2.39/bin/
PATH: /nix/store/zdba9frlxj2ba8ca095win3nphsiiqhb-python3-3.10.8/bin/
PATH: /nix/store/kblplvpffcfn0zprj80vh41xchjx4jag-wget-1.21.3/bin/
PATH: /nix/store/0jz5bmaic7n6sbf8s08bi80jkhkgwj07-pkg-config-0.29.2/bin/
PATH: /nix/store/1a17m1274igh0clzhby36lgx8078lvqx-xterm-375/bin/
PATH: /nix/store/l5ab1dv2j3mmlxcw88fcj7zgg078cib3-neofetch-unstable-2021-12-10/bin/
PATH: /nix/store/rxb9zl1mdx9f2n3z0nyv9zhngj3f2pw0-cmake-3.24.3/bin/
PATH: /nix/store/ghvw9lxj8wy3qjip2jv6qsqwvqh6r86j-gdb-12.1/bin/
PATH: /nix/store/wxr8ks20v5dnq7v8dikdd2gjnlmpgrxm-xauth-1.1/bin/
PATH: /nix/store/l3m7axrj699nx4j024sb0dw0215alsd1-alsa-lib-1.2.7.2/bin/
PATH: /nix/store/18y8p4mjwjy26npih04hfv48wz9czgk3-attr-2.5.1-bin/bin/
PATH: /nix/store/q8s1kzhsblr2a1p2g0lh2dkcgca1im3z-libcap-2.66/bin/
PATH: /nix/store/bvihhgw8bh6cqqlj0d4s8cvmm4mqmzfc-pulseaudio-16.1/bin/
PATH: /nix/store/mydc6f4k2z73xlcz7ilif3v2lcaiqvza-findutils-4.9.0/bin/
PATH: /nix/store/j9p3g8472iijd50vhdprx0nmk2fqn5gv-diffutils-3.8/bin/
PATH: /nix/store/89zs7rms6x00xfq4dq6m7mjnhkr8a6r4-gnused-4.8/bin/
PATH: /nix/store/86bp03jkmsl6f92w0yzg4s59g5mhxwmy-gnugrep-3.7/bin/
PATH: /nix/store/hwcdqw4jrjnd37wxqgsd47hd0j8bnj09-gawk-5.1.1/bin/
PATH: /nix/store/cfbhw8r8ags41vwqaz47r583d0p4h4a1-gnutar-1.34/bin/
PATH: /nix/store/p3m1ndl1lapwrlh698bnb5lvvxh67378-gzip-1.12/bin/
PATH: /nix/store/a8mhcagrsly7c7mpjrpsnaahk4aax056-bzip2-1.0.8-bin/bin/
PATH: /nix/store/mblgz65m3zv9x548a3d5m96fj2pbwr09-gnumake-4.3/bin/
PATH: /nix/store/dsd5gz46hdbdk2rfdimqddhq6m8m8fqs-bash-5.1-p16/bin/
PATH: /nix/store/v7ljksji50mg3w61dykaa3n3y79n6nil-patch-2.7.6/bin/
PATH: /nix/store/zlcnmqq14jz5x9439jf937mvayyl63da-xz-5.2.7-bin/bin/
PATH: /nix/store/y6aj732zm9m87c82fpvf103a1xb22blp-file-5.43/bin/
PATH: /nix/store/yq0vlv3d2f5si3ibawpq5ay2pc6knixp-nix-2.18.0pre20230808_c0e6466/bin/
PATH: /nix/store/i4kzir3m7mrisxmf5xvlnkw01x4qaqr4-prybar-elisp-0.0.0-e0d9a52/bin/
PATH: /nix/store/lwwivxf6h7x3cvxp9zv8sj0mv7dak99r-prybar-lua-0.0.0-e0d9a52/bin/
PATH: /nix/store/gxj28g1cg4hq3qanmjv07156h800qr58-prybar-python3-0.0.0-e0d9a52/bin/
PATH: /nix/store/hshkjnxrgidigf8x75vg6lqng2xlx9i3-prybar-sqlite-0.0.0-e0d9a52/bin/
PATH: /nix/store/c4w01bpjgyy5ixmwdk8m1pw87zq4sl26-prybar-tcl-0.0.0-e0d9a52/bin/
PATH: /nix/store/hpbvrlwd5viqmvcaisb3x0118i913a9n-stderred-0.1.0/bin/
PATH: /nix/store/c98w73rq49rr8f0lldlf8finwmq0s17x-upm-0.0.0-c1533a6/bin/
PATH: /nix/store/6305c4pd8wyhbayzl21yxw0znbzfhg4x-pid1/bin/
PATH: /nix/store/ic6qnrphr39fbwjcxkgjp8xlczn15hq1-less-643/bin/
PATH: /nix/store/whwwhd6ns271bj0ff86ap37i9r9kzi9c-git-2.42.0/bin/
PATH: /nix/store/r1diwi9xkwqrbkv0mrckh19ppp06r9i4-silver-searcher-2.2.0/bin/
PATH: /nix/store/ixqgy5s0zr9mricqrv5f4sv6dfky7iz9-bash/bin/
PATH: /nix/store/vwkvhj69z4qqgmpa2lwm97kabf12p26r-coreutils-9.3/bin/
PATH: /nix/store/ndx64mdps5p74illylpzq25pi4kbr05x-vscode-cpptools-dap-1.3.1/bin/
PATH: /nix/store/6lppqybghirwljfwcwbr0z7rzdqncn3j-replit-python-dap-wrapper-1.0.0/bin/
PATH: /nix/store/36pkp8h1i81xmdc892awly75l8gifmgl-node-dap/bin/
PATH: /nix/store/k4ww8n0mqbx5ff0aj90jnqi0swr8akla-pydeppaths-1.0.0/bin/
PATH: /nix/store/90hs7aipck6vz90xpdyb6vjjzlr7ci64-fluxbox/bin/
PATH: /nix/store/qpnf0dafrfsbcwb4z7cphjm0dff0vl7l-prybar-nodejs-0.0.0-e0d9a52/bin/
PATH: /nix/store/p109137pdyy3l8xjzd2zwknhc2l4yj5a-pulseaudio-16.1/bin/
PATH: /nix/store/146hw02zpnhkn5cabjf3pmdl32clz0jn-rfbproxy-0.0.0-9c8ca29/bin/
PATH: /nix/store/g5vyafx7amin9rv99npzz54bgp437kgd-toml-editor-0.0.0-d7dc78d/bin/
PATH: /nix/store/mi0by7pw54j7nn8a9pp8z03rghfhb2ba-nix-editor-0.0.0-fb83e47/bin/
PATH: /nix/store/xxwdh0kcj077br5vy2kpi6bznwlq6axi-tigervnc-1.13.1/bin/
PATH: /nix/store/kxxmdnyk9zhn52v8yhjksiq2cx90vyd2-xwininfo-1.1.6/bin/
PATH: /nix/store/pv89r9i1d8ajin2vp7qfs63nakg7s17k-replbox/bin/
PATH: /nix/store/0g1lq3vff290wainxdlbz9a18m28pr4r-curl-8.4.0-bin/bin/
PATH: /nix/store/f5qy259g9b4qh0hwz22z5j5bq3m53cpv-gnutar-1.35/bin/
PATH: /nix/store/3nbvki8kpyni8nq8q6dbzhrmrpgcbvyz-libglvnd-1.6.0/bin/
PATH: /nix/store/x8gff7zw0xn2kzj0xi36kwkwh5irl9mw-ripgrep-13.0.0/bin/
PATH: /nix/store/xnrc27zfxhpwbd8gcmfyh36r4wa5l72j-sd-0.7.6/bin/
PATH: /nix/store/412vmy2s2w63653mfnk3p6w8m1mbvcwq-apt-get/bin/
PATH: /nix/store/s50yw8wrq90ajh6q2yg8by4jk0c48ig4-apt/bin/
PATH: /nix/store/jj38yn79vfwpsasrvg63kz3q3znni1i8-sudo/bin/
PATH: /nix/store/252w9k71955a6g4ym4646x35ixwhxbmw-replit-git-askpass/bin/
PATH: /nix/store/wz8sm86f9vp5y10r62j4afxqr8dd28fl-replit-git-editor/bin/
PATH: /nix/store/n0ldnqg7x2alq0smwb3sw08n9m5rav1i-xdg-open/bin/
PATH: /nix/store/w8jl7avpp9sw6jaskrhwb9qcal3axgrk-moduleit/bin/
PATH: /nix/store/sgfpq33a3wccawxlw03frwvrjfhmwrfl-hostingpid1-1.0.8/bin/
PATH: /nix/store/zlzz2z48s7ry0hkl55xiqp5a73b4mzrg-gcc-wrapper-12.3.0/bin/
PATH: /nix/store/rzqd859mqsxq4w32lzgbmwlv68sxwwmw-gnumake-4.4.1/bin/
PATH: /nix/store/329fjnc15vmxw50wgxlc1vrpmzbymwdp-rippkgs-0.1.0/bin/
PATH: /nix/store/xp87fgwla0d84za1m3mviq9hi6ik3gq9-rippkgs-index-0.1.0/bin/
PATH: /nix/store/nca9ffbfh83d1r2cqg26ljmgj447ilri-man-db-2.11.2/bin/
PATH: /nix/store/83qm9rii0sd5251bjv8344bz9gg423a9-direnv-2.32.3/bin/
PATH: /home/runner/.nix-profile/bin/
PATH: /home/runner/.local/bin/
PATH: /usr/local/sbin/
PATH: /usr/local/bin/
PATH: /usr/sbin/
PATH: /usr/bin/
PATH: /sbin/
PATH: /bin/


## ----------- ##
## Core tests. ##
## ----------- ##

configure:2507: looking for aux files: config.guess config.sub compile missing install-sh
configure:2520:  trying ./
configure:2549:   ./config.guess found
configure:2549:   ./config.sub found
configure:2549:   ./compile found
configure:2549:   ./missing found
configure:2531:   ./install-sh found
configure:2678: checking for a BSD-compatible install
configure:2751: result: /nix/store/a7gvj343m05j2s32xcnwr35v31ynlypr-coreutils-9.1/bin/install -c
configure:2762: checking whether build environment is sane
configure:2817: result: yes
configure:2976: checking for a race-free mkdir -p
configure:3020: result: /nix/store/a7gvj343m05j2s32xcnwr35v31ynlypr-coreutils-9.1/bin/mkdir -p
configure:3027: checking for gawk
configure:3048: found /nix/store/hwcdqw4jrjnd37wxqgsd47hd0j8bnj09-gawk-5.1.1/bin/gawk
configure:3059: result: gawk
configure:3070: checking whether make sets $(MAKE)
configure:3093: result: yes
configure:3123: checking whether make supports nested variables
configure:3141: result: yes
configure:3303: checking whether make supports the include directive
configure:3318: make -f confmf.GNU && cat confinc.out
this is the am__doit target
configure:3321: $? = 0
configure:3340: result: yes (GNU style)
configure:3416: checking for gcc
configure:3448: result: /nix/store/dq0xwmsk1g0i2ayg6pb7y87na2knzylh-gcc-wrapper-11.3.0/bin/gcc
configure:3801: checking for C compiler version
configure:3810: /nix/store/dq0xwmsk1g0i2ayg6pb7y87na2knzylh-gcc-wrapper-11.3.0/bin/gcc --version >&5
gcc (GCC) 11.3.0
Copyright (C) 2021 Free Software Foundation, Inc.
This is free software; see the source for copying conditions.  There is NO
warranty; not even for MERCHANTABILITY or FITNESS FOR A PARTICULAR PURPOSE.

configure:3821: $? = 0
configure:3810: /nix/store/dq0xwmsk1g0i2ayg6pb7y87na2knzylh-gcc-wrapper-11.3.0/bin/gcc -v >&5
Using built-in specs.
COLLECT_GCC=/nix/store/1gf2flfqnpqbr1b4p4qz2f72y42bs56r-gcc-11.3.0/bin/gcc
COLLECT_LTO_WRAPPER=/nix/store/1gf2flfqnpqbr1b4p4qz2f72y42bs56r-gcc-11.3.0/libexec/gcc/x86_64-unknown-linux-gnu/11.3.0/lto-wrapper
Target: x86_64-unknown-linux-gnu
Configured with: 
Thread model: posix
Supported LTO compression algorithms: zlib
gcc version 11.3.0 (GCC) 
configure:3821: $? = 0
configure:3810: /nix/store/dq0xwmsk1g0i2ayg6pb7y87na2knzylh-gcc-wrapper-11.3.0/bin/gcc -V >&5
gcc: error: unrecognized command-line option '-V'
gcc: fatal error: no input files
compilation terminated.
configure:3821: $? = 1
configure:3810: /nix/store/dq0xwmsk1g0i2ayg6pb7y87na2knzylh-gcc-wrapper-11.3.0/bin/gcc -qversion >&5
gcc: error: unrecognized command-line option '-qversion'; did you mean '--version'?
gcc: fatal error: no input files
compilation terminated.
configure:3821: $? = 1
configure:3810: /nix/store/dq0xwmsk1g0i2ayg6pb7y87na2knzylh-gcc-wrapper-11.3.0/bin/gcc -version >&5
gcc: error: unrecognized command-line option '-version'
gcc: fatal error: no input files
compilation terminated.
configure:3821: $? = 1
configure:3841: checking whether the C compiler works
configure:3863: /nix/store/dq0xwmsk1g0i2ayg6pb7y87na2knzylh-gcc-wrapper-11.3.0/bin/gcc    conftest.c  >&5
configure:3867: $? = 0
configure:3917: result: yes
configure:3920: checking for C compiler default output file name
configure:3922: result: a.out
configure:3928: checking for suffix of executables
configure:3935: /nix/store/dq0xwmsk1g0i2ayg6pb7y87na2knzylh-gcc-wrapper-11.3.0/bin/gcc -o conftest    conftest.c  >&5
configure:3939: $? = 0
configure:3962: result: 
configure:3984: checking whether we are cross compiling
configure:3992: /nix/store/dq0xwmsk1g0i2ayg6pb7y87na2knzylh-gcc-wrapper-11.3.0/bin/gcc -o conftest    conftest.c  >&5
configure:3996: $? = 0
configure:4003: ./conftest
configure:4007: $? = 0
configure:4022: result: no
configure:4027: checking for suffix of object files
configure:4050: /nix/store/dq0xwmsk1g0i2ayg6pb7y87na2knzylh-gcc-wrapper-11.3.0/bin/gcc -c   conftest.c >&5
configure:4054: $? = 0
configure:4076: result: o
configure:4080: checking whether the compiler supports GNU C
configure:4100: /nix/store/dq0xwmsk1g0i2ayg6pb7y87na2knzylh-gcc-wrapper-11.3.0/bin/gcc -c   conftest.c >&5
configure:4100: $? = 0
configure:4110: result: yes
configure:4121: checking whether /nix/store/dq0xwmsk1g0i2ayg6pb7y87na2knzylh-gcc-wrapper-11.3.0/bin/gcc accepts -g
configure:4142: /nix/store/dq0xwmsk1g0i2ayg6pb7y87na2knzylh-gcc-wrapper-11.3.0/bin/gcc -c -g  conftest.c >&5
configure:4142: $? = 0
configure:4186: result: yes
configure:4206: checking for /nix/store/dq0xwmsk1g0i2ayg6pb7y87na2knzylh-gcc-wrapper-11.3.0/bin/gcc option to enable C11 features
configure:4221: /nix/store/dq0xwmsk1g0i2ayg6pb7y87na2knzylh-gcc-wrapper-11.3.0/bin/gcc  -c -g -O2  conftest.c >&5
configure:4221: $? = 0
configure:4239: result: none needed
configure:4355: checking whether /nix/store/dq0xwmsk1g0i2ayg6pb7y87na2knzylh-gcc-wrapper-11.3.0/bin/gcc understands -c and -o together
configure:4378: /nix/store/dq0xwmsk1g0i2ayg6pb7y87na2knzylh-gcc-wrapper-11.3.0/bin/gcc -c conftest.c -o conftest2.o
configure:4381: $? = 0
configure:4378: /nix/store/dq0xwmsk1g0i2ayg6pb7y87na2knzylh-gcc-wrapper-11.3.0/bin/gcc -c conftest.c -o conftest2.o
configure:4381: $? = 0
configure:4393: result: yes
configure:4412: checking dependency style of /nix/store/dq0xwmsk1g0i2ayg6pb7y87na2knzylh-gcc-wrapper-11.3.0/bin/gcc
configure:4524: result: none
configure:4541: checking for /nix/store/dq0xwmsk1g0i2ayg6pb7y87na2knzylh-gcc-wrapper-11.3.0/bin/gcc options needed to detect all undeclared functions
configure:4563: /nix/store/dq0xwmsk1g0i2ayg6pb7y87na2knzylh-gcc-wrapper-11.3.0/bin/gcc -c -g -O2   conftest.c >&5
conftest.c: In function 'main':
conftest.c:15:8: error: 'strchr' undeclared (first use in this function)
   15 | (void) strchr;
      |        ^~~~~~
conftest.c:1:1: note: 'strchr' is defined in header '<string.h>'; did you forget to '#include <string.h>'?
    1 | /* confdefs.h */
conftest.c:15:8: note: each undeclared identifier is reported only once for each function it appears in
   15 | (void) strchr;
      |        ^~~~~~
configure:4563: $? = 1
configure: failed program was:
| /* confdefs.h */
| #define PACKAGE_NAME "xorgproto"
| #define PACKAGE_TARNAME "xorgproto"
| #define PACKAGE_VERSION "2023.2"
| #define PACKAGE_STRING "xorgproto 2023.2"
| #define PACKAGE_BUGREPORT "https://gitlab.freedesktop.org/xorg/proto/xorgproto/issues"
| #define PACKAGE_URL ""
| #define PACKAGE "xorgproto"
| #define VERSION "2023.2"
| /* end confdefs.h.  */
| 
| int
| main (void)
| {
| (void) strchr;
|   ;
|   return 0;
| }
configure:4590: /nix/store/dq0xwmsk1g0i2ayg6pb7y87na2knzylh-gcc-wrapper-11.3.0/bin/gcc -c -g -O2   conftest.c >&5
configure:4590: $? = 0
configure:4607: result: none needed
configure:4625: checking for stdio.h
configure:4625: /nix/store/dq0xwmsk1g0i2ayg6pb7y87na2knzylh-gcc-wrapper-11.3.0/bin/gcc -c -g -O2  conftest.c >&5
configure:4625: $? = 0
configure:4625: result: yes
configure:4625: checking for stdlib.h
configure:4625: /nix/store/dq0xwmsk1g0i2ayg6pb7y87na2knzylh-gcc-wrapper-11.3.0/bin/gcc -c -g -O2  conftest.c >&5
configure:4625: $? = 0
configure:4625: result: yes
configure:4625: checking for string.h
configure:4625: /nix/store/dq0xwmsk1g0i2ayg6pb7y87na2knzylh-gcc-wrapper-11.3.0/bin/gcc -c -g -O2  conftest.c >&5
configure:4625: $? = 0
configure:4625: result: yes
configure:4625: checking for inttypes.h
configure:4625: /nix/store/dq0xwmsk1g0i2ayg6pb7y87na2knzylh-gcc-wrapper-11.3.0/bin/gcc -c -g -O2  conftest.c >&5
configure:4625: $? = 0
configure:4625: result: yes
configure:4625: checking for stdint.h
configure:4625: /nix/store/dq0xwmsk1g0i2ayg6pb7y87na2knzylh-gcc-wrapper-11.3.0/bin/gcc -c -g -O2  conftest.c >&5
configure:4625: $? = 0
configure:4625: result: yes
configure:4625: checking for strings.h
configure:4625: /nix/store/dq0xwmsk1g0i2ayg6pb7y87na2knzylh-gcc-wrapper-11.3.0/bin/gcc -c -g -O2  conftest.c >&5
configure:4625: $? = 0
configure:4625: result: yes
configure:4625: checking for sys/stat.h
configure:4625: /nix/store/dq0xwmsk1g0i2ayg6pb7y87na2knzylh-gcc-wrapper-11.3.0/bin/gcc -c -g -O2  conftest.c >&5
configure:4625: $? = 0
configure:4625: result: yes
configure:4625: checking for sys/types.h
configure:4625: /nix/store/dq0xwmsk1g0i2ayg6pb7y87na2knzylh-gcc-wrapper-11.3.0/bin/gcc -c -g -O2  conftest.c >&5
configure:4625: $? = 0
configure:4625: result: yes
configure:4625: checking for unistd.h
configure:4625: /nix/store/dq0xwmsk1g0i2ayg6pb7y87na2knzylh-gcc-wrapper-11.3.0/bin/gcc -c -g -O2  conftest.c >&5
configure:4625: $? = 0
configure:4625: result: yes
configure:4654: checking whether __clang__ is declared
configure:4654: /nix/store/dq0xwmsk1g0i2ayg6pb7y87na2knzylh-gcc-wrapper-11.3.0/bin/gcc -c -g -O2   conftest.c >&5
conftest.c: In function 'main':
conftest.c:56:10: error: '__clang__' undeclared (first use in this function)
   56 |   (void) __clang__;
      |          ^~~~~~~~~
conftest.c:56:10: note: each undeclared identifier is reported only once for each function it appears in
configure:4654: $? = 1
configure: failed program was:
| /* confdefs.h */
| #define PACKAGE_NAME "xorgproto"
| #define PACKAGE_TARNAME "xorgproto"
| #define PACKAGE_VERSION "2023.2"
| #define PACKAGE_STRING "xorgproto 2023.2"
| #define PACKAGE_BUGREPORT "https://gitlab.freedesktop.org/xorg/proto/xorgproto/issues"
| #define PACKAGE_URL ""
| #define PACKAGE "xorgproto"
| #define VERSION "2023.2"
| #define HAVE_STDIO_H 1
| #define HAVE_STDLIB_H 1
| #define HAVE_STRING_H 1
| #define HAVE_INTTYPES_H 1
| #define HAVE_STDINT_H 1
| #define HAVE_STRINGS_H 1
| #define HAVE_SYS_STAT_H 1
| #define HAVE_SYS_TYPES_H 1
| #define HAVE_UNISTD_H 1
| #define STDC_HEADERS 1
| /* end confdefs.h.  */
| #include <stddef.h>
| #ifdef HAVE_STDIO_H
| # include <stdio.h>
| #endif
| #ifdef HAVE_STDLIB_H
| # include <stdlib.h>
| #endif
| #ifdef HAVE_STRING_H
| # include <string.h>
| #endif
| #ifdef HAVE_INTTYPES_H
| # include <inttypes.h>
| #endif
| #ifdef HAVE_STDINT_H
| # include <stdint.h>
| #endif
| #ifdef HAVE_STRINGS_H
| # include <strings.h>
| #endif
| #ifdef HAVE_SYS_TYPES_H
| # include <sys/types.h>
| #endif
| #ifdef HAVE_SYS_STAT_H
| # include <sys/stat.h>
| #endif
| #ifdef HAVE_UNISTD_H
| # include <unistd.h>
| #endif
| int
| main (void)
| {
| #ifndef __clang__
| #ifdef __cplusplus
|   (void) __clang__;
| #else
|   (void) __clang__;
| #endif
| #endif
| 
|   ;
|   return 0;
| }
configure:4654: result: no
configure:4661: checking whether __INTEL_COMPILER is declared
configure:4661: /nix/store/dq0xwmsk1g0i2ayg6pb7y87na2knzylh-gcc-wrapper-11.3.0/bin/gcc -c -g -O2   conftest.c >&5
conftest.c: In function 'main':
conftest.c:56:10: error: '__INTEL_COMPILER' undeclared (first use in this function)
   56 |   (void) __INTEL_COMPILER;
      |          ^~~~~~~~~~~~~~~~
conftest.c:56:10: note: each undeclared identifier is reported only once for each function it appears in
configure:4661: $? = 1
configure: failed program was:
| /* confdefs.h */
| #define PACKAGE_NAME "xorgproto"
| #define PACKAGE_TARNAME "xorgproto"
| #define PACKAGE_VERSION "2023.2"
| #define PACKAGE_STRING "xorgproto 2023.2"
| #define PACKAGE_BUGREPORT "https://gitlab.freedesktop.org/xorg/proto/xorgproto/issues"
| #define PACKAGE_URL ""
| #define PACKAGE "xorgproto"
| #define VERSION "2023.2"
| #define HAVE_STDIO_H 1
| #define HAVE_STDLIB_H 1
| #define HAVE_STRING_H 1
| #define HAVE_INTTYPES_H 1
| #define HAVE_STDINT_H 1
| #define HAVE_STRINGS_H 1
| #define HAVE_SYS_STAT_H 1
| #define HAVE_SYS_TYPES_H 1
| #define HAVE_UNISTD_H 1
| #define STDC_HEADERS 1
| /* end confdefs.h.  */
| #include <stddef.h>
| #ifdef HAVE_STDIO_H
| # include <stdio.h>
| #endif
| #ifdef HAVE_STDLIB_H
| # include <stdlib.h>
| #endif
| #ifdef HAVE_STRING_H
| # include <string.h>
| #endif
| #ifdef HAVE_INTTYPES_H
| # include <inttypes.h>
| #endif
| #ifdef HAVE_STDINT_H
| # include <stdint.h>
| #endif
| #ifdef HAVE_STRINGS_H
| # include <strings.h>
| #endif
| #ifdef HAVE_SYS_TYPES_H
| # include <sys/types.h>
| #endif
| #ifdef HAVE_SYS_STAT_H
| # include <sys/stat.h>
| #endif
| #ifdef HAVE_UNISTD_H
| # include <unistd.h>
| #endif
| int
| main (void)
| {
| #ifndef __INTEL_COMPILER
| #ifdef __cplusplus
|   (void) __INTEL_COMPILER;
| #else
|   (void) __INTEL_COMPILER;
| #endif
| #endif
| 
|   ;
|   return 0;
| }
configure:4661: result: no
configure:4668: checking whether __SUNPRO_C is declared
configure:4668: /nix/store/dq0xwmsk1g0i2ayg6pb7y87na2knzylh-gcc-wrapper-11.3.0/bin/gcc -c -g -O2   conftest.c >&5
conftest.c: In function 'main':
conftest.c:56:10: error: '__SUNPRO_C' undeclared (first use in this function)
   56 |   (void) __SUNPRO_C;
      |          ^~~~~~~~~~
conftest.c:56:10: note: each undeclared identifier is reported only once for each function it appears in
configure:4668: $? = 1
configure: failed program was:
| /* confdefs.h */
| #define PACKAGE_NAME "xorgproto"
| #define PACKAGE_TARNAME "xorgproto"
| #define PACKAGE_VERSION "2023.2"
| #define PACKAGE_STRING "xorgproto 2023.2"
| #define PACKAGE_BUGREPORT "https://gitlab.freedesktop.org/xorg/proto/xorgproto/issues"
| #define PACKAGE_URL ""
| #define PACKAGE "xorgproto"
| #define VERSION "2023.2"
| #define HAVE_STDIO_H 1
| #define HAVE_STDLIB_H 1
| #define HAVE_STRING_H 1
| #define HAVE_INTTYPES_H 1
| #define HAVE_STDINT_H 1
| #define HAVE_STRINGS_H 1
| #define HAVE_SYS_STAT_H 1
| #define HAVE_SYS_TYPES_H 1
| #define HAVE_UNISTD_H 1
| #define STDC_HEADERS 1
| /* end confdefs.h.  */
| #include <stddef.h>
| #ifdef HAVE_STDIO_H
| # include <stdio.h>
| #endif
| #ifdef HAVE_STDLIB_H
| # include <stdlib.h>
| #endif
| #ifdef HAVE_STRING_H
| # include <string.h>
| #endif
| #ifdef HAVE_INTTYPES_H
| # include <inttypes.h>
| #endif
| #ifdef HAVE_STDINT_H
| # include <stdint.h>
| #endif
| #ifdef HAVE_STRINGS_H
| # include <strings.h>
| #endif
| #ifdef HAVE_SYS_TYPES_H
| # include <sys/types.h>
| #endif
| #ifdef HAVE_SYS_STAT_H
| # include <sys/stat.h>
| #endif
| #ifdef HAVE_UNISTD_H
| # include <unistd.h>
| #endif
| int
| main (void)
| {
| #ifndef __SUNPRO_C
| #ifdef __cplusplus
|   (void) __SUNPRO_C;
| #else
|   (void) __SUNPRO_C;
| #endif
| #endif
| 
|   ;
|   return 0;
| }
configure:4668: result: no
configure:4735: checking for pkg-config
configure:4758: found /nix/store/0jz5bmaic7n6sbf8s08bi80jkhkgwj07-pkg-config-0.29.2/bin/pkg-config
configure:4770: result: /nix/store/0jz5bmaic7n6sbf8s08bi80jkhkgwj07-pkg-config-0.29.2/bin/pkg-config
configure:4795: checking pkg-config is at least version 0.9.0
configure:4798: result: yes
configure:4812: checking build system type
configure:4827: result: x86_64-pc-linux-gnu
configure:4847: checking host system type
configure:4861: result: x86_64-pc-linux-gnu
configure:4881: checking for a sed that does not truncate output
configure:4951: result: /nix/store/89zs7rms6x00xfq4dq6m7mjnhkr8a6r4-gnused-4.8/bin/sed
configure:4998: checking if /nix/store/dq0xwmsk1g0i2ayg6pb7y87na2knzylh-gcc-wrapper-11.3.0/bin/gcc supports -Werror=unknown-warning-option
configure:5008: /nix/store/dq0xwmsk1g0i2ayg6pb7y87na2knzylh-gcc-wrapper-11.3.0/bin/gcc -c -g -O2 -Werror=unknown-warning-option  conftest.c >&5
cc1: error: '-Werror=unknown-warning-option': no option '-Wunknown-warning-option'
configure:5008: $? = 1
configure: failed program was:
| /* confdefs.h */
| #define PACKAGE_NAME "xorgproto"
| #define PACKAGE_TARNAME "xorgproto"
| #define PACKAGE_VERSION "2023.2"
| #define PACKAGE_STRING "xorgproto 2023.2"
| #define PACKAGE_BUGREPORT "https://gitlab.freedesktop.org/xorg/proto/xorgproto/issues"
| #define PACKAGE_URL ""
| #define PACKAGE "xorgproto"
| #define VERSION "2023.2"
| #define HAVE_STDIO_H 1
| #define HAVE_STDLIB_H 1
| #define HAVE_STRING_H 1
| #define HAVE_INTTYPES_H 1
| #define HAVE_STDINT_H 1
| #define HAVE_STRINGS_H 1
| #define HAVE_SYS_STAT_H 1
| #define HAVE_SYS_TYPES_H 1
| #define HAVE_UNISTD_H 1
| #define STDC_HEADERS 1
| /* end confdefs.h.  */
| int i;
configure:5016: result: no
configure:5027: checking if /nix/store/dq0xwmsk1g0i2ayg6pb7y87na2knzylh-gcc-wrapper-11.3.0/bin/gcc supports -Werror=unused-command-line-argument
configure:5037: /nix/store/dq0xwmsk1g0i2ayg6pb7y87na2knzylh-gcc-wrapper-11.3.0/bin/gcc -c -g -O2 -Werror=unused-command-line-argument  conftest.c >&5
cc1: error: '-Werror=unused-command-line-argument': no option '-Wunused-command-line-argument'; did you mean '-Wunused-dummy-argument'?
configure:5037: $? = 1
configure: failed program was:
| /* confdefs.h */
| #define PACKAGE_NAME "xorgproto"
| #define PACKAGE_TARNAME "xorgproto"
| #define PACKAGE_VERSION "2023.2"
| #define PACKAGE_STRING "xorgproto 2023.2"
| #define PACKAGE_BUGREPORT "https://gitlab.freedesktop.org/xorg/proto/xorgproto/issues"
| #define PACKAGE_URL ""
| #define PACKAGE "xorgproto"
| #define VERSION "2023.2"
| #define HAVE_STDIO_H 1
| #define HAVE_STDLIB_H 1
| #define HAVE_STRING_H 1
| #define HAVE_INTTYPES_H 1
| #define HAVE_STDINT_H 1
| #define HAVE_STRINGS_H 1
| #define HAVE_SYS_STAT_H 1
| #define HAVE_SYS_TYPES_H 1
| #define HAVE_UNISTD_H 1
| #define STDC_HEADERS 1
| /* end confdefs.h.  */
| int i;
configure:5045: result: no
configure:5064: checking if /nix/store/dq0xwmsk1g0i2ayg6pb7y87na2knzylh-gcc-wrapper-11.3.0/bin/gcc supports -Wall
configure:5082: /nix/store/dq0xwmsk1g0i2ayg6pb7y87na2knzylh-gcc-wrapper-11.3.0/bin/gcc -o conftest -g -O2 -Wall   conftest.c  >&5
configure:5082: $? = 0
configure:5096: result: yes
configure:5188: checking if /nix/store/dq0xwmsk1g0i2ayg6pb7y87na2knzylh-gcc-wrapper-11.3.0/bin/gcc supports -Wpointer-arith
configure:5206: /nix/store/dq0xwmsk1g0i2ayg6pb7y87na2knzylh-gcc-wrapper-11.3.0/bin/gcc -o conftest -g -O2 -Wpointer-arith   conftest.c  >&5
configure:5206: $? = 0
configure:5220: result: yes
configure:5312: checking if /nix/store/dq0xwmsk1g0i2ayg6pb7y87na2knzylh-gcc-wrapper-11.3.0/bin/gcc supports -Wmissing-declarations
configure:5330: /nix/store/dq0xwmsk1g0i2ayg6pb7y87na2knzylh-gcc-wrapper-11.3.0/bin/gcc -o conftest -g -O2 -Wmissing-declarations   conftest.c  >&5
configure:5330: $? = 0
configure:5344: result: yes
configure:5436: checking if /nix/store/dq0xwmsk1g0i2ayg6pb7y87na2knzylh-gcc-wrapper-11.3.0/bin/gcc supports -Wformat=2
configure:5454: /nix/store/dq0xwmsk1g0i2ayg6pb7y87na2knzylh-gcc-wrapper-11.3.0/bin/gcc -o conftest -g -O2 -Wformat=2   conftest.c  >&5
configure:5454: $? = 0
configure:5468: result: yes
configure:5613: checking if /nix/store/dq0xwmsk1g0i2ayg6pb7y87na2knzylh-gcc-wrapper-11.3.0/bin/gcc supports -Wstrict-prototypes
configure:5631: /nix/store/dq0xwmsk1g0i2ayg6pb7y87na2knzylh-gcc-wrapper-11.3.0/bin/gcc -o conftest -g -O2 -Wstrict-prototypes   conftest.c  >&5
configure:5631: $? = 0
configure:5645: result: yes
configure:5737: checking if /nix/store/dq0xwmsk1g0i2ayg6pb7y87na2knzylh-gcc-wrapper-11.3.0/bin/gcc supports -Wmissing-prototypes
configure:5755: /nix/store/dq0xwmsk1g0i2ayg6pb7y87na2knzylh-gcc-wrapper-11.3.0/bin/gcc -o conftest -g -O2 -Wmissing-prototypes   conftest.c  >&5
configure:5755: $? = 0
configure:5769: result: yes
configure:5861: checking if /nix/store/dq0xwmsk1g0i2ayg6pb7y87na2knzylh-gcc-wrapper-11.3.0/bin/gcc supports -Wnested-externs
configure:5879: /nix/store/dq0xwmsk1g0i2ayg6pb7y87na2knzylh-gcc-wrapper-11.3.0/bin/gcc -o conftest -g -O2 -Wnested-externs   conftest.c  >&5
configure:5879: $? = 0
configure:5893: result: yes
configure:5985: checking if /nix/store/dq0xwmsk1g0i2ayg6pb7y87na2knzylh-gcc-wrapper-11.3.0/bin/gcc supports -Wbad-function-cast
configure:6003: /nix/store/dq0xwmsk1g0i2ayg6pb7y87na2knzylh-gcc-wrapper-11.3.0/bin/gcc -o conftest -g -O2 -Wbad-function-cast   conftest.c  >&5
configure:6003: $? = 0
configure:6017: result: yes
configure:6109: checking if /nix/store/dq0xwmsk1g0i2ayg6pb7y87na2knzylh-gcc-wrapper-11.3.0/bin/gcc supports -Wold-style-definition
configure:6127: /nix/store/dq0xwmsk1g0i2ayg6pb7y87na2knzylh-gcc-wrapper-11.3.0/bin/gcc -o conftest -g -O2 -Wold-style-definition   conftest.c  >&5
configure:6127: $? = 0
configure:6141: result: yes
configure:6284: checking if /nix/store/dq0xwmsk1g0i2ayg6pb7y87na2knzylh-gcc-wrapper-11.3.0/bin/gcc supports -Wdeclaration-after-statement
configure:6302: /nix/store/dq0xwmsk1g0i2ayg6pb7y87na2knzylh-gcc-wrapper-11.3.0/bin/gcc -o conftest -g -O2 -Wdeclaration-after-statement   conftest.c  >&5
configure:6302: $? = 0
configure:6316: result: yes
configure:6412: checking if /nix/store/dq0xwmsk1g0i2ayg6pb7y87na2knzylh-gcc-wrapper-11.3.0/bin/gcc supports -Wunused
configure:6430: /nix/store/dq0xwmsk1g0i2ayg6pb7y87na2knzylh-gcc-wrapper-11.3.0/bin/gcc -o conftest -g -O2 -Wunused   conftest.c  >&5
configure:6430: $? = 0
configure:6444: result: yes
configure:6536: checking if /nix/store/dq0xwmsk1g0i2ayg6pb7y87na2knzylh-gcc-wrapper-11.3.0/bin/gcc supports -Wuninitialized
configure:6554: /nix/store/dq0xwmsk1g0i2ayg6pb7y87na2knzylh-gcc-wrapper-11.3.0/bin/gcc -o conftest -g -O2 -Wuninitialized   conftest.c  >&5
configure:6554: $? = 0
configure:6568: result: yes
configure:6660: checking if /nix/store/dq0xwmsk1g0i2ayg6pb7y87na2knzylh-gcc-wrapper-11.3.0/bin/gcc supports -Wshadow
configure:6678: /nix/store/dq0xwmsk1g0i2ayg6pb7y87na2knzylh-gcc-wrapper-11.3.0/bin/gcc -o conftest -g -O2 -Wshadow   conftest.c  >&5
configure:6678: $? = 0
configure:6692: result: yes
configure:6784: checking if /nix/store/dq0xwmsk1g0i2ayg6pb7y87na2knzylh-gcc-wrapper-11.3.0/bin/gcc supports -Wmissing-noreturn
configure:6802: /nix/store/dq0xwmsk1g0i2ayg6pb7y87na2knzylh-gcc-wrapper-11.3.0/bin/gcc -o conftest -g -O2 -Wmissing-noreturn   conftest.c  >&5
configure:6802: $? = 0
configure:6816: result: yes
configure:6908: checking if /nix/store/dq0xwmsk1g0i2ayg6pb7y87na2knzylh-gcc-wrapper-11.3.0/bin/gcc supports -Wmissing-format-attribute
configure:6926: /nix/store/dq0xwmsk1g0i2ayg6pb7y87na2knzylh-gcc-wrapper-11.3.0/bin/gcc -o conftest -g -O2 -Wmissing-format-attribute   conftest.c  >&5
configure:6926: $? = 0
configure:6940: result: yes
configure:7032: checking if /nix/store/dq0xwmsk1g0i2ayg6pb7y87na2knzylh-gcc-wrapper-11.3.0/bin/gcc supports -Wredundant-decls
configure:7050: /nix/store/dq0xwmsk1g0i2ayg6pb7y87na2knzylh-gcc-wrapper-11.3.0/bin/gcc -o conftest -g -O2 -Wredundant-decls   conftest.c  >&5
configure:7050: $? = 0
configure:7064: result: yes
configure:7156: checking if /nix/store/dq0xwmsk1g0i2ayg6pb7y87na2knzylh-gcc-wrapper-11.3.0/bin/gcc supports -Wlogical-op
configure:7174: /nix/store/dq0xwmsk1g0i2ayg6pb7y87na2knzylh-gcc-wrapper-11.3.0/bin/gcc -o conftest -g -O2 -Wlogical-op   conftest.c  >&5
configure:7174: $? = 0
configure:7188: result: yes
configure:7292: checking if /nix/store/dq0xwmsk1g0i2ayg6pb7y87na2knzylh-gcc-wrapper-11.3.0/bin/gcc supports -Werror=implicit
configure:7310: /nix/store/dq0xwmsk1g0i2ayg6pb7y87na2knzylh-gcc-wrapper-11.3.0/bin/gcc -o conftest -g -O2 -Werror=implicit   conftest.c  >&5
configure:7310: $? = 0
configure:7324: result: yes
configure:7467: checking if /nix/store/dq0xwmsk1g0i2ayg6pb7y87na2knzylh-gcc-wrapper-11.3.0/bin/gcc supports -Werror=nonnull
configure:7485: /nix/store/dq0xwmsk1g0i2ayg6pb7y87na2knzylh-gcc-wrapper-11.3.0/bin/gcc -o conftest -g -O2 -Werror=nonnull   conftest.c  >&5
configure:7485: $? = 0
configure:7499: result: yes
configure:7591: checking if /nix/store/dq0xwmsk1g0i2ayg6pb7y87na2knzylh-gcc-wrapper-11.3.0/bin/gcc supports -Werror=init-self
configure:7609: /nix/store/dq0xwmsk1g0i2ayg6pb7y87na2knzylh-gcc-wrapper-11.3.0/bin/gcc -o conftest -g -O2 -Werror=init-self   conftest.c  >&5
configure:7609: $? = 0
configure:7623: result: yes
configure:7715: checking if /nix/store/dq0xwmsk1g0i2ayg6pb7y87na2knzylh-gcc-wrapper-11.3.0/bin/gcc supports -Werror=main
configure:7733: /nix/store/dq0xwmsk1g0i2ayg6pb7y87na2knzylh-gcc-wrapper-11.3.0/bin/gcc -o conftest -g -O2 -Werror=main   conftest.c  >&5
configure:7733: $? = 0
configure:7747: result: yes
configure:7839: checking if /nix/store/dq0xwmsk1g0i2ayg6pb7y87na2knzylh-gcc-wrapper-11.3.0/bin/gcc supports -Werror=missing-braces
configure:7857: /nix/store/dq0xwmsk1g0i2ayg6pb7y87na2knzylh-gcc-wrapper-11.3.0/bin/gcc -o conftest -g -O2 -Werror=missing-braces   conftest.c  >&5
configure:7857: $? = 0
configure:7871: result: yes
configure:7963: checking if /nix/store/dq0xwmsk1g0i2ayg6pb7y87na2knzylh-gcc-wrapper-11.3.0/bin/gcc supports -Werror=sequence-point
configure:7981: /nix/store/dq0xwmsk1g0i2ayg6pb7y87na2knzylh-gcc-wrapper-11.3.0/bin/gcc -o conftest -g -O2 -Werror=sequence-point   conftest.c  >&5
configure:7981: $? = 0
configure:7995: result: yes
configure:8087: checking if /nix/store/dq0xwmsk1g0i2ayg6pb7y87na2knzylh-gcc-wrapper-11.3.0/bin/gcc supports -Werror=return-type
configure:8105: /nix/store/dq0xwmsk1g0i2ayg6pb7y87na2knzylh-gcc-wrapper-11.3.0/bin/gcc -o conftest -g -O2 -Werror=return-type   conftest.c  >&5
configure:8105: $? = 0
configure:8119: result: yes
configure:8262: checking if /nix/store/dq0xwmsk1g0i2ayg6pb7y87na2knzylh-gcc-wrapper-11.3.0/bin/gcc supports -Werror=trigraphs
configure:8280: /nix/store/dq0xwmsk1g0i2ayg6pb7y87na2knzylh-gcc-wrapper-11.3.0/bin/gcc -o conftest -g -O2 -Werror=trigraphs   conftest.c  >&5
configure:8280: $? = 0
configure:8294: result: yes
configure:8386: checking if /nix/store/dq0xwmsk1g0i2ayg6pb7y87na2knzylh-gcc-wrapper-11.3.0/bin/gcc supports -Werror=array-bounds
configure:8404: /nix/store/dq0xwmsk1g0i2ayg6pb7y87na2knzylh-gcc-wrapper-11.3.0/bin/gcc -o conftest -g -O2 -Werror=array-bounds   conftest.c  >&5
configure:8404: $? = 0
configure:8418: result: yes
configure:8510: checking if /nix/store/dq0xwmsk1g0i2ayg6pb7y87na2knzylh-gcc-wrapper-11.3.0/bin/gcc supports -Werror=write-strings
configure:8528: /nix/store/dq0xwmsk1g0i2ayg6pb7y87na2knzylh-gcc-wrapper-11.3.0/bin/gcc -o conftest -g -O2 -Werror=write-strings   conftest.c  >&5
configure:8528: $? = 0
configure:8542: result: yes
configure:8634: checking if /nix/store/dq0xwmsk1g0i2ayg6pb7y87na2knzylh-gcc-wrapper-11.3.0/bin/gcc supports -Werror=address
configure:8652: /nix/store/dq0xwmsk1g0i2ayg6pb7y87na2knzylh-gcc-wrapper-11.3.0/bin/gcc -o conftest -g -O2 -Werror=address   conftest.c  >&5
configure:8652: $? = 0
configure:8666: result: yes
configure:8758: checking if /nix/store/dq0xwmsk1g0i2ayg6pb7y87na2knzylh-gcc-wrapper-11.3.0/bin/gcc supports -Werror=int-to-pointer-cast
configure:8776: /nix/store/dq0xwmsk1g0i2ayg6pb7y87na2knzylh-gcc-wrapper-11.3.0/bin/gcc -o conftest -g -O2 -Werror=int-to-pointer-cast   conftest.c  >&5
configure:8776: $? = 0
configure:8790: result: yes
configure:8933: checking if /nix/store/dq0xwmsk1g0i2ayg6pb7y87na2knzylh-gcc-wrapper-11.3.0/bin/gcc supports -Werror=pointer-to-int-cast
configure:8951: /nix/store/dq0xwmsk1g0i2ayg6pb7y87na2knzylh-gcc-wrapper-11.3.0/bin/gcc -o conftest -g -O2 -Werror=pointer-to-int-cast   conftest.c  >&5
configure:8951: $? = 0
configure:8965: result: yes
configure:10706: checking if /nix/store/dq0xwmsk1g0i2ayg6pb7y87na2knzylh-gcc-wrapper-11.3.0/bin/gcc supports -pedantic
configure:10724: /nix/store/dq0xwmsk1g0i2ayg6pb7y87na2knzylh-gcc-wrapper-11.3.0/bin/gcc -o conftest -g -O2 -pedantic   conftest.c  >&5
configure:10724: $? = 0
configure:10738: result: yes
configure:10830: checking if /nix/store/dq0xwmsk1g0i2ayg6pb7y87na2knzylh-gcc-wrapper-11.3.0/bin/gcc supports -Werror
configure:10848: /nix/store/dq0xwmsk1g0i2ayg6pb7y87na2knzylh-gcc-wrapper-11.3.0/bin/gcc -o conftest -g -O2 -Werror   conftest.c  >&5
configure:10848: $? = 0
configure:10862: result: yes
configure:11008: checking if /nix/store/dq0xwmsk1g0i2ayg6pb7y87na2knzylh-gcc-wrapper-11.3.0/bin/gcc supports -Werror=attributes
configure:11026: /nix/store/dq0xwmsk1g0i2ayg6pb7y87na2knzylh-gcc-wrapper-11.3.0/bin/gcc -o conftest -g -O2 -Werror=attributes   conftest.c  >&5
configure:11026: $? = 0
configure:11040: result: yes
configure:11231: checking whether make supports nested variables
configure:11249: result: yes
configure:11280: checking whether to build functional specifications
configure:11282: result: yes
configure:11302: checking for xmlto
configure:11340: result: no
configure:11346: WARNING: xmlto not found - documentation targets will be skipped
configure:11504: checking for fop
configure:11542: result: no
configure:11548: WARNING: fop not found - documentation targets will be skipped
configure:11644: checking for xsltproc
configure:11682: result: no
configure:11688: WARNING: xsltproc not found - cannot transform XML documents
configure:11764: checking for X.Org SGML entities >= 1.8
configure:11768: $PKG_CONFIG --exists --print-errors "xorg-sgml-doctools >= 1.8"
Package xorg-sgml-doctools was not found in the pkg-config search path.
Perhaps you should add the directory containing `xorg-sgml-doctools.pc'
to the PKG_CONFIG_PATH environment variable
No package 'xorg-sgml-doctools' found
configure:11771: $? = 1
configure:11787: result: no
configure:11840: checking for a Python interpreter with version >= 3.6
configure:11858: python -c import sys # split strings by '.' and convert to numeric. Append some zeros # because we need at least 4 digits for the hex conversion. # map returns an iterator in Python 3.0 and a list in 2.x minver = list(map(int, '3.6'.split('.'))) + [0, 0, 0] minverhex = 0 # xrange is not present in Python 3.0 and range returns an iterator for i in list(range(0, 4)): minverhex = (minverhex << 8) + minver[i] sys.exit(sys.hexversion < minverhex)
configure:11861: $? = 0
configure:11868: result: python
configure:11876: checking for python
configure:11899: found /nix/store/zdba9frlxj2ba8ca095win3nphsiiqhb-python3-3.10.8/bin/python
configure:11911: result: /nix/store/zdba9frlxj2ba8ca095win3nphsiiqhb-python3-3.10.8/bin/python
configure:11928: checking for python version
configure:11936: result: 3.10
configure:11941: checking for python platform
configure:11949: result: linux
configure:12010: checking for GNU default python prefix
configure:12012: result: ${prefix}
configure:12078: checking for GNU default python exec_prefix
configure:12080: result: ${exec_prefix}
configure:12111: checking for python script directory (pythondir)
configure:12146: result: ${PYTHON_PREFIX}/lib/python3.10/site-packages
configure:12154: checking for python extension module directory (pyexecdir)
configure:12189: result: ${PYTHON_EXEC_PREFIX}/lib/python3.10/site-packages
configure:12228: checking for sys/select.h
configure:12228: /nix/store/dq0xwmsk1g0i2ayg6pb7y87na2knzylh-gcc-wrapper-11.3.0/bin/gcc -c -g -O2  conftest.c >&5
configure:12228: $? = 0
configure:12228: result: yes
configure:12234: checking for sys/param.h
configure:12234: /nix/store/dq0xwmsk1g0i2ayg6pb7y87na2knzylh-gcc-wrapper-11.3.0/bin/gcc -c -g -O2  conftest.c >&5
configure:12234: $? = 0
configure:12234: result: yes
configure:12240: checking for sys/types.h
configure:12240: result: yes
configure:12246: checking for sys/time.h
configure:12246: /nix/store/dq0xwmsk1g0i2ayg6pb7y87na2knzylh-gcc-wrapper-11.3.0/bin/gcc -c -g -O2  conftest.c >&5
configure:12246: $? = 0
configure:12246: result: yes
configure:12262: checking for fd_set.fds_bits
configure:12262: /nix/store/dq0xwmsk1g0i2ayg6pb7y87na2knzylh-gcc-wrapper-11.3.0/bin/gcc -c -g -O2  conftest.c >&5
conftest.c: In function 'main':
conftest.c:47:13: error: 'fd_set' has no member named 'fds_bits'; did you mean '__fds_bits'?
   47 | if (ac_aggr.fds_bits)
      |             ^~~~~~~~
      |             __fds_bits
configure:12262: $? = 1
configure: failed program was:
| /* confdefs.h */
| #define PACKAGE_NAME "xorgproto"
| #define PACKAGE_TARNAME "xorgproto"
| #define PACKAGE_VERSION "2023.2"
| #define PACKAGE_STRING "xorgproto 2023.2"
| #define PACKAGE_BUGREPORT "https://gitlab.freedesktop.org/xorg/proto/xorgproto/issues"
| #define PACKAGE_URL ""
| #define PACKAGE "xorgproto"
| #define VERSION "2023.2"
| #define HAVE_STDIO_H 1
| #define HAVE_STDLIB_H 1
| #define HAVE_STRING_H 1
| #define HAVE_INTTYPES_H 1
| #define HAVE_STDINT_H 1
| #define HAVE_STRINGS_H 1
| #define HAVE_SYS_STAT_H 1
| #define HAVE_SYS_TYPES_H 1
| #define HAVE_UNISTD_H 1
| #define STDC_HEADERS 1
| #define PACKAGE_VERSION_MAJOR 2023
| #define PACKAGE_VERSION_MINOR 2
| #define PACKAGE_VERSION_PATCHLEVEL 0
| #define HAVE_SYS_SELECT_H 1
| #define HAVE_SYS_PARAM_H 1
| #define HAVE_SYS_TYPES_H 1
| #define HAVE_SYS_TIME_H 1
| /* end confdefs.h.  */
| 
|                                #ifdef HAVE_SYS_PARAM_H
|                                #include <sys/param.h>
|                                #endif
|                                #ifdef HAVE_SYS_TYPES_H
|                                #include <sys/types.h>
|                                #endif
|                                #ifdef HAVE_SYS_TIME_H
|                                #include <sys/time.h>
|                                #endif
|                                #ifdef HAVE_SYS_SELECT_H
| 			       #include <sys/select.h>
|                                #endif
| 
| 
| int
| main (void)
| {
| static fd_set ac_aggr;
| if (ac_aggr.fds_bits)
| return 0;
|   ;
|   return 0;
| }
configure:12262: /nix/store/dq0xwmsk1g0i2ayg6pb7y87na2knzylh-gcc-wrapper-11.3.0/bin/gcc -c -g -O2  conftest.c >&5
conftest.c: In function 'main':
conftest.c:47:20: error: 'fd_set' has no member named 'fds_bits'; did you mean '__fds_bits'?
   47 | if (sizeof ac_aggr.fds_bits)
      |                    ^~~~~~~~
      |                    __fds_bits
configure:12262: $? = 1
configure: failed program was:
| /* confdefs.h */
| #define PACKAGE_NAME "xorgproto"
| #define PACKAGE_TARNAME "xorgproto"
| #define PACKAGE_VERSION "2023.2"
| #define PACKAGE_STRING "xorgproto 2023.2"
| #define PACKAGE_BUGREPORT "https://gitlab.freedesktop.org/xorg/proto/xorgproto/issues"
| #define PACKAGE_URL ""
| #define PACKAGE "xorgproto"
| #define VERSION "2023.2"
| #define HAVE_STDIO_H 1
| #define HAVE_STDLIB_H 1
| #define HAVE_STRING_H 1
| #define HAVE_INTTYPES_H 1
| #define HAVE_STDINT_H 1
| #define HAVE_STRINGS_H 1
| #define HAVE_SYS_STAT_H 1
| #define HAVE_SYS_TYPES_H 1
| #define HAVE_UNISTD_H 1
| #define STDC_HEADERS 1
| #define PACKAGE_VERSION_MAJOR 2023
| #define PACKAGE_VERSION_MINOR 2
| #define PACKAGE_VERSION_PATCHLEVEL 0
| #define HAVE_SYS_SELECT_H 1
| #define HAVE_SYS_PARAM_H 1
| #define HAVE_SYS_TYPES_H 1
| #define HAVE_SYS_TIME_H 1
| /* end confdefs.h.  */
| 
|                                #ifdef HAVE_SYS_PARAM_H
|                                #include <sys/param.h>
|                                #endif
|                                #ifdef HAVE_SYS_TYPES_H
|                                #include <sys/types.h>
|                                #endif
|                                #ifdef HAVE_SYS_TIME_H
|                                #include <sys/time.h>
|                                #endif
|                                #ifdef HAVE_SYS_SELECT_H
| 			       #include <sys/select.h>
|                                #endif
| 
| 
| int
| main (void)
| {
| static fd_set ac_aggr;
| if (sizeof ac_aggr.fds_bits)
| return 0;
|   ;
|   return 0;
| }
configure:12262: result: no
configure:12288: checking for fd_set.__fds_bits
configure:12288: /nix/store/dq0xwmsk1g0i2ayg6pb7y87na2knzylh-gcc-wrapper-11.3.0/bin/gcc -c -g -O2  conftest.c >&5
configure:12288: $? = 0
configure:12288: result: yes
configure:12460: checking that generated files are newer than configure
configure:12466: result: done
configure:12521: creating ./config.status

## ---------------------- ##
## Running config.status. ##
## ---------------------- ##

This file was extended by xorgproto config.status 2023.2, which was
generated by GNU Autoconf 2.71.  Invocation command line was

  CONFIG_FILES    = 
  CONFIG_HEADERS  = 
  CONFIG_LINKS    = 
  CONFIG_COMMANDS = 
  $ ./config.status --quiet

on e3b8a517d9fa

config.status:896: creating applewmproto.pc
config.status:896: creating bigreqsproto.pc
config.status:896: creating compositeproto.pc
config.status:896: creating damageproto.pc
config.status:896: creating dmxproto.pc
config.status:896: creating dpmsproto.pc
config.status:896: creating dri2proto.pc
config.status:896: creating dri3proto.pc
config.status:896: creating evieproto.pc
config.status:896: creating fixesproto.pc
config.status:896: creating fontcacheproto.pc
config.status:896: creating fontsproto.pc
config.status:896: creating glproto.pc
config.status:896: creating include/X11/Xpoll.h
config.status:896: creating inputproto.pc
config.status:896: creating kbproto.pc
config.status:896: creating lg3dproto.pc
config.status:896: creating Makefile
config.status:896: creating presentproto.pc
config.status:896: creating printproto.pc
config.status:896: creating randrproto.pc
config.status:896: creating recordproto.pc
config.status:896: creating renderproto.pc
config.status:896: creating resourceproto.pc
config.status:896: creating scrnsaverproto.pc
config.status:896: creating specs/Makefile
config.status:896: creating specs/bigreqsproto/Makefile
config.status:896: creating specs/fontsproto/Makefile
config.status:896: creating specs/kbproto/Makefile
config.status:896: creating specs/recordproto/Makefile
config.status:896: creating specs/scrnsaverproto/Makefile
config.status:896: creating specs/xcmiscproto/Makefile
config.status:896: creating specs/xextproto/Makefile
config.status:896: creating specs/xproto/Makefile
config.status:896: creating trapproto.pc
config.status:896: creating videoproto.pc
config.status:896: creating windowswmproto.pc
config.status:896: creating xcalibrateproto.pc
config.status:896: creating xcmiscproto.pc
config.status:896: creating xextproto.pc
config.status:896: creating xf86bigfontproto.pc
config.status:896: creating xf86dgaproto.pc
config.status:896: creating xf86driproto.pc
config.status:896: creating xf86miscproto.pc
config.status:896: creating xf86rushproto.pc
config.status:896: creating xf86vidmodeproto.pc
config.status:896: creating xineramaproto.pc
config.status:896: creating xproto.pc
config.status:896: creating xproxymngproto.pc
config.status:896: creating xwaylandproto.pc
config.status:1068: executing depfiles commands

## ---------------- ##
## Cache variables. ##
## ---------------- ##

ac_cv_build=x86_64-pc-linux-gnu
ac_cv_c_compiler_gnu=yes
ac_cv_c_undeclared_builtin_options='none needed'
ac_cv_env_CC_set=set
ac_cv_env_CC_value=/nix/store/dq0xwmsk1g0i2ayg6pb7y87na2knzylh-gcc-wrapper-11.3.0/bin/gcc
ac_cv_env_CFLAGS_set=
ac_cv_env_CFLAGS_value=
ac_cv_env_CPPFLAGS_set=
ac_cv_env_CPPFLAGS_value=
ac_cv_env_FOP_set=
ac_cv_env_FOP_value=
ac_cv_env_LDFLAGS_set=
ac_cv_env_LDFLAGS_value=
ac_cv_env_LIBS_set=
ac_cv_env_LIBS_value=
ac_cv_env_PKG_CONFIG_LIBDIR_set=
ac_cv_env_PKG_CONFIG_LIBDIR_value=
ac_cv_env_PKG_CONFIG_PATH_set=
ac_cv_env_PKG_CONFIG_PATH_value=
ac_cv_env_PKG_CONFIG_set=
ac_cv_env_PKG_CONFIG_value=
ac_cv_env_PYTHON_set=
ac_cv_env_PYTHON_value=
ac_cv_env_XMLTO_set=
ac_cv_env_XMLTO_value=
ac_cv_env_XSLTPROC_set=
ac_cv_env_XSLTPROC_value=
ac_cv_env_build_alias_set=
ac_cv_env_build_alias_value=
ac_cv_env_host_alias_set=
ac_cv_env_host_alias_value=
ac_cv_env_target_alias_set=
ac_cv_env_target_alias_value=
ac_cv_have_decl___INTEL_COMPILER=no
ac_cv_have_decl___SUNPRO_C=no
ac_cv_have_decl___clang__=no
ac_cv_header_inttypes_h=yes
ac_cv_header_stdint_h=yes
ac_cv_header_stdio_h=yes
ac_cv_header_stdlib_h=yes
ac_cv_header_string_h=yes
ac_cv_header_strings_h=yes
ac_cv_header_sys_param_h=yes
ac_cv_header_sys_select_h=yes
ac_cv_header_sys_stat_h=yes
ac_cv_header_sys_time_h=yes
ac_cv_header_sys_types_h=yes
ac_cv_header_unistd_h=yes
ac_cv_host=x86_64-pc-linux-gnu
ac_cv_member_fd_set___fds_bits=yes
ac_cv_member_fd_set_fds_bits=no
ac_cv_objext=o
ac_cv_path_PYTHON=/nix/store/zdba9frlxj2ba8ca095win3nphsiiqhb-python3-3.10.8/bin/python
ac_cv_path_SED=/nix/store/89zs7rms6x00xfq4dq6m7mjnhkr8a6r4-gnused-4.8/bin/sed
ac_cv_path_ac_pt_PKG_CONFIG=/nix/store/0jz5bmaic7n6sbf8s08bi80jkhkgwj07-pkg-config-0.29.2/bin/pkg-config
ac_cv_path_install='/nix/store/a7gvj343m05j2s32xcnwr35v31ynlypr-coreutils-9.1/bin/install -c'
ac_cv_path_mkdir=/nix/store/a7gvj343m05j2s32xcnwr35v31ynlypr-coreutils-9.1/bin/mkdir
ac_cv_prog_AWK=gawk
ac_cv_prog_ac_ct_CC=/nix/store/dq0xwmsk1g0i2ayg6pb7y87na2knzylh-gcc-wrapper-11.3.0/bin/gcc
ac_cv_prog_cc_c11=
ac_cv_prog_cc_g=yes
ac_cv_prog_cc_stdc=
ac_cv_prog_make_make_set=yes
am_cv_CC_dependencies_compiler_type=none
am_cv_make_support_nested_variables=yes
am_cv_pathless_PYTHON=python
am_cv_prog_cc_c_o=yes
am_cv_python_platform=linux
am_cv_python_pyexecdir='${PYTHON_EXEC_PREFIX}/lib/python3.10/site-packages'
am_cv_python_pythondir='${PYTHON_PREFIX}/lib/python3.10/site-packages'
am_cv_python_version=3.10
xorg_cv_cc_flag__Wall=yes
xorg_cv_cc_flag__Wbad_function_cast=yes
xorg_cv_cc_flag__Wdeclaration_after_statement=yes
xorg_cv_cc_flag__Werror=yes
xorg_cv_cc_flag__Werror_address=yes
xorg_cv_cc_flag__Werror_array_bounds=yes
xorg_cv_cc_flag__Werror_attributes=yes
xorg_cv_cc_flag__Werror_implicit=yes
xorg_cv_cc_flag__Werror_init_self=yes
xorg_cv_cc_flag__Werror_int_to_pointer_cast=yes
xorg_cv_cc_flag__Werror_main=yes
xorg_cv_cc_flag__Werror_missing_braces=yes
xorg_cv_cc_flag__Werror_nonnull=yes
xorg_cv_cc_flag__Werror_pointer_to_int_cast=yes
xorg_cv_cc_flag__Werror_return_type=yes
xorg_cv_cc_flag__Werror_sequence_point=yes
xorg_cv_cc_flag__Werror_trigraphs=yes
xorg_cv_cc_flag__Werror_write_strings=yes
xorg_cv_cc_flag__Wformat_2=yes
xorg_cv_cc_flag__Wlogical_op=yes
xorg_cv_cc_flag__Wmissing_declarations=yes
xorg_cv_cc_flag__Wmissing_format_attribute=yes
xorg_cv_cc_flag__Wmissing_noreturn=yes
xorg_cv_cc_flag__Wmissing_prototypes=yes
xorg_cv_cc_flag__Wnested_externs=yes
xorg_cv_cc_flag__Wold_style_definition=yes
xorg_cv_cc_flag__Wpointer_arith=yes
xorg_cv_cc_flag__Wredundant_decls=yes
xorg_cv_cc_flag__Wshadow=yes
xorg_cv_cc_flag__Wstrict_prototypes=yes
xorg_cv_cc_flag__Wuninitialized=yes
xorg_cv_cc_flag__Wunused=yes
xorg_cv_cc_flag__pedantic=yes
xorg_cv_cc_flag_unknown_warning_option=no
xorg_cv_cc_flag_unused_command_line_argument=no

## ----------------- ##
## Output variables. ##
## ----------------- ##

ACLOCAL='${SHELL} '\''/home/runner/gbtestc/work/xorgproto-2023.2/missing'\'' aclocal-1.16'
ADMIN_MAN_DIR='$(mandir)/man$(ADMIN_MAN_SUFFIX)'
ADMIN_MAN_SUFFIX='8'
AMDEPBACKSLASH='\'
AMDEP_FALSE='#'
AMDEP_TRUE=''
AMTAR='$${TAR-tar}'
AM_BACKSLASH='\'
AM_DEFAULT_V='$(AM_DEFAULT_VERBOSITY)'
AM_DEFAULT_VERBOSITY='0'
AM_V='$(V)'
APP_MAN_DIR='$(mandir)/man$(APP_MAN_SUFFIX)'
APP_MAN_SUFFIX='1'
AUTOCONF='${SHELL} '\''/home/runner/gbtestc/work/xorgproto-2023.2/missing'\'' autoconf'
AUTOHEADER='${SHELL} '\''/home/runner/gbtestc/work/xorgproto-2023.2/missing'\'' autoheader'
AUTOMAKE='${SHELL} '\''/home/runner/gbtestc/work/xorgproto-2023.2/missing'\'' automake-1.16'
AWK='gawk'
BASE_CFLAGS=' -Wall -Wpointer-arith -Wmissing-declarations -Wformat=2 -Wstrict-prototypes -Wmissing-prototypes -Wnested-externs -Wbad-function-cast -Wold-style-definition -Wdeclaration-after-statement -Wunused -Wuninitialized -Wshadow -Wmissing-noreturn -Wmissing-format-attribute -Wredundant-decls -Wlogical-op -Werror=implicit -Werror=nonnull -Werror=init-self -Werror=main -Werror=missing-braces -Werror=sequence-point -Werror=return-type -Werror=trigraphs -Werror=array-bounds -Werror=write-strings -Werror=address -Werror=int-to-pointer-cast -Werror=pointer-to-int-cast'
CC='/nix/store/dq0xwmsk1g0i2ayg6pb7y87na2knzylh-gcc-wrapper-11.3.0/bin/gcc'
CCDEPMODE='depmode=none'
CFLAGS='-g -O2'
CHANGELOG_CMD='((GIT_DIR=$(top_srcdir)/.git git log > $(top_srcdir)/.changelog.tmp) 2>/dev/null && mv $(top_srcdir)/.changelog.tmp $(top_srcdir)/ChangeLog) || (rm -f $(top_srcdir)/.changelog.tmp; test -e $(top_srcdir)/ChangeLog || ( touch $(top_srcdir)/ChangeLog; echo '\''git failed to create ChangeLog: installing empty ChangeLog.'\'' >&2))'
CPPFLAGS=''
CSCOPE='cscope'
CTAGS='ctags'
CWARNFLAGS=' -Wall -Wpointer-arith -Wmissing-declarations -Wformat=2 -Wstrict-prototypes -Wmissing-prototypes -Wnested-externs -Wbad-function-cast -Wold-style-definition -Wdeclaration-after-statement -Wunused -Wuninitialized -Wshadow -Wmissing-noreturn -Wmissing-format-attribute -Wredundant-decls -Wlogical-op -Werror=implicit -Werror=nonnull -Werror=init-self -Werror=main -Werror=missing-braces -Werror=sequence-point -Werror=return-type -Werror=trigraphs -Werror=array-bounds -Werror=write-strings -Werror=address -Werror=int-to-pointer-cast -Werror=pointer-to-int-cast -fno-strict-aliasing'
CYGPATH_W='echo'
DEFS='-DPACKAGE_NAME=\"xorgproto\" -DPACKAGE_TARNAME=\"xorgproto\" -DPACKAGE_VERSION=\"2023.2\" -DPACKAGE_STRING=\"xorgproto\ 2023.2\" -DPACKAGE_BUGREPORT=\"https://gitlab.freedesktop.org/xorg/proto/xorgproto/issues\" -DPACKAGE_URL=\"\" -DPACKAGE=\"xorgproto\" -DVERSION=\"2023.2\" -DHAVE_STDIO_H=1 -DHAVE_STDLIB_H=1 -DHAVE_STRING_H=1 -DHAVE_INTTYPES_H=1 -DHAVE_STDINT_H=1 -DHAVE_STRINGS_H=1 -DHAVE_SYS_STAT_H=1 -DHAVE_SYS_TYPES_H=1 -DHAVE_UNISTD_H=1 -DSTDC_HEADERS=1 -DPACKAGE_VERSION_MAJOR=2023 -DPACKAGE_VERSION_MINOR=2 -DPACKAGE_VERSION_PATCHLEVEL=0 -DHAVE_SYS_SELECT_H=1 -DHAVE_SYS_PARAM_H=1 -DHAVE_SYS_TYPES_H=1 -DHAVE_SYS_TIME_H=1'
DEPDIR='.deps'
DRIVER_MAN_DIR='$(mandir)/man$(DRIVER_MAN_SUFFIX)'
DRIVER_MAN_SUFFIX='4'
ECHO_C=''
ECHO_N='-n'
ECHO_T=''
ENABLE_SPECS_FALSE='#'
ENABLE_SPECS_TRUE=''
ETAGS='etags'
EXEEXT=''
FILE_MAN_DIR='$(mandir)/man$(FILE_MAN_SUFFIX)'
FILE_MAN_SUFFIX='5'
FOP=''
HAVE_FOP_FALSE=''
HAVE_FOP_TRUE='#'
HAVE_PYTHON_FALSE='#'
HAVE_PYTHON_TRUE=''
HAVE_STYLESHEETS_FALSE=''
HAVE_STYLESHEETS_TRUE='#'
HAVE_XMLTO_FALSE=''
HAVE_XMLTO_TEXT_FALSE=''
HAVE_XMLTO_TEXT_TRUE='#'
HAVE_XMLTO_TRUE='#'
HAVE_XSLTPROC_FALSE=''
HAVE_XSLTPROC_TRUE='#'
INSTALL_CMD='(cp -f /INSTALL $(top_srcdir)/.INSTALL.tmp && mv $(top_srcdir)/.INSTALL.tmp $(top_srcdir)/INSTALL) || (rm -f $(top_srcdir)/.INSTALL.tmp; test -e $(top_srcdir)/INSTALL || ( touch $(top_srcdir)/INSTALL; echo '\''failed to copy INSTALL from util-macros: installing empty INSTALL.'\'' >&2))'
INSTALL_DATA='${INSTALL} -m 644'
INSTALL_PROGRAM='${INSTALL}'
INSTALL_SCRIPT='${INSTALL}'
INSTALL_STRIP_PROGRAM='$(install_sh) -c -s'
LDFLAGS=''
LEGACY_FALSE=''
LEGACY_TRUE='#'
LIBOBJS=''
LIBS=''
LIB_MAN_DIR='$(mandir)/man$(LIB_MAN_SUFFIX)'
LIB_MAN_SUFFIX='3'
LTLIBOBJS=''
MAKEINFO='${SHELL} '\''/home/runner/gbtestc/work/xorgproto-2023.2/missing'\'' makeinfo'
MAN_SUBSTS='	-e '\''s|__vendorversion__|"$(PACKAGE_STRING)" "$(XORG_MAN_PAGE)"|'\'' 	-e '\''s|__xorgversion__|"$(PACKAGE_STRING)" "$(XORG_MAN_PAGE)"|'\'' 	-e '\''s|__xservername__|Xorg|g'\'' 	-e '\''s|__xconfigfile__|xorg.conf|g'\'' 	-e '\''s|__projectroot__|$(prefix)|g'\'' 	-e '\''s|__apploaddir__|$(appdefaultdir)|g'\'' 	-e '\''s|__appmansuffix__|$(APP_MAN_SUFFIX)|g'\'' 	-e '\''s|__drivermansuffix__|$(DRIVER_MAN_SUFFIX)|g'\'' 	-e '\''s|__adminmansuffix__|$(ADMIN_MAN_SUFFIX)|g'\'' 	-e '\''s|__libmansuffix__|$(LIB_MAN_SUFFIX)|g'\'' 	-e '\''s|__miscmansuffix__|$(MISC_MAN_SUFFIX)|g'\'' 	-e '\''s|__filemansuffix__|$(FILE_MAN_SUFFIX)|g'\'''
MISC_MAN_DIR='$(mandir)/man$(MISC_MAN_SUFFIX)'
MISC_MAN_SUFFIX='7'
MKDIR_P='/nix/store/a7gvj343m05j2s32xcnwr35v31ynlypr-coreutils-9.1/bin/mkdir -p'
OBJEXT='o'
PACKAGE='xorgproto'
PACKAGE_BUGREPORT='https://gitlab.freedesktop.org/xorg/proto/xorgproto/issues'
PACKAGE_NAME='xorgproto'
PACKAGE_STRING='xorgproto 2023.2'
PACKAGE_TARNAME='xorgproto'
PACKAGE_URL=''
PACKAGE_VERSION='2023.2'
PATH_SEPARATOR=':'
PKG_CONFIG='/nix/store/0jz5bmaic7n6sbf8s08bi80jkhkgwj07-pkg-config-0.29.2/bin/pkg-config'
PKG_CONFIG_LIBDIR=''
PKG_CONFIG_PATH=''
PYTHON='/nix/store/zdba9frlxj2ba8ca095win3nphsiiqhb-python3-3.10.8/bin/python'
PYTHON_EXEC_PREFIX='${exec_prefix}'
PYTHON_PLATFORM='linux'
PYTHON_PREFIX='${prefix}'
PYTHON_VERSION='3.10'
SED='/nix/store/89zs7rms6x00xfq4dq6m7mjnhkr8a6r4-gnused-4.8/bin/sed'
SET_MAKE=''
SHELL='/nix/store/dsd5gz46hdbdk2rfdimqddhq6m8m8fqs-bash-5.1-p16/bin/bash'
STRICT_CFLAGS=' -pedantic -Werror -Werror=attributes'
STRIP='strip'
STYLESHEET_SRCDIR=''
USE_FDS_BITS='__fds_bits'
VERSION='2023.2'
XMLTO=''
XORG_MAN_PAGE='X Version 11'
XORG_SGML_PATH=''
XSLTPROC=''
XSL_STYLESHEET=''
ac_ct_CC='/nix/store/dq0xwmsk1g0i2ayg6pb7y87na2knzylh-gcc-wrapper-11.3.0/bin/gcc'
am__EXEEXT_FALSE=''
am__EXEEXT_TRUE='#'
am__fastdepCC_FALSE=''
am__fastdepCC_TRUE='#'
am__include='include'
am__isrc=''
am__leading_dot='.'
am__nodep='_no'
am__quote=''
am__tar='$${TAR-tar} chof - "$$tardir"'
am__untar='$${TAR-tar} xf -'
bindir='${exec_prefix}/bin'
build='x86_64-pc-linux-gnu'
build_alias=''
build_cpu='x86_64'
build_os='linux-gnu'
build_vendor='pc'
datadir='${datarootdir}'
datarootdir='${prefix}/share'
docdir='${datarootdir}/doc/${PACKAGE_TARNAME}'
dvidir='${docdir}'
exec_prefix='${prefix}'
host='x86_64-pc-linux-gnu'
host_alias=''
host_cpu='x86_64'
host_os='linux-gnu'
host_vendor='pc'
htmldir='${docdir}'
includedir='${prefix}/include'
infodir='${datarootdir}/info'
install_sh='${SHELL} /home/runner/gbtestc/work/xorgproto-2023.2/install-sh'
libdir='${exec_prefix}/lib'
libexecdir='${exec_prefix}/libexec'
localedir='${datarootdir}/locale'
localstatedir='${prefix}/var'
mandir='${datarootdir}/man'
mkdir_p='$(MKDIR_P)'
oldincludedir='/usr/include'
pdfdir='${docdir}'
pkgpyexecdir='${pyexecdir}/xorgproto'
pkgpythondir='${pythondir}/xorgproto'
prefix='/home/runner/.local'
program_transform_name='s,x,x,'
psdir='${docdir}'
pyexecdir='${PYTHON_EXEC_PREFIX}/lib/python3.10/site-packages'
pythondir='${PYTHON_PREFIX}/lib/python3.10/site-packages'
runstatedir='${localstatedir}/run'
sbindir='${exec_prefix}/sbin'
sharedstatedir='${prefix}/com'
sysconfdir='${prefix}/etc'
target_alias=''

## ----------- ##
## confdefs.h. ##
## ----------- ##

/* confdefs.h */
#define PACKAGE_NAME "xorgproto"
#define PACKAGE_TARNAME "xorgproto"
#define PACKAGE_VERSION "2023.2"
#define PACKAGE_STRING "xorgproto 2023.2"
#define PACKAGE_BUGREPORT "https://gitlab.freedesktop.org/xorg/proto/xorgproto/issues"
#define PACKAGE_URL ""
#define PACKAGE "xorgproto"
#define VERSION "2023.2"
#define HAVE_STDIO_H 1
#define HAVE_STDLIB_H 1
#define HAVE_STRING_H 1
#define HAVE_INTTYPES_H 1
#define HAVE_STDINT_H 1
#define HAVE_STRINGS_H 1
#define HAVE_SYS_STAT_H 1
#define HAVE_SYS_TYPES_H 1
#define HAVE_UNISTD_H 1
#define STDC_HEADERS 1
#define PACKAGE_VERSION_MAJOR 2023
#define PACKAGE_VERSION_MINOR 2
#define PACKAGE_VERSION_PATCHLEVEL 0
#define HAVE_SYS_SELECT_H 1
#define HAVE_SYS_PARAM_H 1
#define HAVE_SYS_TYPES_H 1
#define HAVE_SYS_TIME_H 1

configure: exit 0
