This file contains any messages produced by compilers while
running configure, to aid debugging if configure makes a mistake.

It was created by xtrans configure 1.5.0, which was
generated by GNU Autoconf 2.71.  Invocation command line was

  $ ./configure --prefix=/home/runner/.local --quiet

## --------- ##
## Platform. ##
## --------- ##

hostname = e3b8a517d9fa
uname -m = x86_64
uname -r = 6.5.0-1014-gcp
uname -s = Linux
uname -v = #14~22.04.1-Ubuntu SMP Sat Feb 10 04:57:00 UTC 2024

/usr/bin/uname -p = x86_64
/bin/uname -X     = unknown

/bin/arch              = x86_64
/usr/bin/arch -k       = unknown
/usr/convex/getsysinfo = unknown
/usr/bin/hostinfo      = unknown
/bin/machine           = unknown
/usr/bin/oslevel       = unknown
/bin/universe          = unknown

PATH: /nix/store/bap4d0lpcrhpwmpb8ayjcgkmvfj62lnq-bash-interactive-5.1-p16/bin/
PATH: /nix/store/pr5n59mb4jzmfx6kanwxly0l07p861fg-patchelf-0.15.0/bin/
PATH: /nix/store/dq0xwmsk1g0i2ayg6pb7y87na2knzylh-gcc-wrapper-11.3.0/bin/
PATH: /nix/store/1gf2flfqnpqbr1b4p4qz2f72y42bs56r-gcc-11.3.0/bin/
PATH: /nix/store/57xv61c5zi8pphjbcwxxjlgc34p61ic9-glibc-2.35-163-bin/bin/
PATH: /nix/store/a7gvj343m05j2s32xcnwr35v31ynlypr-coreutils-9.1/bin/
PATH: /nix/store/1d6ian3r8kdzspw8hacjhl3xkp40g1lj-binutils-wrapper-2.39/bin/
PATH: /nix/store/039g378vc3pc3dvi9dzdlrd0i4q93qwf-binutils-2.39/bin/
PATH: /nix/store/zdba9frlxj2ba8ca095win3nphsiiqhb-python3-3.10.8/bin/
PATH: /nix/store/kblplvpffcfn0zprj80vh41xchjx4jag-wget-1.21.3/bin/
PATH: /nix/store/0jz5bmaic7n6sbf8s08bi80jkhkgwj07-pkg-config-0.29.2/bin/
PATH: /nix/store/1a17m1274igh0clzhby36lgx8078lvqx-xterm-375/bin/
PATH: /nix/store/l5ab1dv2j3mmlxcw88fcj7zgg078cib3-neofetch-unstable-2021-12-10/bin/
PATH: /nix/store/rxb9zl1mdx9f2n3z0nyv9zhngj3f2pw0-cmake-3.24.3/bin/
PATH: /nix/store/ghvw9lxj8wy3qjip2jv6qsqwvqh6r86j-gdb-12.1/bin/
PATH: /nix/store/wxr8ks20v5dnq7v8dikdd2gjnlmpgrxm-xauth-1.1/bin/
PATH: /nix/store/l3m7axrj699nx4j024sb0dw0215alsd1-alsa-lib-1.2.7.2/bin/
PATH: /nix/store/18y8p4mjwjy26npih04hfv48wz9czgk3-attr-2.5.1-bin/bin/
PATH: /nix/store/q8s1kzhsblr2a1p2g0lh2dkcgca1im3z-libcap-2.66/bin/
PATH: /nix/store/bvihhgw8bh6cqqlj0d4s8cvmm4mqmzfc-pulseaudio-16.1/bin/
PATH: /nix/store/mydc6f4k2z73xlcz7ilif3v2lcaiqvza-findutils-4.9.0/bin/
PATH: /nix/store/j9p3g8472iijd50vhdprx0nmk2fqn5gv-diffutils-3.8/bin/
PATH: /nix/store/89zs7rms6x00xfq4dq6m7mjnhkr8a6r4-gnused-4.8/bin/
PATH: /nix/store/86bp03jkmsl6f92w0yzg4s59g5mhxwmy-gnugrep-3.7/bin/
PATH: /nix/store/hwcdqw4jrjnd37wxqgsd47hd0j8bnj09-gawk-5.1.1/bin/
PATH: /nix/store/cfbhw8r8ags41vwqaz47r583d0p4h4a1-gnutar-1.34/bin/
PATH: /nix/store/p3m1ndl1lapwrlh698bnb5lvvxh67378-gzip-1.12/bin/
PATH: /nix/store/a8mhcagrsly7c7mpjrpsnaahk4aax056-bzip2-1.0.8-bin/bin/
PATH: /nix/store/mblgz65m3zv9x548a3d5m96fj2pbwr09-gnumake-4.3/bin/
PATH: /nix/store/dsd5gz46hdbdk2rfdimqddhq6m8m8fqs-bash-5.1-p16/bin/
PATH: /nix/store/v7ljksji50mg3w61dykaa3n3y79n6nil-patch-2.7.6/bin/
PATH: /nix/store/zlcnmqq14jz5x9439jf937mvayyl63da-xz-5.2.7-bin/bin/
PATH: /nix/store/y6aj732zm9m87c82fpvf103a1xb22blp-file-5.43/bin/
PATH: /nix/store/yq0vlv3d2f5si3ibawpq5ay2pc6knixp-nix-2.18.0pre20230808_c0e6466/bin/
PATH: /nix/store/i4kzir3m7mrisxmf5xvlnkw01x4qaqr4-prybar-elisp-0.0.0-e0d9a52/bin/
PATH: /nix/store/lwwivxf6h7x3cvxp9zv8sj0mv7dak99r-prybar-lua-0.0.0-e0d9a52/bin/
PATH: /nix/store/gxj28g1cg4hq3qanmjv07156h800qr58-prybar-python3-0.0.0-e0d9a52/bin/
PATH: /nix/store/hshkjnxrgidigf8x75vg6lqng2xlx9i3-prybar-sqlite-0.0.0-e0d9a52/bin/
PATH: /nix/store/c4w01bpjgyy5ixmwdk8m1pw87zq4sl26-prybar-tcl-0.0.0-e0d9a52/bin/
PATH: /nix/store/hpbvrlwd5viqmvcaisb3x0118i913a9n-stderred-0.1.0/bin/
PATH: /nix/store/c98w73rq49rr8f0lldlf8finwmq0s17x-upm-0.0.0-c1533a6/bin/
PATH: /nix/store/6305c4pd8wyhbayzl21yxw0znbzfhg4x-pid1/bin/
PATH: /nix/store/ic6qnrphr39fbwjcxkgjp8xlczn15hq1-less-643/bin/
PATH: /nix/store/whwwhd6ns271bj0ff86ap37i9r9kzi9c-git-2.42.0/bin/
PATH: /nix/store/r1diwi9xkwqrbkv0mrckh19ppp06r9i4-silver-searcher-2.2.0/bin/
PATH: /nix/store/ixqgy5s0zr9mricqrv5f4sv6dfky7iz9-bash/bin/
PATH: /nix/store/vwkvhj69z4qqgmpa2lwm97kabf12p26r-coreutils-9.3/bin/
PATH: /nix/store/ndx64mdps5p74illylpzq25pi4kbr05x-vscode-cpptools-dap-1.3.1/bin/
PATH: /nix/store/6lppqybghirwljfwcwbr0z7rzdqncn3j-replit-python-dap-wrapper-1.0.0/bin/
PATH: /nix/store/36pkp8h1i81xmdc892awly75l8gifmgl-node-dap/bin/
PATH: /nix/store/k4ww8n0mqbx5ff0aj90jnqi0swr8akla-pydeppaths-1.0.0/bin/
PATH: /nix/store/90hs7aipck6vz90xpdyb6vjjzlr7ci64-fluxbox/bin/
PATH: /nix/store/qpnf0dafrfsbcwb4z7cphjm0dff0vl7l-prybar-nodejs-0.0.0-e0d9a52/bin/
PATH: /nix/store/p109137pdyy3l8xjzd2zwknhc2l4yj5a-pulseaudio-16.1/bin/
PATH: /nix/store/146hw02zpnhkn5cabjf3pmdl32clz0jn-rfbproxy-0.0.0-9c8ca29/bin/
PATH: /nix/store/g5vyafx7amin9rv99npzz54bgp437kgd-toml-editor-0.0.0-d7dc78d/bin/
PATH: /nix/store/mi0by7pw54j7nn8a9pp8z03rghfhb2ba-nix-editor-0.0.0-fb83e47/bin/
PATH: /nix/store/xxwdh0kcj077br5vy2kpi6bznwlq6axi-tigervnc-1.13.1/bin/
PATH: /nix/store/kxxmdnyk9zhn52v8yhjksiq2cx90vyd2-xwininfo-1.1.6/bin/
PATH: /nix/store/pv89r9i1d8ajin2vp7qfs63nakg7s17k-replbox/bin/
PATH: /nix/store/0g1lq3vff290wainxdlbz9a18m28pr4r-curl-8.4.0-bin/bin/
PATH: /nix/store/f5qy259g9b4qh0hwz22z5j5bq3m53cpv-gnutar-1.35/bin/
PATH: /nix/store/3nbvki8kpyni8nq8q6dbzhrmrpgcbvyz-libglvnd-1.6.0/bin/
PATH: /nix/store/x8gff7zw0xn2kzj0xi36kwkwh5irl9mw-ripgrep-13.0.0/bin/
PATH: /nix/store/xnrc27zfxhpwbd8gcmfyh36r4wa5l72j-sd-0.7.6/bin/
PATH: /nix/store/412vmy2s2w63653mfnk3p6w8m1mbvcwq-apt-get/bin/
PATH: /nix/store/s50yw8wrq90ajh6q2yg8by4jk0c48ig4-apt/bin/
PATH: /nix/store/jj38yn79vfwpsasrvg63kz3q3znni1i8-sudo/bin/
PATH: /nix/store/252w9k71955a6g4ym4646x35ixwhxbmw-replit-git-askpass/bin/
PATH: /nix/store/wz8sm86f9vp5y10r62j4afxqr8dd28fl-replit-git-editor/bin/
PATH: /nix/store/n0ldnqg7x2alq0smwb3sw08n9m5rav1i-xdg-open/bin/
PATH: /nix/store/w8jl7avpp9sw6jaskrhwb9qcal3axgrk-moduleit/bin/
PATH: /nix/store/sgfpq33a3wccawxlw03frwvrjfhmwrfl-hostingpid1-1.0.8/bin/
PATH: /nix/store/zlzz2z48s7ry0hkl55xiqp5a73b4mzrg-gcc-wrapper-12.3.0/bin/
PATH: /nix/store/rzqd859mqsxq4w32lzgbmwlv68sxwwmw-gnumake-4.4.1/bin/
PATH: /nix/store/329fjnc15vmxw50wgxlc1vrpmzbymwdp-rippkgs-0.1.0/bin/
PATH: /nix/store/xp87fgwla0d84za1m3mviq9hi6ik3gq9-rippkgs-index-0.1.0/bin/
PATH: /nix/store/nca9ffbfh83d1r2cqg26ljmgj447ilri-man-db-2.11.2/bin/
PATH: /nix/store/83qm9rii0sd5251bjv8344bz9gg423a9-direnv-2.32.3/bin/
PATH: /home/runner/.nix-profile/bin/
PATH: /home/runner/.local/bin/
PATH: /usr/local/sbin/
PATH: /usr/local/bin/
PATH: /usr/sbin/
PATH: /usr/bin/
PATH: /sbin/
PATH: /bin/


## ----------- ##
## Core tests. ##
## ----------- ##

configure:2486: looking for aux files: config.guess config.sub compile missing install-sh
configure:2499:  trying ./
configure:2528:   ./config.guess found
configure:2528:   ./config.sub found
configure:2528:   ./compile found
configure:2528:   ./missing found
configure:2510:   ./install-sh found
configure:2660: checking for a BSD-compatible install
configure:2733: result: /nix/store/a7gvj343m05j2s32xcnwr35v31ynlypr-coreutils-9.1/bin/install -c
configure:2744: checking whether build environment is sane
configure:2799: result: yes
configure:2958: checking for a race-free mkdir -p
configure:3002: result: /nix/store/a7gvj343m05j2s32xcnwr35v31ynlypr-coreutils-9.1/bin/mkdir -p
configure:3009: checking for gawk
configure:3030: found /nix/store/hwcdqw4jrjnd37wxqgsd47hd0j8bnj09-gawk-5.1.1/bin/gawk
configure:3041: result: gawk
configure:3052: checking whether make sets $(MAKE)
configure:3075: result: yes
configure:3105: checking whether make supports nested variables
configure:3123: result: yes
configure:3285: checking whether make supports the include directive
configure:3300: make -f confmf.GNU && cat confinc.out
this is the am__doit target
configure:3303: $? = 0
configure:3322: result: yes (GNU style)
configure:3398: checking for gcc
configure:3430: result: /nix/store/dq0xwmsk1g0i2ayg6pb7y87na2knzylh-gcc-wrapper-11.3.0/bin/gcc
configure:3783: checking for C compiler version
configure:3792: /nix/store/dq0xwmsk1g0i2ayg6pb7y87na2knzylh-gcc-wrapper-11.3.0/bin/gcc --version >&5
gcc (GCC) 11.3.0
Copyright (C) 2021 Free Software Foundation, Inc.
This is free software; see the source for copying conditions.  There is NO
warranty; not even for MERCHANTABILITY or FITNESS FOR A PARTICULAR PURPOSE.

configure:3803: $? = 0
configure:3792: /nix/store/dq0xwmsk1g0i2ayg6pb7y87na2knzylh-gcc-wrapper-11.3.0/bin/gcc -v >&5
Using built-in specs.
COLLECT_GCC=/nix/store/1gf2flfqnpqbr1b4p4qz2f72y42bs56r-gcc-11.3.0/bin/gcc
COLLECT_LTO_WRAPPER=/nix/store/1gf2flfqnpqbr1b4p4qz2f72y42bs56r-gcc-11.3.0/libexec/gcc/x86_64-unknown-linux-gnu/11.3.0/lto-wrapper
Target: x86_64-unknown-linux-gnu
Configured with: 
Thread model: posix
Supported LTO compression algorithms: zlib
gcc version 11.3.0 (GCC) 
configure:3803: $? = 0
configure:3792: /nix/store/dq0xwmsk1g0i2ayg6pb7y87na2knzylh-gcc-wrapper-11.3.0/bin/gcc -V >&5
gcc: error: unrecognized command-line option '-V'
gcc: fatal error: no input files
compilation terminated.
configure:3803: $? = 1
configure:3792: /nix/store/dq0xwmsk1g0i2ayg6pb7y87na2knzylh-gcc-wrapper-11.3.0/bin/gcc -qversion >&5
gcc: error: unrecognized command-line option '-qversion'; did you mean '--version'?
gcc: fatal error: no input files
compilation terminated.
configure:3803: $? = 1
configure:3792: /nix/store/dq0xwmsk1g0i2ayg6pb7y87na2knzylh-gcc-wrapper-11.3.0/bin/gcc -version >&5
gcc: error: unrecognized command-line option '-version'
gcc: fatal error: no input files
compilation terminated.
configure:3803: $? = 1
configure:3823: checking whether the C compiler works
configure:3845: /nix/store/dq0xwmsk1g0i2ayg6pb7y87na2knzylh-gcc-wrapper-11.3.0/bin/gcc    conftest.c  >&5
configure:3849: $? = 0
configure:3899: result: yes
configure:3902: checking for C compiler default output file name
configure:3904: result: a.out
configure:3910: checking for suffix of executables
configure:3917: /nix/store/dq0xwmsk1g0i2ayg6pb7y87na2knzylh-gcc-wrapper-11.3.0/bin/gcc -o conftest    conftest.c  >&5
configure:3921: $? = 0
configure:3944: result: 
configure:3966: checking whether we are cross compiling
configure:3974: /nix/store/dq0xwmsk1g0i2ayg6pb7y87na2knzylh-gcc-wrapper-11.3.0/bin/gcc -o conftest    conftest.c  >&5
configure:3978: $? = 0
configure:3985: ./conftest
configure:3989: $? = 0
configure:4004: result: no
configure:4009: checking for suffix of object files
configure:4032: /nix/store/dq0xwmsk1g0i2ayg6pb7y87na2knzylh-gcc-wrapper-11.3.0/bin/gcc -c   conftest.c >&5
configure:4036: $? = 0
configure:4058: result: o
configure:4062: checking whether the compiler supports GNU C
configure:4082: /nix/store/dq0xwmsk1g0i2ayg6pb7y87na2knzylh-gcc-wrapper-11.3.0/bin/gcc -c   conftest.c >&5
configure:4082: $? = 0
configure:4092: result: yes
configure:4103: checking whether /nix/store/dq0xwmsk1g0i2ayg6pb7y87na2knzylh-gcc-wrapper-11.3.0/bin/gcc accepts -g
configure:4124: /nix/store/dq0xwmsk1g0i2ayg6pb7y87na2knzylh-gcc-wrapper-11.3.0/bin/gcc -c -g  conftest.c >&5
configure:4124: $? = 0
configure:4168: result: yes
configure:4188: checking for /nix/store/dq0xwmsk1g0i2ayg6pb7y87na2knzylh-gcc-wrapper-11.3.0/bin/gcc option to enable C11 features
configure:4203: /nix/store/dq0xwmsk1g0i2ayg6pb7y87na2knzylh-gcc-wrapper-11.3.0/bin/gcc  -c -g -O2  conftest.c >&5
configure:4203: $? = 0
configure:4221: result: none needed
configure:4337: checking whether /nix/store/dq0xwmsk1g0i2ayg6pb7y87na2knzylh-gcc-wrapper-11.3.0/bin/gcc understands -c and -o together
configure:4360: /nix/store/dq0xwmsk1g0i2ayg6pb7y87na2knzylh-gcc-wrapper-11.3.0/bin/gcc -c conftest.c -o conftest2.o
configure:4363: $? = 0
configure:4360: /nix/store/dq0xwmsk1g0i2ayg6pb7y87na2knzylh-gcc-wrapper-11.3.0/bin/gcc -c conftest.c -o conftest2.o
configure:4363: $? = 0
configure:4375: result: yes
configure:4394: checking dependency style of /nix/store/dq0xwmsk1g0i2ayg6pb7y87na2knzylh-gcc-wrapper-11.3.0/bin/gcc
configure:4506: result: none
configure:4522: checking for /nix/store/dq0xwmsk1g0i2ayg6pb7y87na2knzylh-gcc-wrapper-11.3.0/bin/gcc options needed to detect all undeclared functions
configure:4544: /nix/store/dq0xwmsk1g0i2ayg6pb7y87na2knzylh-gcc-wrapper-11.3.0/bin/gcc -c -g -O2   conftest.c >&5
conftest.c: In function 'main':
conftest.c:15:8: error: 'strchr' undeclared (first use in this function)
   15 | (void) strchr;
      |        ^~~~~~
conftest.c:1:1: note: 'strchr' is defined in header '<string.h>'; did you forget to '#include <string.h>'?
    1 | /* confdefs.h */
conftest.c:15:8: note: each undeclared identifier is reported only once for each function it appears in
   15 | (void) strchr;
      |        ^~~~~~
configure:4544: $? = 1
configure: failed program was:
| /* confdefs.h */
| #define PACKAGE_NAME "xtrans"
| #define PACKAGE_TARNAME "xtrans"
| #define PACKAGE_VERSION "1.5.0"
| #define PACKAGE_STRING "xtrans 1.5.0"
| #define PACKAGE_BUGREPORT "https://gitlab.freedesktop.org/xorg/lib/libxtrans/issues"
| #define PACKAGE_URL ""
| #define PACKAGE "xtrans"
| #define VERSION "1.5.0"
| /* end confdefs.h.  */
| 
| int
| main (void)
| {
| (void) strchr;
|   ;
|   return 0;
| }
configure:4571: /nix/store/dq0xwmsk1g0i2ayg6pb7y87na2knzylh-gcc-wrapper-11.3.0/bin/gcc -c -g -O2   conftest.c >&5
configure:4571: $? = 0
configure:4588: result: none needed
configure:4606: checking for stdio.h
configure:4606: /nix/store/dq0xwmsk1g0i2ayg6pb7y87na2knzylh-gcc-wrapper-11.3.0/bin/gcc -c -g -O2  conftest.c >&5
configure:4606: $? = 0
configure:4606: result: yes
configure:4606: checking for stdlib.h
configure:4606: /nix/store/dq0xwmsk1g0i2ayg6pb7y87na2knzylh-gcc-wrapper-11.3.0/bin/gcc -c -g -O2  conftest.c >&5
configure:4606: $? = 0
configure:4606: result: yes
configure:4606: checking for string.h
configure:4606: /nix/store/dq0xwmsk1g0i2ayg6pb7y87na2knzylh-gcc-wrapper-11.3.0/bin/gcc -c -g -O2  conftest.c >&5
configure:4606: $? = 0
configure:4606: result: yes
configure:4606: checking for inttypes.h
configure:4606: /nix/store/dq0xwmsk1g0i2ayg6pb7y87na2knzylh-gcc-wrapper-11.3.0/bin/gcc -c -g -O2  conftest.c >&5
configure:4606: $? = 0
configure:4606: result: yes
configure:4606: checking for stdint.h
configure:4606: /nix/store/dq0xwmsk1g0i2ayg6pb7y87na2knzylh-gcc-wrapper-11.3.0/bin/gcc -c -g -O2  conftest.c >&5
configure:4606: $? = 0
configure:4606: result: yes
configure:4606: checking for strings.h
configure:4606: /nix/store/dq0xwmsk1g0i2ayg6pb7y87na2knzylh-gcc-wrapper-11.3.0/bin/gcc -c -g -O2  conftest.c >&5
configure:4606: $? = 0
configure:4606: result: yes
configure:4606: checking for sys/stat.h
configure:4606: /nix/store/dq0xwmsk1g0i2ayg6pb7y87na2knzylh-gcc-wrapper-11.3.0/bin/gcc -c -g -O2  conftest.c >&5
configure:4606: $? = 0
configure:4606: result: yes
configure:4606: checking for sys/types.h
configure:4606: /nix/store/dq0xwmsk1g0i2ayg6pb7y87na2knzylh-gcc-wrapper-11.3.0/bin/gcc -c -g -O2  conftest.c >&5
configure:4606: $? = 0
configure:4606: result: yes
configure:4606: checking for unistd.h
configure:4606: /nix/store/dq0xwmsk1g0i2ayg6pb7y87na2knzylh-gcc-wrapper-11.3.0/bin/gcc -c -g -O2  conftest.c >&5
configure:4606: $? = 0
configure:4606: result: yes
configure:4635: checking whether __clang__ is declared
configure:4635: /nix/store/dq0xwmsk1g0i2ayg6pb7y87na2knzylh-gcc-wrapper-11.3.0/bin/gcc -c -g -O2   conftest.c >&5
conftest.c: In function 'main':
conftest.c:56:10: error: '__clang__' undeclared (first use in this function)
   56 |   (void) __clang__;
      |          ^~~~~~~~~
conftest.c:56:10: note: each undeclared identifier is reported only once for each function it appears in
configure:4635: $? = 1
configure: failed program was:
| /* confdefs.h */
| #define PACKAGE_NAME "xtrans"
| #define PACKAGE_TARNAME "xtrans"
| #define PACKAGE_VERSION "1.5.0"
| #define PACKAGE_STRING "xtrans 1.5.0"
| #define PACKAGE_BUGREPORT "https://gitlab.freedesktop.org/xorg/lib/libxtrans/issues"
| #define PACKAGE_URL ""
| #define PACKAGE "xtrans"
| #define VERSION "1.5.0"
| #define HAVE_STDIO_H 1
| #define HAVE_STDLIB_H 1
| #define HAVE_STRING_H 1
| #define HAVE_INTTYPES_H 1
| #define HAVE_STDINT_H 1
| #define HAVE_STRINGS_H 1
| #define HAVE_SYS_STAT_H 1
| #define HAVE_SYS_TYPES_H 1
| #define HAVE_UNISTD_H 1
| #define STDC_HEADERS 1
| /* end confdefs.h.  */
| #include <stddef.h>
| #ifdef HAVE_STDIO_H
| # include <stdio.h>
| #endif
| #ifdef HAVE_STDLIB_H
| # include <stdlib.h>
| #endif
| #ifdef HAVE_STRING_H
| # include <string.h>
| #endif
| #ifdef HAVE_INTTYPES_H
| # include <inttypes.h>
| #endif
| #ifdef HAVE_STDINT_H
| # include <stdint.h>
| #endif
| #ifdef HAVE_STRINGS_H
| # include <strings.h>
| #endif
| #ifdef HAVE_SYS_TYPES_H
| # include <sys/types.h>
| #endif
| #ifdef HAVE_SYS_STAT_H
| # include <sys/stat.h>
| #endif
| #ifdef HAVE_UNISTD_H
| # include <unistd.h>
| #endif
| int
| main (void)
| {
| #ifndef __clang__
| #ifdef __cplusplus
|   (void) __clang__;
| #else
|   (void) __clang__;
| #endif
| #endif
| 
|   ;
|   return 0;
| }
configure:4635: result: no
configure:4642: checking whether __INTEL_COMPILER is declared
configure:4642: /nix/store/dq0xwmsk1g0i2ayg6pb7y87na2knzylh-gcc-wrapper-11.3.0/bin/gcc -c -g -O2   conftest.c >&5
conftest.c: In function 'main':
conftest.c:56:10: error: '__INTEL_COMPILER' undeclared (first use in this function)
   56 |   (void) __INTEL_COMPILER;
      |          ^~~~~~~~~~~~~~~~
conftest.c:56:10: note: each undeclared identifier is reported only once for each function it appears in
configure:4642: $? = 1
configure: failed program was:
| /* confdefs.h */
| #define PACKAGE_NAME "xtrans"
| #define PACKAGE_TARNAME "xtrans"
| #define PACKAGE_VERSION "1.5.0"
| #define PACKAGE_STRING "xtrans 1.5.0"
| #define PACKAGE_BUGREPORT "https://gitlab.freedesktop.org/xorg/lib/libxtrans/issues"
| #define PACKAGE_URL ""
| #define PACKAGE "xtrans"
| #define VERSION "1.5.0"
| #define HAVE_STDIO_H 1
| #define HAVE_STDLIB_H 1
| #define HAVE_STRING_H 1
| #define HAVE_INTTYPES_H 1
| #define HAVE_STDINT_H 1
| #define HAVE_STRINGS_H 1
| #define HAVE_SYS_STAT_H 1
| #define HAVE_SYS_TYPES_H 1
| #define HAVE_UNISTD_H 1
| #define STDC_HEADERS 1
| /* end confdefs.h.  */
| #include <stddef.h>
| #ifdef HAVE_STDIO_H
| # include <stdio.h>
| #endif
| #ifdef HAVE_STDLIB_H
| # include <stdlib.h>
| #endif
| #ifdef HAVE_STRING_H
| # include <string.h>
| #endif
| #ifdef HAVE_INTTYPES_H
| # include <inttypes.h>
| #endif
| #ifdef HAVE_STDINT_H
| # include <stdint.h>
| #endif
| #ifdef HAVE_STRINGS_H
| # include <strings.h>
| #endif
| #ifdef HAVE_SYS_TYPES_H
| # include <sys/types.h>
| #endif
| #ifdef HAVE_SYS_STAT_H
| # include <sys/stat.h>
| #endif
| #ifdef HAVE_UNISTD_H
| # include <unistd.h>
| #endif
| int
| main (void)
| {
| #ifndef __INTEL_COMPILER
| #ifdef __cplusplus
|   (void) __INTEL_COMPILER;
| #else
|   (void) __INTEL_COMPILER;
| #endif
| #endif
| 
|   ;
|   return 0;
| }
configure:4642: result: no
configure:4649: checking whether __SUNPRO_C is declared
configure:4649: /nix/store/dq0xwmsk1g0i2ayg6pb7y87na2knzylh-gcc-wrapper-11.3.0/bin/gcc -c -g -O2   conftest.c >&5
conftest.c: In function 'main':
conftest.c:56:10: error: '__SUNPRO_C' undeclared (first use in this function)
   56 |   (void) __SUNPRO_C;
      |          ^~~~~~~~~~
conftest.c:56:10: note: each undeclared identifier is reported only once for each function it appears in
configure:4649: $? = 1
configure: failed program was:
| /* confdefs.h */
| #define PACKAGE_NAME "xtrans"
| #define PACKAGE_TARNAME "xtrans"
| #define PACKAGE_VERSION "1.5.0"
| #define PACKAGE_STRING "xtrans 1.5.0"
| #define PACKAGE_BUGREPORT "https://gitlab.freedesktop.org/xorg/lib/libxtrans/issues"
| #define PACKAGE_URL ""
| #define PACKAGE "xtrans"
| #define VERSION "1.5.0"
| #define HAVE_STDIO_H 1
| #define HAVE_STDLIB_H 1
| #define HAVE_STRING_H 1
| #define HAVE_INTTYPES_H 1
| #define HAVE_STDINT_H 1
| #define HAVE_STRINGS_H 1
| #define HAVE_SYS_STAT_H 1
| #define HAVE_SYS_TYPES_H 1
| #define HAVE_UNISTD_H 1
| #define STDC_HEADERS 1
| /* end confdefs.h.  */
| #include <stddef.h>
| #ifdef HAVE_STDIO_H
| # include <stdio.h>
| #endif
| #ifdef HAVE_STDLIB_H
| # include <stdlib.h>
| #endif
| #ifdef HAVE_STRING_H
| # include <string.h>
| #endif
| #ifdef HAVE_INTTYPES_H
| # include <inttypes.h>
| #endif
| #ifdef HAVE_STDINT_H
| # include <stdint.h>
| #endif
| #ifdef HAVE_STRINGS_H
| # include <strings.h>
| #endif
| #ifdef HAVE_SYS_TYPES_H
| # include <sys/types.h>
| #endif
| #ifdef HAVE_SYS_STAT_H
| # include <sys/stat.h>
| #endif
| #ifdef HAVE_UNISTD_H
| # include <unistd.h>
| #endif
| int
| main (void)
| {
| #ifndef __SUNPRO_C
| #ifdef __cplusplus
|   (void) __SUNPRO_C;
| #else
|   (void) __SUNPRO_C;
| #endif
| #endif
| 
|   ;
|   return 0;
| }
configure:4649: result: no
configure:4716: checking for pkg-config
configure:4739: found /nix/store/0jz5bmaic7n6sbf8s08bi80jkhkgwj07-pkg-config-0.29.2/bin/pkg-config
configure:4751: result: /nix/store/0jz5bmaic7n6sbf8s08bi80jkhkgwj07-pkg-config-0.29.2/bin/pkg-config
configure:4776: checking pkg-config is at least version 0.9.0
configure:4779: result: yes
configure:4793: checking build system type
configure:4808: result: x86_64-pc-linux-gnu
configure:4828: checking host system type
configure:4842: result: x86_64-pc-linux-gnu
configure:4862: checking for a sed that does not truncate output
configure:4932: result: /nix/store/89zs7rms6x00xfq4dq6m7mjnhkr8a6r4-gnused-4.8/bin/sed
configure:4979: checking if /nix/store/dq0xwmsk1g0i2ayg6pb7y87na2knzylh-gcc-wrapper-11.3.0/bin/gcc supports -Werror=unknown-warning-option
configure:4989: /nix/store/dq0xwmsk1g0i2ayg6pb7y87na2knzylh-gcc-wrapper-11.3.0/bin/gcc -c -g -O2 -Werror=unknown-warning-option  conftest.c >&5
cc1: error: '-Werror=unknown-warning-option': no option '-Wunknown-warning-option'
configure:4989: $? = 1
configure: failed program was:
| /* confdefs.h */
| #define PACKAGE_NAME "xtrans"
| #define PACKAGE_TARNAME "xtrans"
| #define PACKAGE_VERSION "1.5.0"
| #define PACKAGE_STRING "xtrans 1.5.0"
| #define PACKAGE_BUGREPORT "https://gitlab.freedesktop.org/xorg/lib/libxtrans/issues"
| #define PACKAGE_URL ""
| #define PACKAGE "xtrans"
| #define VERSION "1.5.0"
| #define HAVE_STDIO_H 1
| #define HAVE_STDLIB_H 1
| #define HAVE_STRING_H 1
| #define HAVE_INTTYPES_H 1
| #define HAVE_STDINT_H 1
| #define HAVE_STRINGS_H 1
| #define HAVE_SYS_STAT_H 1
| #define HAVE_SYS_TYPES_H 1
| #define HAVE_UNISTD_H 1
| #define STDC_HEADERS 1
| /* end confdefs.h.  */
| int i;
configure:4997: result: no
configure:5008: checking if /nix/store/dq0xwmsk1g0i2ayg6pb7y87na2knzylh-gcc-wrapper-11.3.0/bin/gcc supports -Werror=unused-command-line-argument
configure:5018: /nix/store/dq0xwmsk1g0i2ayg6pb7y87na2knzylh-gcc-wrapper-11.3.0/bin/gcc -c -g -O2 -Werror=unused-command-line-argument  conftest.c >&5
cc1: error: '-Werror=unused-command-line-argument': no option '-Wunused-command-line-argument'; did you mean '-Wunused-dummy-argument'?
configure:5018: $? = 1
configure: failed program was:
| /* confdefs.h */
| #define PACKAGE_NAME "xtrans"
| #define PACKAGE_TARNAME "xtrans"
| #define PACKAGE_VERSION "1.5.0"
| #define PACKAGE_STRING "xtrans 1.5.0"
| #define PACKAGE_BUGREPORT "https://gitlab.freedesktop.org/xorg/lib/libxtrans/issues"
| #define PACKAGE_URL ""
| #define PACKAGE "xtrans"
| #define VERSION "1.5.0"
| #define HAVE_STDIO_H 1
| #define HAVE_STDLIB_H 1
| #define HAVE_STRING_H 1
| #define HAVE_INTTYPES_H 1
| #define HAVE_STDINT_H 1
| #define HAVE_STRINGS_H 1
| #define HAVE_SYS_STAT_H 1
| #define HAVE_SYS_TYPES_H 1
| #define HAVE_UNISTD_H 1
| #define STDC_HEADERS 1
| /* end confdefs.h.  */
| int i;
configure:5026: result: no
configure:5045: checking if /nix/store/dq0xwmsk1g0i2ayg6pb7y87na2knzylh-gcc-wrapper-11.3.0/bin/gcc supports -Wall
configure:5063: /nix/store/dq0xwmsk1g0i2ayg6pb7y87na2knzylh-gcc-wrapper-11.3.0/bin/gcc -o conftest -g -O2 -Wall   conftest.c  >&5
configure:5063: $? = 0
configure:5077: result: yes
configure:5169: checking if /nix/store/dq0xwmsk1g0i2ayg6pb7y87na2knzylh-gcc-wrapper-11.3.0/bin/gcc supports -Wpointer-arith
configure:5187: /nix/store/dq0xwmsk1g0i2ayg6pb7y87na2knzylh-gcc-wrapper-11.3.0/bin/gcc -o conftest -g -O2 -Wpointer-arith   conftest.c  >&5
configure:5187: $? = 0
configure:5201: result: yes
configure:5293: checking if /nix/store/dq0xwmsk1g0i2ayg6pb7y87na2knzylh-gcc-wrapper-11.3.0/bin/gcc supports -Wmissing-declarations
configure:5311: /nix/store/dq0xwmsk1g0i2ayg6pb7y87na2knzylh-gcc-wrapper-11.3.0/bin/gcc -o conftest -g -O2 -Wmissing-declarations   conftest.c  >&5
configure:5311: $? = 0
configure:5325: result: yes
configure:5417: checking if /nix/store/dq0xwmsk1g0i2ayg6pb7y87na2knzylh-gcc-wrapper-11.3.0/bin/gcc supports -Wformat=2
configure:5435: /nix/store/dq0xwmsk1g0i2ayg6pb7y87na2knzylh-gcc-wrapper-11.3.0/bin/gcc -o conftest -g -O2 -Wformat=2   conftest.c  >&5
configure:5435: $? = 0
configure:5449: result: yes
configure:5594: checking if /nix/store/dq0xwmsk1g0i2ayg6pb7y87na2knzylh-gcc-wrapper-11.3.0/bin/gcc supports -Wstrict-prototypes
configure:5612: /nix/store/dq0xwmsk1g0i2ayg6pb7y87na2knzylh-gcc-wrapper-11.3.0/bin/gcc -o conftest -g -O2 -Wstrict-prototypes   conftest.c  >&5
configure:5612: $? = 0
configure:5626: result: yes
configure:5718: checking if /nix/store/dq0xwmsk1g0i2ayg6pb7y87na2knzylh-gcc-wrapper-11.3.0/bin/gcc supports -Wmissing-prototypes
configure:5736: /nix/store/dq0xwmsk1g0i2ayg6pb7y87na2knzylh-gcc-wrapper-11.3.0/bin/gcc -o conftest -g -O2 -Wmissing-prototypes   conftest.c  >&5
configure:5736: $? = 0
configure:5750: result: yes
configure:5842: checking if /nix/store/dq0xwmsk1g0i2ayg6pb7y87na2knzylh-gcc-wrapper-11.3.0/bin/gcc supports -Wnested-externs
configure:5860: /nix/store/dq0xwmsk1g0i2ayg6pb7y87na2knzylh-gcc-wrapper-11.3.0/bin/gcc -o conftest -g -O2 -Wnested-externs   conftest.c  >&5
configure:5860: $? = 0
configure:5874: result: yes
configure:5966: checking if /nix/store/dq0xwmsk1g0i2ayg6pb7y87na2knzylh-gcc-wrapper-11.3.0/bin/gcc supports -Wbad-function-cast
configure:5984: /nix/store/dq0xwmsk1g0i2ayg6pb7y87na2knzylh-gcc-wrapper-11.3.0/bin/gcc -o conftest -g -O2 -Wbad-function-cast   conftest.c  >&5
configure:5984: $? = 0
configure:5998: result: yes
configure:6090: checking if /nix/store/dq0xwmsk1g0i2ayg6pb7y87na2knzylh-gcc-wrapper-11.3.0/bin/gcc supports -Wold-style-definition
configure:6108: /nix/store/dq0xwmsk1g0i2ayg6pb7y87na2knzylh-gcc-wrapper-11.3.0/bin/gcc -o conftest -g -O2 -Wold-style-definition   conftest.c  >&5
configure:6108: $? = 0
configure:6122: result: yes
configure:6265: checking if /nix/store/dq0xwmsk1g0i2ayg6pb7y87na2knzylh-gcc-wrapper-11.3.0/bin/gcc supports -Wdeclaration-after-statement
configure:6283: /nix/store/dq0xwmsk1g0i2ayg6pb7y87na2knzylh-gcc-wrapper-11.3.0/bin/gcc -o conftest -g -O2 -Wdeclaration-after-statement   conftest.c  >&5
configure:6283: $? = 0
configure:6297: result: yes
configure:6393: checking if /nix/store/dq0xwmsk1g0i2ayg6pb7y87na2knzylh-gcc-wrapper-11.3.0/bin/gcc supports -Wunused
configure:6411: /nix/store/dq0xwmsk1g0i2ayg6pb7y87na2knzylh-gcc-wrapper-11.3.0/bin/gcc -o conftest -g -O2 -Wunused   conftest.c  >&5
configure:6411: $? = 0
configure:6425: result: yes
configure:6517: checking if /nix/store/dq0xwmsk1g0i2ayg6pb7y87na2knzylh-gcc-wrapper-11.3.0/bin/gcc supports -Wuninitialized
configure:6535: /nix/store/dq0xwmsk1g0i2ayg6pb7y87na2knzylh-gcc-wrapper-11.3.0/bin/gcc -o conftest -g -O2 -Wuninitialized   conftest.c  >&5
configure:6535: $? = 0
configure:6549: result: yes
configure:6641: checking if /nix/store/dq0xwmsk1g0i2ayg6pb7y87na2knzylh-gcc-wrapper-11.3.0/bin/gcc supports -Wshadow
configure:6659: /nix/store/dq0xwmsk1g0i2ayg6pb7y87na2knzylh-gcc-wrapper-11.3.0/bin/gcc -o conftest -g -O2 -Wshadow   conftest.c  >&5
configure:6659: $? = 0
configure:6673: result: yes
configure:6765: checking if /nix/store/dq0xwmsk1g0i2ayg6pb7y87na2knzylh-gcc-wrapper-11.3.0/bin/gcc supports -Wmissing-noreturn
configure:6783: /nix/store/dq0xwmsk1g0i2ayg6pb7y87na2knzylh-gcc-wrapper-11.3.0/bin/gcc -o conftest -g -O2 -Wmissing-noreturn   conftest.c  >&5
configure:6783: $? = 0
configure:6797: result: yes
configure:6889: checking if /nix/store/dq0xwmsk1g0i2ayg6pb7y87na2knzylh-gcc-wrapper-11.3.0/bin/gcc supports -Wmissing-format-attribute
configure:6907: /nix/store/dq0xwmsk1g0i2ayg6pb7y87na2knzylh-gcc-wrapper-11.3.0/bin/gcc -o conftest -g -O2 -Wmissing-format-attribute   conftest.c  >&5
configure:6907: $? = 0
configure:6921: result: yes
configure:7013: checking if /nix/store/dq0xwmsk1g0i2ayg6pb7y87na2knzylh-gcc-wrapper-11.3.0/bin/gcc supports -Wredundant-decls
configure:7031: /nix/store/dq0xwmsk1g0i2ayg6pb7y87na2knzylh-gcc-wrapper-11.3.0/bin/gcc -o conftest -g -O2 -Wredundant-decls   conftest.c  >&5
configure:7031: $? = 0
configure:7045: result: yes
configure:7137: checking if /nix/store/dq0xwmsk1g0i2ayg6pb7y87na2knzylh-gcc-wrapper-11.3.0/bin/gcc supports -Wlogical-op
configure:7155: /nix/store/dq0xwmsk1g0i2ayg6pb7y87na2knzylh-gcc-wrapper-11.3.0/bin/gcc -o conftest -g -O2 -Wlogical-op   conftest.c  >&5
configure:7155: $? = 0
configure:7169: result: yes
configure:7273: checking if /nix/store/dq0xwmsk1g0i2ayg6pb7y87na2knzylh-gcc-wrapper-11.3.0/bin/gcc supports -Werror=implicit
configure:7291: /nix/store/dq0xwmsk1g0i2ayg6pb7y87na2knzylh-gcc-wrapper-11.3.0/bin/gcc -o conftest -g -O2 -Werror=implicit   conftest.c  >&5
configure:7291: $? = 0
configure:7305: result: yes
configure:7448: checking if /nix/store/dq0xwmsk1g0i2ayg6pb7y87na2knzylh-gcc-wrapper-11.3.0/bin/gcc supports -Werror=nonnull
configure:7466: /nix/store/dq0xwmsk1g0i2ayg6pb7y87na2knzylh-gcc-wrapper-11.3.0/bin/gcc -o conftest -g -O2 -Werror=nonnull   conftest.c  >&5
configure:7466: $? = 0
configure:7480: result: yes
configure:7572: checking if /nix/store/dq0xwmsk1g0i2ayg6pb7y87na2knzylh-gcc-wrapper-11.3.0/bin/gcc supports -Werror=init-self
configure:7590: /nix/store/dq0xwmsk1g0i2ayg6pb7y87na2knzylh-gcc-wrapper-11.3.0/bin/gcc -o conftest -g -O2 -Werror=init-self   conftest.c  >&5
configure:7590: $? = 0
configure:7604: result: yes
configure:7696: checking if /nix/store/dq0xwmsk1g0i2ayg6pb7y87na2knzylh-gcc-wrapper-11.3.0/bin/gcc supports -Werror=main
configure:7714: /nix/store/dq0xwmsk1g0i2ayg6pb7y87na2knzylh-gcc-wrapper-11.3.0/bin/gcc -o conftest -g -O2 -Werror=main   conftest.c  >&5
configure:7714: $? = 0
configure:7728: result: yes
configure:7820: checking if /nix/store/dq0xwmsk1g0i2ayg6pb7y87na2knzylh-gcc-wrapper-11.3.0/bin/gcc supports -Werror=missing-braces
configure:7838: /nix/store/dq0xwmsk1g0i2ayg6pb7y87na2knzylh-gcc-wrapper-11.3.0/bin/gcc -o conftest -g -O2 -Werror=missing-braces   conftest.c  >&5
configure:7838: $? = 0
configure:7852: result: yes
configure:7944: checking if /nix/store/dq0xwmsk1g0i2ayg6pb7y87na2knzylh-gcc-wrapper-11.3.0/bin/gcc supports -Werror=sequence-point
configure:7962: /nix/store/dq0xwmsk1g0i2ayg6pb7y87na2knzylh-gcc-wrapper-11.3.0/bin/gcc -o conftest -g -O2 -Werror=sequence-point   conftest.c  >&5
configure:7962: $? = 0
configure:7976: result: yes
configure:8068: checking if /nix/store/dq0xwmsk1g0i2ayg6pb7y87na2knzylh-gcc-wrapper-11.3.0/bin/gcc supports -Werror=return-type
configure:8086: /nix/store/dq0xwmsk1g0i2ayg6pb7y87na2knzylh-gcc-wrapper-11.3.0/bin/gcc -o conftest -g -O2 -Werror=return-type   conftest.c  >&5
configure:8086: $? = 0
configure:8100: result: yes
configure:8243: checking if /nix/store/dq0xwmsk1g0i2ayg6pb7y87na2knzylh-gcc-wrapper-11.3.0/bin/gcc supports -Werror=trigraphs
configure:8261: /nix/store/dq0xwmsk1g0i2ayg6pb7y87na2knzylh-gcc-wrapper-11.3.0/bin/gcc -o conftest -g -O2 -Werror=trigraphs   conftest.c  >&5
configure:8261: $? = 0
configure:8275: result: yes
configure:8367: checking if /nix/store/dq0xwmsk1g0i2ayg6pb7y87na2knzylh-gcc-wrapper-11.3.0/bin/gcc supports -Werror=array-bounds
configure:8385: /nix/store/dq0xwmsk1g0i2ayg6pb7y87na2knzylh-gcc-wrapper-11.3.0/bin/gcc -o conftest -g -O2 -Werror=array-bounds   conftest.c  >&5
configure:8385: $? = 0
configure:8399: result: yes
configure:8491: checking if /nix/store/dq0xwmsk1g0i2ayg6pb7y87na2knzylh-gcc-wrapper-11.3.0/bin/gcc supports -Werror=write-strings
configure:8509: /nix/store/dq0xwmsk1g0i2ayg6pb7y87na2knzylh-gcc-wrapper-11.3.0/bin/gcc -o conftest -g -O2 -Werror=write-strings   conftest.c  >&5
configure:8509: $? = 0
configure:8523: result: yes
configure:8615: checking if /nix/store/dq0xwmsk1g0i2ayg6pb7y87na2knzylh-gcc-wrapper-11.3.0/bin/gcc supports -Werror=address
configure:8633: /nix/store/dq0xwmsk1g0i2ayg6pb7y87na2knzylh-gcc-wrapper-11.3.0/bin/gcc -o conftest -g -O2 -Werror=address   conftest.c  >&5
configure:8633: $? = 0
configure:8647: result: yes
configure:8739: checking if /nix/store/dq0xwmsk1g0i2ayg6pb7y87na2knzylh-gcc-wrapper-11.3.0/bin/gcc supports -Werror=int-to-pointer-cast
configure:8757: /nix/store/dq0xwmsk1g0i2ayg6pb7y87na2knzylh-gcc-wrapper-11.3.0/bin/gcc -o conftest -g -O2 -Werror=int-to-pointer-cast   conftest.c  >&5
configure:8757: $? = 0
configure:8771: result: yes
configure:8914: checking if /nix/store/dq0xwmsk1g0i2ayg6pb7y87na2knzylh-gcc-wrapper-11.3.0/bin/gcc supports -Werror=pointer-to-int-cast
configure:8932: /nix/store/dq0xwmsk1g0i2ayg6pb7y87na2knzylh-gcc-wrapper-11.3.0/bin/gcc -o conftest -g -O2 -Werror=pointer-to-int-cast   conftest.c  >&5
configure:8932: $? = 0
configure:8946: result: yes
configure:10687: checking if /nix/store/dq0xwmsk1g0i2ayg6pb7y87na2knzylh-gcc-wrapper-11.3.0/bin/gcc supports -pedantic
configure:10705: /nix/store/dq0xwmsk1g0i2ayg6pb7y87na2knzylh-gcc-wrapper-11.3.0/bin/gcc -o conftest -g -O2 -pedantic   conftest.c  >&5
configure:10705: $? = 0
configure:10719: result: yes
configure:10811: checking if /nix/store/dq0xwmsk1g0i2ayg6pb7y87na2knzylh-gcc-wrapper-11.3.0/bin/gcc supports -Werror
configure:10829: /nix/store/dq0xwmsk1g0i2ayg6pb7y87na2knzylh-gcc-wrapper-11.3.0/bin/gcc -o conftest -g -O2 -Werror   conftest.c  >&5
configure:10829: $? = 0
configure:10843: result: yes
configure:10989: checking if /nix/store/dq0xwmsk1g0i2ayg6pb7y87na2knzylh-gcc-wrapper-11.3.0/bin/gcc supports -Werror=attributes
configure:11007: /nix/store/dq0xwmsk1g0i2ayg6pb7y87na2knzylh-gcc-wrapper-11.3.0/bin/gcc -o conftest -g -O2 -Werror=attributes   conftest.c  >&5
configure:11007: $? = 0
configure:11021: result: yes
configure:11214: checking whether make supports nested variables
configure:11232: result: yes
configure:11264: checking whether to build documentation
configure:11266: result: yes
configure:11286: checking for xmlto
configure:11324: result: no
configure:11330: WARNING: xmlto not found - documentation targets will be skipped
configure:11488: checking for fop
configure:11526: result: no
configure:11532: WARNING: fop not found - documentation targets will be skipped
configure:11628: checking for xsltproc
configure:11666: result: no
configure:11672: WARNING: xsltproc not found - cannot transform XML documents
configure:11748: checking for X.Org SGML entities >= 1.8
configure:11752: $PKG_CONFIG --exists --print-errors "xorg-sgml-doctools >= 1.8"
Package xorg-sgml-doctools was not found in the pkg-config search path.
Perhaps you should add the directory containing `xorg-sgml-doctools.pc'
to the PKG_CONFIG_PATH environment variable
No package 'xorg-sgml-doctools' found
configure:11755: $? = 1
configure:11771: result: no
configure:11793: checking for fchown
configure:11793: /nix/store/dq0xwmsk1g0i2ayg6pb7y87na2knzylh-gcc-wrapper-11.3.0/bin/gcc -o conftest -g -O2   conftest.c  >&5
configure:11793: $? = 0
configure:11793: result: yes
configure:11952: checking that generated files are newer than configure
configure:11958: result: done
configure:12005: creating ./config.status

## ---------------------- ##
## Running config.status. ##
## ---------------------- ##

This file was extended by xtrans config.status 1.5.0, which was
generated by GNU Autoconf 2.71.  Invocation command line was

  CONFIG_FILES    = 
  CONFIG_HEADERS  = 
  CONFIG_LINKS    = 
  CONFIG_COMMANDS = 
  $ ./config.status --quiet

on e3b8a517d9fa

config.status:836: creating Makefile
config.status:836: creating doc/Makefile
config.status:836: creating xtrans.pc
config.status:1008: executing depfiles commands

## ---------------- ##
## Cache variables. ##
## ---------------- ##

ac_cv_build=x86_64-pc-linux-gnu
ac_cv_c_compiler_gnu=yes
ac_cv_c_undeclared_builtin_options='none needed'
ac_cv_env_CC_set=set
ac_cv_env_CC_value=/nix/store/dq0xwmsk1g0i2ayg6pb7y87na2knzylh-gcc-wrapper-11.3.0/bin/gcc
ac_cv_env_CFLAGS_set=
ac_cv_env_CFLAGS_value=
ac_cv_env_CPPFLAGS_set=
ac_cv_env_CPPFLAGS_value=
ac_cv_env_FOP_set=
ac_cv_env_FOP_value=
ac_cv_env_LDFLAGS_set=
ac_cv_env_LDFLAGS_value=
ac_cv_env_LIBS_set=
ac_cv_env_LIBS_value=
ac_cv_env_PKG_CONFIG_LIBDIR_set=
ac_cv_env_PKG_CONFIG_LIBDIR_value=
ac_cv_env_PKG_CONFIG_PATH_set=set
ac_cv_env_PKG_CONFIG_PATH_value=/home/runner/.local/share/pkgconfig:/home/runner/.local/lib/pkgconfig
ac_cv_env_PKG_CONFIG_set=
ac_cv_env_PKG_CONFIG_value=
ac_cv_env_XMLTO_set=
ac_cv_env_XMLTO_value=
ac_cv_env_XSLTPROC_set=
ac_cv_env_XSLTPROC_value=
ac_cv_env_build_alias_set=
ac_cv_env_build_alias_value=
ac_cv_env_host_alias_set=
ac_cv_env_host_alias_value=
ac_cv_env_target_alias_set=
ac_cv_env_target_alias_value=
ac_cv_func_fchown=yes
ac_cv_have_decl___INTEL_COMPILER=no
ac_cv_have_decl___SUNPRO_C=no
ac_cv_have_decl___clang__=no
ac_cv_header_inttypes_h=yes
ac_cv_header_stdint_h=yes
ac_cv_header_stdio_h=yes
ac_cv_header_stdlib_h=yes
ac_cv_header_string_h=yes
ac_cv_header_strings_h=yes
ac_cv_header_sys_stat_h=yes
ac_cv_header_sys_types_h=yes
ac_cv_header_unistd_h=yes
ac_cv_host=x86_64-pc-linux-gnu
ac_cv_objext=o
ac_cv_path_SED=/nix/store/89zs7rms6x00xfq4dq6m7mjnhkr8a6r4-gnused-4.8/bin/sed
ac_cv_path_ac_pt_PKG_CONFIG=/nix/store/0jz5bmaic7n6sbf8s08bi80jkhkgwj07-pkg-config-0.29.2/bin/pkg-config
ac_cv_path_install='/nix/store/a7gvj343m05j2s32xcnwr35v31ynlypr-coreutils-9.1/bin/install -c'
ac_cv_path_mkdir=/nix/store/a7gvj343m05j2s32xcnwr35v31ynlypr-coreutils-9.1/bin/mkdir
ac_cv_prog_AWK=gawk
ac_cv_prog_ac_ct_CC=/nix/store/dq0xwmsk1g0i2ayg6pb7y87na2knzylh-gcc-wrapper-11.3.0/bin/gcc
ac_cv_prog_cc_c11=
ac_cv_prog_cc_g=yes
ac_cv_prog_cc_stdc=
ac_cv_prog_make_make_set=yes
am_cv_CC_dependencies_compiler_type=none
am_cv_make_support_nested_variables=yes
am_cv_prog_cc_c_o=yes
xorg_cv_cc_flag__Wall=yes
xorg_cv_cc_flag__Wbad_function_cast=yes
xorg_cv_cc_flag__Wdeclaration_after_statement=yes
xorg_cv_cc_flag__Werror=yes
xorg_cv_cc_flag__Werror_address=yes
xorg_cv_cc_flag__Werror_array_bounds=yes
xorg_cv_cc_flag__Werror_attributes=yes
xorg_cv_cc_flag__Werror_implicit=yes
xorg_cv_cc_flag__Werror_init_self=yes
xorg_cv_cc_flag__Werror_int_to_pointer_cast=yes
xorg_cv_cc_flag__Werror_main=yes
xorg_cv_cc_flag__Werror_missing_braces=yes
xorg_cv_cc_flag__Werror_nonnull=yes
xorg_cv_cc_flag__Werror_pointer_to_int_cast=yes
xorg_cv_cc_flag__Werror_return_type=yes
xorg_cv_cc_flag__Werror_sequence_point=yes
xorg_cv_cc_flag__Werror_trigraphs=yes
xorg_cv_cc_flag__Werror_write_strings=yes
xorg_cv_cc_flag__Wformat_2=yes
xorg_cv_cc_flag__Wlogical_op=yes
xorg_cv_cc_flag__Wmissing_declarations=yes
xorg_cv_cc_flag__Wmissing_format_attribute=yes
xorg_cv_cc_flag__Wmissing_noreturn=yes
xorg_cv_cc_flag__Wmissing_prototypes=yes
xorg_cv_cc_flag__Wnested_externs=yes
xorg_cv_cc_flag__Wold_style_definition=yes
xorg_cv_cc_flag__Wpointer_arith=yes
xorg_cv_cc_flag__Wredundant_decls=yes
xorg_cv_cc_flag__Wshadow=yes
xorg_cv_cc_flag__Wstrict_prototypes=yes
xorg_cv_cc_flag__Wuninitialized=yes
xorg_cv_cc_flag__Wunused=yes
xorg_cv_cc_flag__pedantic=yes
xorg_cv_cc_flag_unknown_warning_option=no
xorg_cv_cc_flag_unused_command_line_argument=no

## ----------------- ##
## Output variables. ##
## ----------------- ##

ACLOCAL='${SHELL} '\''/home/runner/gbtestc/work/xtrans-1.5.0/missing'\'' aclocal-1.16'
ADMIN_MAN_DIR='$(mandir)/man$(ADMIN_MAN_SUFFIX)'
ADMIN_MAN_SUFFIX='8'
AMDEPBACKSLASH='\'
AMDEP_FALSE='#'
AMDEP_TRUE=''
AMTAR='$${TAR-tar}'
AM_BACKSLASH='\'
AM_DEFAULT_V='$(AM_DEFAULT_VERBOSITY)'
AM_DEFAULT_VERBOSITY='0'
AM_V='$(V)'
APP_MAN_DIR='$(mandir)/man$(APP_MAN_SUFFIX)'
APP_MAN_SUFFIX='1'
AUTOCONF='${SHELL} '\''/home/runner/gbtestc/work/xtrans-1.5.0/missing'\'' autoconf'
AUTOHEADER='${SHELL} '\''/home/runner/gbtestc/work/xtrans-1.5.0/missing'\'' autoheader'
AUTOMAKE='${SHELL} '\''/home/runner/gbtestc/work/xtrans-1.5.0/missing'\'' automake-1.16'
AWK='gawk'
BASE_CFLAGS=' -Wall -Wpointer-arith -Wmissing-declarations -Wformat=2 -Wstrict-prototypes -Wmissing-prototypes -Wnested-externs -Wbad-function-cast -Wold-style-definition -Wdeclaration-after-statement -Wunused -Wuninitialized -Wshadow -Wmissing-noreturn -Wmissing-format-attribute -Wredundant-decls -Wlogical-op -Werror=implicit -Werror=nonnull -Werror=init-self -Werror=main -Werror=missing-braces -Werror=sequence-point -Werror=return-type -Werror=trigraphs -Werror=array-bounds -Werror=write-strings -Werror=address -Werror=int-to-pointer-cast -Werror=pointer-to-int-cast'
CC='/nix/store/dq0xwmsk1g0i2ayg6pb7y87na2knzylh-gcc-wrapper-11.3.0/bin/gcc'
CCDEPMODE='depmode=none'
CFLAGS='-g -O2'
CHANGELOG_CMD='((GIT_DIR=$(top_srcdir)/.git git log > $(top_srcdir)/.changelog.tmp) 2>/dev/null && mv $(top_srcdir)/.changelog.tmp $(top_srcdir)/ChangeLog) || (rm -f $(top_srcdir)/.changelog.tmp; test -e $(top_srcdir)/ChangeLog || ( touch $(top_srcdir)/ChangeLog; echo '\''git failed to create ChangeLog: installing empty ChangeLog.'\'' >&2))'
CPPFLAGS=''
CSCOPE='cscope'
CTAGS='ctags'
CWARNFLAGS=' -Wall -Wpointer-arith -Wmissing-declarations -Wformat=2 -Wstrict-prototypes -Wmissing-prototypes -Wnested-externs -Wbad-function-cast -Wold-style-definition -Wdeclaration-after-statement -Wunused -Wuninitialized -Wshadow -Wmissing-noreturn -Wmissing-format-attribute -Wredundant-decls -Wlogical-op -Werror=implicit -Werror=nonnull -Werror=init-self -Werror=main -Werror=missing-braces -Werror=sequence-point -Werror=return-type -Werror=trigraphs -Werror=array-bounds -Werror=write-strings -Werror=address -Werror=int-to-pointer-cast -Werror=pointer-to-int-cast -fno-strict-aliasing'
CYGPATH_W='echo'
DEFS='-DPACKAGE_NAME=\"xtrans\" -DPACKAGE_TARNAME=\"xtrans\" -DPACKAGE_VERSION=\"1.5.0\" -DPACKAGE_STRING=\"xtrans\ 1.5.0\" -DPACKAGE_BUGREPORT=\"https://gitlab.freedesktop.org/xorg/lib/libxtrans/issues\" -DPACKAGE_URL=\"\" -DPACKAGE=\"xtrans\" -DVERSION=\"1.5.0\" -DHAVE_STDIO_H=1 -DHAVE_STDLIB_H=1 -DHAVE_STRING_H=1 -DHAVE_INTTYPES_H=1 -DHAVE_STDINT_H=1 -DHAVE_STRINGS_H=1 -DHAVE_SYS_STAT_H=1 -DHAVE_SYS_TYPES_H=1 -DHAVE_UNISTD_H=1 -DSTDC_HEADERS=1 -DPACKAGE_VERSION_MAJOR=1 -DPACKAGE_VERSION_MINOR=5 -DPACKAGE_VERSION_PATCHLEVEL=0'
DEPDIR='.deps'
DRIVER_MAN_DIR='$(mandir)/man$(DRIVER_MAN_SUFFIX)'
DRIVER_MAN_SUFFIX='4'
ECHO_C=''
ECHO_N='-n'
ECHO_T=''
ENABLE_DOCS_FALSE='#'
ENABLE_DOCS_TRUE=''
ETAGS='etags'
EXEEXT=''
FILE_MAN_DIR='$(mandir)/man$(FILE_MAN_SUFFIX)'
FILE_MAN_SUFFIX='5'
FOP=''
HAVE_FOP_FALSE=''
HAVE_FOP_TRUE='#'
HAVE_STYLESHEETS_FALSE=''
HAVE_STYLESHEETS_TRUE='#'
HAVE_XMLTO_FALSE=''
HAVE_XMLTO_TEXT_FALSE=''
HAVE_XMLTO_TEXT_TRUE='#'
HAVE_XMLTO_TRUE='#'
HAVE_XSLTPROC_FALSE=''
HAVE_XSLTPROC_TRUE='#'
INSTALL_CMD='(cp -f /INSTALL $(top_srcdir)/.INSTALL.tmp && mv $(top_srcdir)/.INSTALL.tmp $(top_srcdir)/INSTALL) || (rm -f $(top_srcdir)/.INSTALL.tmp; test -e $(top_srcdir)/INSTALL || ( touch $(top_srcdir)/INSTALL; echo '\''failed to copy INSTALL from util-macros: installing empty INSTALL.'\'' >&2))'
INSTALL_DATA='${INSTALL} -m 644'
INSTALL_PROGRAM='${INSTALL}'
INSTALL_SCRIPT='${INSTALL}'
INSTALL_STRIP_PROGRAM='$(install_sh) -c -s'
LDFLAGS=''
LIBOBJS=''
LIBS=''
LIB_MAN_DIR='$(mandir)/man$(LIB_MAN_SUFFIX)'
LIB_MAN_SUFFIX='3'
LTLIBOBJS=''
MAKEINFO='${SHELL} '\''/home/runner/gbtestc/work/xtrans-1.5.0/missing'\'' makeinfo'
MAN_SUBSTS='	-e '\''s|__vendorversion__|"$(PACKAGE_STRING)" "$(XORG_MAN_PAGE)"|'\'' 	-e '\''s|__xorgversion__|"$(PACKAGE_STRING)" "$(XORG_MAN_PAGE)"|'\'' 	-e '\''s|__xservername__|Xorg|g'\'' 	-e '\''s|__xconfigfile__|xorg.conf|g'\'' 	-e '\''s|__projectroot__|$(prefix)|g'\'' 	-e '\''s|__apploaddir__|$(appdefaultdir)|g'\'' 	-e '\''s|__appmansuffix__|$(APP_MAN_SUFFIX)|g'\'' 	-e '\''s|__drivermansuffix__|$(DRIVER_MAN_SUFFIX)|g'\'' 	-e '\''s|__adminmansuffix__|$(ADMIN_MAN_SUFFIX)|g'\'' 	-e '\''s|__libmansuffix__|$(LIB_MAN_SUFFIX)|g'\'' 	-e '\''s|__miscmansuffix__|$(MISC_MAN_SUFFIX)|g'\'' 	-e '\''s|__filemansuffix__|$(FILE_MAN_SUFFIX)|g'\'''
MISC_MAN_DIR='$(mandir)/man$(MISC_MAN_SUFFIX)'
MISC_MAN_SUFFIX='7'
MKDIR_P='/nix/store/a7gvj343m05j2s32xcnwr35v31ynlypr-coreutils-9.1/bin/mkdir -p'
OBJEXT='o'
PACKAGE='xtrans'
PACKAGE_BUGREPORT='https://gitlab.freedesktop.org/xorg/lib/libxtrans/issues'
PACKAGE_NAME='xtrans'
PACKAGE_STRING='xtrans 1.5.0'
PACKAGE_TARNAME='xtrans'
PACKAGE_URL=''
PACKAGE_VERSION='1.5.0'
PATH_SEPARATOR=':'
PKG_CONFIG='/nix/store/0jz5bmaic7n6sbf8s08bi80jkhkgwj07-pkg-config-0.29.2/bin/pkg-config'
PKG_CONFIG_LIBDIR=''
PKG_CONFIG_PATH='/home/runner/.local/share/pkgconfig:/home/runner/.local/lib/pkgconfig'
SED='/nix/store/89zs7rms6x00xfq4dq6m7mjnhkr8a6r4-gnused-4.8/bin/sed'
SET_MAKE=''
SHELL='/nix/store/dsd5gz46hdbdk2rfdimqddhq6m8m8fqs-bash-5.1-p16/bin/bash'
STRICT_CFLAGS=' -pedantic -Werror -Werror=attributes'
STRIP='strip'
STYLESHEET_SRCDIR=''
VERSION='1.5.0'
XMLTO=''
XORG_MAN_PAGE='X Version 11'
XORG_SGML_PATH=''
XSLTPROC=''
XSL_STYLESHEET=''
ac_ct_CC='/nix/store/dq0xwmsk1g0i2ayg6pb7y87na2knzylh-gcc-wrapper-11.3.0/bin/gcc'
am__EXEEXT_FALSE=''
am__EXEEXT_TRUE='#'
am__fastdepCC_FALSE=''
am__fastdepCC_TRUE='#'
am__include='include'
am__isrc=''
am__leading_dot='.'
am__nodep='_no'
am__quote=''
am__tar='$${TAR-tar} chof - "$$tardir"'
am__untar='$${TAR-tar} xf -'
bindir='${exec_prefix}/bin'
build='x86_64-pc-linux-gnu'
build_alias=''
build_cpu='x86_64'
build_os='linux-gnu'
build_vendor='pc'
datadir='${datarootdir}'
datarootdir='${prefix}/share'
docdir='${datarootdir}/doc/${PACKAGE_TARNAME}'
dvidir='${docdir}'
exec_prefix='${prefix}'
fchown_define='-DHAS_FCHOWN'
host='x86_64-pc-linux-gnu'
host_alias=''
host_cpu='x86_64'
host_os='linux-gnu'
host_vendor='pc'
htmldir='${docdir}'
includedir='${prefix}/include'
infodir='${datarootdir}/info'
install_sh='${SHELL} /home/runner/gbtestc/work/xtrans-1.5.0/install-sh'
libdir='${exec_prefix}/lib'
libexecdir='${exec_prefix}/libexec'
localedir='${datarootdir}/locale'
localstatedir='${prefix}/var'
mandir='${datarootdir}/man'
mkdir_p='$(MKDIR_P)'
oldincludedir='/usr/include'
pdfdir='${docdir}'
prefix='/home/runner/.local'
program_transform_name='s,x,x,'
psdir='${docdir}'
runstatedir='${localstatedir}/run'
sbindir='${exec_prefix}/sbin'
sharedstatedir='${prefix}/com'
sticky_bit_define='-DHAS_STICKY_DIR_BIT'
sysconfdir='${prefix}/etc'
target_alias=''

## ----------- ##
## confdefs.h. ##
## ----------- ##

/* confdefs.h */
#define PACKAGE_NAME "xtrans"
#define PACKAGE_TARNAME "xtrans"
#define PACKAGE_VERSION "1.5.0"
#define PACKAGE_STRING "xtrans 1.5.0"
#define PACKAGE_BUGREPORT "https://gitlab.freedesktop.org/xorg/lib/libxtrans/issues"
#define PACKAGE_URL ""
#define PACKAGE "xtrans"
#define VERSION "1.5.0"
#define HAVE_STDIO_H 1
#define HAVE_STDLIB_H 1
#define HAVE_STRING_H 1
#define HAVE_INTTYPES_H 1
#define HAVE_STDINT_H 1
#define HAVE_STRINGS_H 1
#define HAVE_SYS_STAT_H 1
#define HAVE_SYS_TYPES_H 1
#define HAVE_UNISTD_H 1
#define STDC_HEADERS 1
#define PACKAGE_VERSION_MAJOR 1
#define PACKAGE_VERSION_MINOR 5
#define PACKAGE_VERSION_PATCHLEVEL 0

configure: exit 0
