This file contains any messages produced by compilers while
running configure, to aid debugging if configure makes a mistake.

It was created by XCB Proto configure 1.16.0, which was
generated by GNU Autoconf 2.71.  Invocation command line was

  $ ./configure --prefix=/home/runner/.local --quiet

## --------- ##
## Platform. ##
## --------- ##

hostname = e3b8a517d9fa
uname -m = x86_64
uname -r = 6.5.0-1014-gcp
uname -s = Linux
uname -v = #14~22.04.1-Ubuntu SMP Sat Feb 10 04:57:00 UTC 2024

/usr/bin/uname -p = x86_64
/bin/uname -X     = unknown

/bin/arch              = x86_64
/usr/bin/arch -k       = unknown
/usr/convex/getsysinfo = unknown
/usr/bin/hostinfo      = unknown
/bin/machine           = unknown
/usr/bin/oslevel       = unknown
/bin/universe          = unknown

PATH: /nix/store/bap4d0lpcrhpwmpb8ayjcgkmvfj62lnq-bash-interactive-5.1-p16/bin/
PATH: /nix/store/pr5n59mb4jzmfx6kanwxly0l07p861fg-patchelf-0.15.0/bin/
PATH: /nix/store/dq0xwmsk1g0i2ayg6pb7y87na2knzylh-gcc-wrapper-11.3.0/bin/
PATH: /nix/store/1gf2flfqnpqbr1b4p4qz2f72y42bs56r-gcc-11.3.0/bin/
PATH: /nix/store/57xv61c5zi8pphjbcwxxjlgc34p61ic9-glibc-2.35-163-bin/bin/
PATH: /nix/store/a7gvj343m05j2s32xcnwr35v31ynlypr-coreutils-9.1/bin/
PATH: /nix/store/1d6ian3r8kdzspw8hacjhl3xkp40g1lj-binutils-wrapper-2.39/bin/
PATH: /nix/store/039g378vc3pc3dvi9dzdlrd0i4q93qwf-binutils-2.39/bin/
PATH: /nix/store/zdba9frlxj2ba8ca095win3nphsiiqhb-python3-3.10.8/bin/
PATH: /nix/store/kblplvpffcfn0zprj80vh41xchjx4jag-wget-1.21.3/bin/
PATH: /nix/store/0jz5bmaic7n6sbf8s08bi80jkhkgwj07-pkg-config-0.29.2/bin/
PATH: /nix/store/1a17m1274igh0clzhby36lgx8078lvqx-xterm-375/bin/
PATH: /nix/store/l5ab1dv2j3mmlxcw88fcj7zgg078cib3-neofetch-unstable-2021-12-10/bin/
PATH: /nix/store/rxb9zl1mdx9f2n3z0nyv9zhngj3f2pw0-cmake-3.24.3/bin/
PATH: /nix/store/ghvw9lxj8wy3qjip2jv6qsqwvqh6r86j-gdb-12.1/bin/
PATH: /nix/store/wxr8ks20v5dnq7v8dikdd2gjnlmpgrxm-xauth-1.1/bin/
PATH: /nix/store/l3m7axrj699nx4j024sb0dw0215alsd1-alsa-lib-1.2.7.2/bin/
PATH: /nix/store/18y8p4mjwjy26npih04hfv48wz9czgk3-attr-2.5.1-bin/bin/
PATH: /nix/store/q8s1kzhsblr2a1p2g0lh2dkcgca1im3z-libcap-2.66/bin/
PATH: /nix/store/bvihhgw8bh6cqqlj0d4s8cvmm4mqmzfc-pulseaudio-16.1/bin/
PATH: /nix/store/mydc6f4k2z73xlcz7ilif3v2lcaiqvza-findutils-4.9.0/bin/
PATH: /nix/store/j9p3g8472iijd50vhdprx0nmk2fqn5gv-diffutils-3.8/bin/
PATH: /nix/store/89zs7rms6x00xfq4dq6m7mjnhkr8a6r4-gnused-4.8/bin/
PATH: /nix/store/86bp03jkmsl6f92w0yzg4s59g5mhxwmy-gnugrep-3.7/bin/
PATH: /nix/store/hwcdqw4jrjnd37wxqgsd47hd0j8bnj09-gawk-5.1.1/bin/
PATH: /nix/store/cfbhw8r8ags41vwqaz47r583d0p4h4a1-gnutar-1.34/bin/
PATH: /nix/store/p3m1ndl1lapwrlh698bnb5lvvxh67378-gzip-1.12/bin/
PATH: /nix/store/a8mhcagrsly7c7mpjrpsnaahk4aax056-bzip2-1.0.8-bin/bin/
PATH: /nix/store/mblgz65m3zv9x548a3d5m96fj2pbwr09-gnumake-4.3/bin/
PATH: /nix/store/dsd5gz46hdbdk2rfdimqddhq6m8m8fqs-bash-5.1-p16/bin/
PATH: /nix/store/v7ljksji50mg3w61dykaa3n3y79n6nil-patch-2.7.6/bin/
PATH: /nix/store/zlcnmqq14jz5x9439jf937mvayyl63da-xz-5.2.7-bin/bin/
PATH: /nix/store/y6aj732zm9m87c82fpvf103a1xb22blp-file-5.43/bin/
PATH: /nix/store/yq0vlv3d2f5si3ibawpq5ay2pc6knixp-nix-2.18.0pre20230808_c0e6466/bin/
PATH: /nix/store/i4kzir3m7mrisxmf5xvlnkw01x4qaqr4-prybar-elisp-0.0.0-e0d9a52/bin/
PATH: /nix/store/lwwivxf6h7x3cvxp9zv8sj0mv7dak99r-prybar-lua-0.0.0-e0d9a52/bin/
PATH: /nix/store/gxj28g1cg4hq3qanmjv07156h800qr58-prybar-python3-0.0.0-e0d9a52/bin/
PATH: /nix/store/hshkjnxrgidigf8x75vg6lqng2xlx9i3-prybar-sqlite-0.0.0-e0d9a52/bin/
PATH: /nix/store/c4w01bpjgyy5ixmwdk8m1pw87zq4sl26-prybar-tcl-0.0.0-e0d9a52/bin/
PATH: /nix/store/hpbvrlwd5viqmvcaisb3x0118i913a9n-stderred-0.1.0/bin/
PATH: /nix/store/c98w73rq49rr8f0lldlf8finwmq0s17x-upm-0.0.0-c1533a6/bin/
PATH: /nix/store/6305c4pd8wyhbayzl21yxw0znbzfhg4x-pid1/bin/
PATH: /nix/store/ic6qnrphr39fbwjcxkgjp8xlczn15hq1-less-643/bin/
PATH: /nix/store/whwwhd6ns271bj0ff86ap37i9r9kzi9c-git-2.42.0/bin/
PATH: /nix/store/r1diwi9xkwqrbkv0mrckh19ppp06r9i4-silver-searcher-2.2.0/bin/
PATH: /nix/store/ixqgy5s0zr9mricqrv5f4sv6dfky7iz9-bash/bin/
PATH: /nix/store/vwkvhj69z4qqgmpa2lwm97kabf12p26r-coreutils-9.3/bin/
PATH: /nix/store/ndx64mdps5p74illylpzq25pi4kbr05x-vscode-cpptools-dap-1.3.1/bin/
PATH: /nix/store/6lppqybghirwljfwcwbr0z7rzdqncn3j-replit-python-dap-wrapper-1.0.0/bin/
PATH: /nix/store/36pkp8h1i81xmdc892awly75l8gifmgl-node-dap/bin/
PATH: /nix/store/k4ww8n0mqbx5ff0aj90jnqi0swr8akla-pydeppaths-1.0.0/bin/
PATH: /nix/store/90hs7aipck6vz90xpdyb6vjjzlr7ci64-fluxbox/bin/
PATH: /nix/store/qpnf0dafrfsbcwb4z7cphjm0dff0vl7l-prybar-nodejs-0.0.0-e0d9a52/bin/
PATH: /nix/store/p109137pdyy3l8xjzd2zwknhc2l4yj5a-pulseaudio-16.1/bin/
PATH: /nix/store/146hw02zpnhkn5cabjf3pmdl32clz0jn-rfbproxy-0.0.0-9c8ca29/bin/
PATH: /nix/store/g5vyafx7amin9rv99npzz54bgp437kgd-toml-editor-0.0.0-d7dc78d/bin/
PATH: /nix/store/mi0by7pw54j7nn8a9pp8z03rghfhb2ba-nix-editor-0.0.0-fb83e47/bin/
PATH: /nix/store/xxwdh0kcj077br5vy2kpi6bznwlq6axi-tigervnc-1.13.1/bin/
PATH: /nix/store/kxxmdnyk9zhn52v8yhjksiq2cx90vyd2-xwininfo-1.1.6/bin/
PATH: /nix/store/pv89r9i1d8ajin2vp7qfs63nakg7s17k-replbox/bin/
PATH: /nix/store/0g1lq3vff290wainxdlbz9a18m28pr4r-curl-8.4.0-bin/bin/
PATH: /nix/store/f5qy259g9b4qh0hwz22z5j5bq3m53cpv-gnutar-1.35/bin/
PATH: /nix/store/3nbvki8kpyni8nq8q6dbzhrmrpgcbvyz-libglvnd-1.6.0/bin/
PATH: /nix/store/x8gff7zw0xn2kzj0xi36kwkwh5irl9mw-ripgrep-13.0.0/bin/
PATH: /nix/store/xnrc27zfxhpwbd8gcmfyh36r4wa5l72j-sd-0.7.6/bin/
PATH: /nix/store/412vmy2s2w63653mfnk3p6w8m1mbvcwq-apt-get/bin/
PATH: /nix/store/s50yw8wrq90ajh6q2yg8by4jk0c48ig4-apt/bin/
PATH: /nix/store/jj38yn79vfwpsasrvg63kz3q3znni1i8-sudo/bin/
PATH: /nix/store/252w9k71955a6g4ym4646x35ixwhxbmw-replit-git-askpass/bin/
PATH: /nix/store/wz8sm86f9vp5y10r62j4afxqr8dd28fl-replit-git-editor/bin/
PATH: /nix/store/n0ldnqg7x2alq0smwb3sw08n9m5rav1i-xdg-open/bin/
PATH: /nix/store/w8jl7avpp9sw6jaskrhwb9qcal3axgrk-moduleit/bin/
PATH: /nix/store/sgfpq33a3wccawxlw03frwvrjfhmwrfl-hostingpid1-1.0.8/bin/
PATH: /nix/store/zlzz2z48s7ry0hkl55xiqp5a73b4mzrg-gcc-wrapper-12.3.0/bin/
PATH: /nix/store/rzqd859mqsxq4w32lzgbmwlv68sxwwmw-gnumake-4.4.1/bin/
PATH: /nix/store/329fjnc15vmxw50wgxlc1vrpmzbymwdp-rippkgs-0.1.0/bin/
PATH: /nix/store/xp87fgwla0d84za1m3mviq9hi6ik3gq9-rippkgs-index-0.1.0/bin/
PATH: /nix/store/nca9ffbfh83d1r2cqg26ljmgj447ilri-man-db-2.11.2/bin/
PATH: /nix/store/83qm9rii0sd5251bjv8344bz9gg423a9-direnv-2.32.3/bin/
PATH: /home/runner/.nix-profile/bin/
PATH: /home/runner/.local/bin/
PATH: /usr/local/sbin/
PATH: /usr/local/bin/
PATH: /usr/sbin/
PATH: /usr/bin/
PATH: /sbin/
PATH: /bin/


## ----------- ##
## Core tests. ##
## ----------- ##

configure:1742: looking for aux files: missing install-sh
configure:1755:  trying ./
configure:1784:   ./missing found
configure:1766:   ./install-sh found
configure:1914: checking for a BSD-compatible install
configure:1987: result: /nix/store/a7gvj343m05j2s32xcnwr35v31ynlypr-coreutils-9.1/bin/install -c
configure:1998: checking whether build environment is sane
configure:2053: result: yes
configure:2212: checking for a race-free mkdir -p
configure:2256: result: /nix/store/a7gvj343m05j2s32xcnwr35v31ynlypr-coreutils-9.1/bin/mkdir -p
configure:2263: checking for gawk
configure:2284: found /nix/store/hwcdqw4jrjnd37wxqgsd47hd0j8bnj09-gawk-5.1.1/bin/gawk
configure:2295: result: gawk
configure:2306: checking whether make sets $(MAKE)
configure:2329: result: yes
configure:2359: checking whether make supports nested variables
configure:2377: result: yes
configure:2516: checking for xmllint
configure:2552: result: no
configure:2569: WARNING: xmllint not found; unable to validate against schema.
configure:2609: checking for a Python interpreter with version >= 2.5
configure:2627: python -c import sys # split strings by '.' and convert to numeric. Append some zeros # because we need at least 4 digits for the hex conversion. # map returns an iterator in Python 3.0 and a list in 2.x minver = list(map(int, '2.5'.split('.'))) + [0, 0, 0] minverhex = 0 # xrange is not present in Python 3.0 and range returns an iterator for i in list(range(0, 4)): minverhex = (minverhex << 8) + minver[i] sys.exit(sys.hexversion < minverhex)
configure:2630: $? = 0
configure:2637: result: python
configure:2645: checking for python
configure:2668: found /nix/store/zdba9frlxj2ba8ca095win3nphsiiqhb-python3-3.10.8/bin/python
configure:2680: result: /nix/store/zdba9frlxj2ba8ca095win3nphsiiqhb-python3-3.10.8/bin/python
configure:2697: checking for python version
configure:2705: result: 3.10
configure:2710: checking for python platform
configure:2718: result: linux
configure:2779: checking for GNU default python prefix
configure:2781: result: ${prefix}
configure:2847: checking for GNU default python exec_prefix
configure:2849: result: ${exec_prefix}
configure:2880: checking for python script directory (pythondir)
configure:2915: result: ${PYTHON_PREFIX}/lib/python3.10/site-packages
configure:2923: checking for python extension module directory (pyexecdir)
configure:2958: result: ${PYTHON_EXEC_PREFIX}/lib/python3.10/site-packages
configure:3112: checking that generated files are newer than configure
configure:3118: result: done
configure:3130: creating ./config.status

## ---------------------- ##
## Running config.status. ##
## ---------------------- ##

This file was extended by XCB Proto config.status 1.16.0, which was
generated by GNU Autoconf 2.71.  Invocation command line was

  CONFIG_FILES    = 
  CONFIG_HEADERS  = 
  CONFIG_LINKS    = 
  CONFIG_COMMANDS = 
  $ ./config.status --quiet

on e3b8a517d9fa

config.status:755: creating Makefile
config.status:755: creating src/Makefile
config.status:755: creating xcbgen/Makefile
config.status:755: creating xcb-proto.pc

## ---------------- ##
## Cache variables. ##
## ---------------- ##

ac_cv_env_PYTHON_set=
ac_cv_env_PYTHON_value=
ac_cv_env_build_alias_set=
ac_cv_env_build_alias_value=
ac_cv_env_host_alias_set=
ac_cv_env_host_alias_value=
ac_cv_env_target_alias_set=
ac_cv_env_target_alias_value=
ac_cv_path_PYTHON=/nix/store/zdba9frlxj2ba8ca095win3nphsiiqhb-python3-3.10.8/bin/python
ac_cv_path_XMLLINT=no
ac_cv_path_install='/nix/store/a7gvj343m05j2s32xcnwr35v31ynlypr-coreutils-9.1/bin/install -c'
ac_cv_path_mkdir=/nix/store/a7gvj343m05j2s32xcnwr35v31ynlypr-coreutils-9.1/bin/mkdir
ac_cv_prog_AWK=gawk
ac_cv_prog_make_make_set=yes
am_cv_make_support_nested_variables=yes
am_cv_pathless_PYTHON=python
am_cv_python_platform=linux
am_cv_python_pyexecdir='${PYTHON_EXEC_PREFIX}/lib/python3.10/site-packages'
am_cv_python_pythondir='${PYTHON_PREFIX}/lib/python3.10/site-packages'
am_cv_python_version=3.10

## ----------------- ##
## Output variables. ##
## ----------------- ##

ACLOCAL='${SHELL} '\''/home/runner/gbtestc/work/xcb-proto-1.16.0/missing'\'' aclocal-1.16'
AMTAR='$${TAR-tar}'
AM_BACKSLASH='\'
AM_DEFAULT_V='$(AM_DEFAULT_VERBOSITY)'
AM_DEFAULT_VERBOSITY='1'
AM_V='$(V)'
AUTOCONF='${SHELL} '\''/home/runner/gbtestc/work/xcb-proto-1.16.0/missing'\'' autoconf'
AUTOHEADER='${SHELL} '\''/home/runner/gbtestc/work/xcb-proto-1.16.0/missing'\'' autoheader'
AUTOMAKE='${SHELL} '\''/home/runner/gbtestc/work/xcb-proto-1.16.0/missing'\'' automake-1.16'
AWK='gawk'
CSCOPE='cscope'
CTAGS='ctags'
CYGPATH_W='echo'
DEFS='-DPACKAGE_NAME=\"XCB\ Proto\" -DPACKAGE_TARNAME=\"xcb-proto\" -DPACKAGE_VERSION=\"1.16.0\" -DPACKAGE_STRING=\"XCB\ Proto\ 1.16.0\" -DPACKAGE_BUGREPORT=\"xcb@lists.freedesktop.org\" -DPACKAGE_URL=\"\" -DPACKAGE=\"xcb-proto\" -DVERSION=\"1.16.0\"'
ECHO_C=''
ECHO_N='-n'
ECHO_T=''
ETAGS='etags'
HAVE_XMLLINT_FALSE=''
HAVE_XMLLINT_TRUE='#'
INSTALL_DATA='${INSTALL} -m 644'
INSTALL_PROGRAM='${INSTALL}'
INSTALL_SCRIPT='${INSTALL}'
INSTALL_STRIP_PROGRAM='$(install_sh) -c -s'
LIBOBJS=''
LIBS=''
LTLIBOBJS=''
MAKEINFO='${SHELL} '\''/home/runner/gbtestc/work/xcb-proto-1.16.0/missing'\'' makeinfo'
MKDIR_P='/nix/store/a7gvj343m05j2s32xcnwr35v31ynlypr-coreutils-9.1/bin/mkdir -p'
PACKAGE='xcb-proto'
PACKAGE_BUGREPORT='xcb@lists.freedesktop.org'
PACKAGE_NAME='XCB Proto'
PACKAGE_STRING='XCB Proto 1.16.0'
PACKAGE_TARNAME='xcb-proto'
PACKAGE_URL=''
PACKAGE_VERSION='1.16.0'
PATH_SEPARATOR=':'
PYTHON='/nix/store/zdba9frlxj2ba8ca095win3nphsiiqhb-python3-3.10.8/bin/python'
PYTHON_EXEC_PREFIX='${exec_prefix}'
PYTHON_PLATFORM='linux'
PYTHON_PREFIX='${prefix}'
PYTHON_VERSION='3.10'
SET_MAKE=''
SHELL='/nix/store/dsd5gz46hdbdk2rfdimqddhq6m8m8fqs-bash-5.1-p16/bin/bash'
STRIP='strip'
VERSION='1.16.0'
XMLLINT='no'
am__isrc=''
am__leading_dot='.'
am__tar='$${TAR-tar} chof - "$$tardir"'
am__untar='$${TAR-tar} xf -'
bindir='${exec_prefix}/bin'
build_alias=''
datadir='${datarootdir}'
datarootdir='${prefix}/share'
docdir='${datarootdir}/doc/${PACKAGE_TARNAME}'
dvidir='${docdir}'
exec_prefix='${prefix}'
host_alias=''
htmldir='${docdir}'
includedir='${prefix}/include'
infodir='${datarootdir}/info'
install_sh='${SHELL} /home/runner/gbtestc/work/xcb-proto-1.16.0/install-sh'
libdir='${exec_prefix}/lib'
libexecdir='${exec_prefix}/libexec'
localedir='${datarootdir}/locale'
localstatedir='${prefix}/var'
mandir='${datarootdir}/man'
mkdir_p='$(MKDIR_P)'
oldincludedir='/usr/include'
pdfdir='${docdir}'
pkgpyexecdir='${pyexecdir}/xcb-proto'
pkgpythondir='${pythondir}/xcb-proto'
prefix='/home/runner/.local'
program_transform_name='s,x,x,'
psdir='${docdir}'
pyexecdir='${PYTHON_EXEC_PREFIX}/lib/python3.10/site-packages'
pythondir='${PYTHON_PREFIX}/lib/python3.10/site-packages'
runstatedir='${localstatedir}/run'
sbindir='${exec_prefix}/sbin'
sharedstatedir='${prefix}/com'
sysconfdir='${prefix}/etc'
target_alias=''
xcbincludedir='${datadir}/xcb'

## ----------- ##
## confdefs.h. ##
## ----------- ##

/* confdefs.h */
#define PACKAGE_NAME "XCB Proto"
#define PACKAGE_TARNAME "xcb-proto"
#define PACKAGE_VERSION "1.16.0"
#define PACKAGE_STRING "XCB Proto 1.16.0"
#define PACKAGE_BUGREPORT "xcb@lists.freedesktop.org"
#define PACKAGE_URL ""
#define PACKAGE "xcb-proto"
#define VERSION "1.16.0"

configure: exit 0
