This file contains any messages produced by compilers while
running configure, to aid debugging if configure makes a mistake.

It was created by libXext configure 1.3.6, which was
generated by GNU Autoconf 2.72.  Invocation command line was

  $ ./configure --prefix=/home/runner/.local --quiet

## --------- ##
## Platform. ##
## --------- ##

hostname = a7dcf119bd33
uname -m = x86_64
uname -r = 6.5.0-1014-gcp
uname -s = Linux
uname -v = #14~22.04.1-Ubuntu SMP Sat Feb 10 04:57:00 UTC 2024

/usr/bin/uname -p = x86_64
/bin/uname -X     = unknown

/bin/arch              = x86_64
/usr/bin/arch -k       = unknown
/usr/convex/getsysinfo = unknown
/usr/bin/hostinfo      = unknown
/bin/machine           = unknown
/usr/bin/oslevel       = unknown
/bin/universe          = unknown

PATH: /nix/store/bap4d0lpcrhpwmpb8ayjcgkmvfj62lnq-bash-interactive-5.1-p16/bin/
PATH: /nix/store/pr5n59mb4jzmfx6kanwxly0l07p861fg-patchelf-0.15.0/bin/
PATH: /nix/store/dq0xwmsk1g0i2ayg6pb7y87na2knzylh-gcc-wrapper-11.3.0/bin/
PATH: /nix/store/1gf2flfqnpqbr1b4p4qz2f72y42bs56r-gcc-11.3.0/bin/
PATH: /nix/store/57xv61c5zi8pphjbcwxxjlgc34p61ic9-glibc-2.35-163-bin/bin/
PATH: /nix/store/a7gvj343m05j2s32xcnwr35v31ynlypr-coreutils-9.1/bin/
PATH: /nix/store/1d6ian3r8kdzspw8hacjhl3xkp40g1lj-binutils-wrapper-2.39/bin/
PATH: /nix/store/039g378vc3pc3dvi9dzdlrd0i4q93qwf-binutils-2.39/bin/
PATH: /nix/store/zdba9frlxj2ba8ca095win3nphsiiqhb-python3-3.10.8/bin/
PATH: /nix/store/kblplvpffcfn0zprj80vh41xchjx4jag-wget-1.21.3/bin/
PATH: /nix/store/0jz5bmaic7n6sbf8s08bi80jkhkgwj07-pkg-config-0.29.2/bin/
PATH: /nix/store/1a17m1274igh0clzhby36lgx8078lvqx-xterm-375/bin/
PATH: /nix/store/l5ab1dv2j3mmlxcw88fcj7zgg078cib3-neofetch-unstable-2021-12-10/bin/
PATH: /nix/store/rxb9zl1mdx9f2n3z0nyv9zhngj3f2pw0-cmake-3.24.3/bin/
PATH: /nix/store/ghvw9lxj8wy3qjip2jv6qsqwvqh6r86j-gdb-12.1/bin/
PATH: /nix/store/wxr8ks20v5dnq7v8dikdd2gjnlmpgrxm-xauth-1.1/bin/
PATH: /nix/store/l3m7axrj699nx4j024sb0dw0215alsd1-alsa-lib-1.2.7.2/bin/
PATH: /nix/store/18y8p4mjwjy26npih04hfv48wz9czgk3-attr-2.5.1-bin/bin/
PATH: /nix/store/q8s1kzhsblr2a1p2g0lh2dkcgca1im3z-libcap-2.66/bin/
PATH: /nix/store/bvihhgw8bh6cqqlj0d4s8cvmm4mqmzfc-pulseaudio-16.1/bin/
PATH: /nix/store/mydc6f4k2z73xlcz7ilif3v2lcaiqvza-findutils-4.9.0/bin/
PATH: /nix/store/j9p3g8472iijd50vhdprx0nmk2fqn5gv-diffutils-3.8/bin/
PATH: /nix/store/89zs7rms6x00xfq4dq6m7mjnhkr8a6r4-gnused-4.8/bin/
PATH: /nix/store/86bp03jkmsl6f92w0yzg4s59g5mhxwmy-gnugrep-3.7/bin/
PATH: /nix/store/hwcdqw4jrjnd37wxqgsd47hd0j8bnj09-gawk-5.1.1/bin/
PATH: /nix/store/cfbhw8r8ags41vwqaz47r583d0p4h4a1-gnutar-1.34/bin/
PATH: /nix/store/p3m1ndl1lapwrlh698bnb5lvvxh67378-gzip-1.12/bin/
PATH: /nix/store/a8mhcagrsly7c7mpjrpsnaahk4aax056-bzip2-1.0.8-bin/bin/
PATH: /nix/store/mblgz65m3zv9x548a3d5m96fj2pbwr09-gnumake-4.3/bin/
PATH: /nix/store/dsd5gz46hdbdk2rfdimqddhq6m8m8fqs-bash-5.1-p16/bin/
PATH: /nix/store/v7ljksji50mg3w61dykaa3n3y79n6nil-patch-2.7.6/bin/
PATH: /nix/store/zlcnmqq14jz5x9439jf937mvayyl63da-xz-5.2.7-bin/bin/
PATH: /nix/store/y6aj732zm9m87c82fpvf103a1xb22blp-file-5.43/bin/
PATH: /nix/store/yq0vlv3d2f5si3ibawpq5ay2pc6knixp-nix-2.18.0pre20230808_c0e6466/bin/
PATH: /nix/store/i4kzir3m7mrisxmf5xvlnkw01x4qaqr4-prybar-elisp-0.0.0-e0d9a52/bin/
PATH: /nix/store/lwwivxf6h7x3cvxp9zv8sj0mv7dak99r-prybar-lua-0.0.0-e0d9a52/bin/
PATH: /nix/store/gxj28g1cg4hq3qanmjv07156h800qr58-prybar-python3-0.0.0-e0d9a52/bin/
PATH: /nix/store/hshkjnxrgidigf8x75vg6lqng2xlx9i3-prybar-sqlite-0.0.0-e0d9a52/bin/
PATH: /nix/store/c4w01bpjgyy5ixmwdk8m1pw87zq4sl26-prybar-tcl-0.0.0-e0d9a52/bin/
PATH: /nix/store/hpbvrlwd5viqmvcaisb3x0118i913a9n-stderred-0.1.0/bin/
PATH: /nix/store/c98w73rq49rr8f0lldlf8finwmq0s17x-upm-0.0.0-c1533a6/bin/
PATH: /nix/store/6305c4pd8wyhbayzl21yxw0znbzfhg4x-pid1/bin/
PATH: /nix/store/ic6qnrphr39fbwjcxkgjp8xlczn15hq1-less-643/bin/
PATH: /nix/store/whwwhd6ns271bj0ff86ap37i9r9kzi9c-git-2.42.0/bin/
PATH: /nix/store/r1diwi9xkwqrbkv0mrckh19ppp06r9i4-silver-searcher-2.2.0/bin/
PATH: /nix/store/ixqgy5s0zr9mricqrv5f4sv6dfky7iz9-bash/bin/
PATH: /nix/store/vwkvhj69z4qqgmpa2lwm97kabf12p26r-coreutils-9.3/bin/
PATH: /nix/store/ndx64mdps5p74illylpzq25pi4kbr05x-vscode-cpptools-dap-1.3.1/bin/
PATH: /nix/store/6lppqybghirwljfwcwbr0z7rzdqncn3j-replit-python-dap-wrapper-1.0.0/bin/
PATH: /nix/store/36pkp8h1i81xmdc892awly75l8gifmgl-node-dap/bin/
PATH: /nix/store/k4ww8n0mqbx5ff0aj90jnqi0swr8akla-pydeppaths-1.0.0/bin/
PATH: /nix/store/90hs7aipck6vz90xpdyb6vjjzlr7ci64-fluxbox/bin/
PATH: /nix/store/qpnf0dafrfsbcwb4z7cphjm0dff0vl7l-prybar-nodejs-0.0.0-e0d9a52/bin/
PATH: /nix/store/p109137pdyy3l8xjzd2zwknhc2l4yj5a-pulseaudio-16.1/bin/
PATH: /nix/store/146hw02zpnhkn5cabjf3pmdl32clz0jn-rfbproxy-0.0.0-9c8ca29/bin/
PATH: /nix/store/g5vyafx7amin9rv99npzz54bgp437kgd-toml-editor-0.0.0-d7dc78d/bin/
PATH: /nix/store/mi0by7pw54j7nn8a9pp8z03rghfhb2ba-nix-editor-0.0.0-fb83e47/bin/
PATH: /nix/store/xxwdh0kcj077br5vy2kpi6bznwlq6axi-tigervnc-1.13.1/bin/
PATH: /nix/store/kxxmdnyk9zhn52v8yhjksiq2cx90vyd2-xwininfo-1.1.6/bin/
PATH: /nix/store/pv89r9i1d8ajin2vp7qfs63nakg7s17k-replbox/bin/
PATH: /nix/store/0g1lq3vff290wainxdlbz9a18m28pr4r-curl-8.4.0-bin/bin/
PATH: /nix/store/f5qy259g9b4qh0hwz22z5j5bq3m53cpv-gnutar-1.35/bin/
PATH: /nix/store/3nbvki8kpyni8nq8q6dbzhrmrpgcbvyz-libglvnd-1.6.0/bin/
PATH: /nix/store/x8gff7zw0xn2kzj0xi36kwkwh5irl9mw-ripgrep-13.0.0/bin/
PATH: /nix/store/xnrc27zfxhpwbd8gcmfyh36r4wa5l72j-sd-0.7.6/bin/
PATH: /nix/store/412vmy2s2w63653mfnk3p6w8m1mbvcwq-apt-get/bin/
PATH: /nix/store/s50yw8wrq90ajh6q2yg8by4jk0c48ig4-apt/bin/
PATH: /nix/store/jj38yn79vfwpsasrvg63kz3q3znni1i8-sudo/bin/
PATH: /nix/store/252w9k71955a6g4ym4646x35ixwhxbmw-replit-git-askpass/bin/
PATH: /nix/store/wz8sm86f9vp5y10r62j4afxqr8dd28fl-replit-git-editor/bin/
PATH: /nix/store/n0ldnqg7x2alq0smwb3sw08n9m5rav1i-xdg-open/bin/
PATH: /nix/store/w8jl7avpp9sw6jaskrhwb9qcal3axgrk-moduleit/bin/
PATH: /nix/store/sgfpq33a3wccawxlw03frwvrjfhmwrfl-hostingpid1-1.0.8/bin/
PATH: /nix/store/zlzz2z48s7ry0hkl55xiqp5a73b4mzrg-gcc-wrapper-12.3.0/bin/
PATH: /nix/store/rzqd859mqsxq4w32lzgbmwlv68sxwwmw-gnumake-4.4.1/bin/
PATH: /nix/store/329fjnc15vmxw50wgxlc1vrpmzbymwdp-rippkgs-0.1.0/bin/
PATH: /nix/store/xp87fgwla0d84za1m3mviq9hi6ik3gq9-rippkgs-index-0.1.0/bin/
PATH: /nix/store/nca9ffbfh83d1r2cqg26ljmgj447ilri-man-db-2.11.2/bin/
PATH: /nix/store/83qm9rii0sd5251bjv8344bz9gg423a9-direnv-2.32.3/bin/
PATH: /home/runner/.nix-profile/bin/
PATH: /home/runner/.local/bin/
PATH: /usr/local/sbin/
PATH: /usr/local/bin/
PATH: /usr/sbin/
PATH: /usr/bin/
PATH: /sbin/
PATH: /bin/


## ----------- ##
## Core tests. ##
## ----------- ##

configure:2633: looking for aux files: config.guess config.sub ltmain.sh missing install-sh compile
configure:2646:  trying ./
configure:2675:   ./config.guess found
configure:2675:   ./config.sub found
configure:2675:   ./ltmain.sh found
configure:2675:   ./missing found
configure:2657:   ./install-sh found
configure:2675:   ./compile found
configure:2863: checking for gcc
configure:2896: result: /nix/store/dq0xwmsk1g0i2ayg6pb7y87na2knzylh-gcc-wrapper-11.3.0/bin/gcc
configure:3255: checking for C compiler version
configure:3264: /nix/store/dq0xwmsk1g0i2ayg6pb7y87na2knzylh-gcc-wrapper-11.3.0/bin/gcc --version >&5
gcc (GCC) 11.3.0
Copyright (C) 2021 Free Software Foundation, Inc.
This is free software; see the source for copying conditions.  There is NO
warranty; not even for MERCHANTABILITY or FITNESS FOR A PARTICULAR PURPOSE.

configure:3275: $? = 0
configure:3264: /nix/store/dq0xwmsk1g0i2ayg6pb7y87na2knzylh-gcc-wrapper-11.3.0/bin/gcc -v >&5
Using built-in specs.
COLLECT_GCC=/nix/store/1gf2flfqnpqbr1b4p4qz2f72y42bs56r-gcc-11.3.0/bin/gcc
COLLECT_LTO_WRAPPER=/nix/store/1gf2flfqnpqbr1b4p4qz2f72y42bs56r-gcc-11.3.0/libexec/gcc/x86_64-unknown-linux-gnu/11.3.0/lto-wrapper
Target: x86_64-unknown-linux-gnu
Configured with: 
Thread model: posix
Supported LTO compression algorithms: zlib
gcc version 11.3.0 (GCC) 
configure:3275: $? = 0
configure:3264: /nix/store/dq0xwmsk1g0i2ayg6pb7y87na2knzylh-gcc-wrapper-11.3.0/bin/gcc -V >&5
gcc: error: unrecognized command-line option '-V'
gcc: fatal error: no input files
compilation terminated.
configure:3275: $? = 1
configure:3264: /nix/store/dq0xwmsk1g0i2ayg6pb7y87na2knzylh-gcc-wrapper-11.3.0/bin/gcc -qversion >&5
gcc: error: unrecognized command-line option '-qversion'; did you mean '--version'?
gcc: fatal error: no input files
compilation terminated.
configure:3275: $? = 1
configure:3264: /nix/store/dq0xwmsk1g0i2ayg6pb7y87na2knzylh-gcc-wrapper-11.3.0/bin/gcc -version >&5
gcc: error: unrecognized command-line option '-version'
gcc: fatal error: no input files
compilation terminated.
configure:3275: $? = 1
configure:3295: checking whether the C compiler works
configure:3317: /nix/store/dq0xwmsk1g0i2ayg6pb7y87na2knzylh-gcc-wrapper-11.3.0/bin/gcc    conftest.c  >&5
configure:3321: $? = 0
configure:3372: result: yes
configure:3376: checking for C compiler default output file name
configure:3378: result: a.out
configure:3384: checking for suffix of executables
configure:3391: /nix/store/dq0xwmsk1g0i2ayg6pb7y87na2knzylh-gcc-wrapper-11.3.0/bin/gcc -o conftest    conftest.c  >&5
configure:3395: $? = 0
configure:3419: result: 
configure:3443: checking whether we are cross compiling
configure:3451: /nix/store/dq0xwmsk1g0i2ayg6pb7y87na2knzylh-gcc-wrapper-11.3.0/bin/gcc -o conftest    conftest.c  >&5
configure:3455: $? = 0
configure:3462: ./conftest
configure:3466: $? = 0
configure:3481: result: no
configure:3487: checking for suffix of object files
configure:3510: /nix/store/dq0xwmsk1g0i2ayg6pb7y87na2knzylh-gcc-wrapper-11.3.0/bin/gcc -c   conftest.c >&5
configure:3514: $? = 0
configure:3538: result: o
configure:3542: checking whether the compiler supports GNU C
configure:3562: /nix/store/dq0xwmsk1g0i2ayg6pb7y87na2knzylh-gcc-wrapper-11.3.0/bin/gcc -c   conftest.c >&5
configure:3562: $? = 0
configure:3574: result: yes
configure:3585: checking whether /nix/store/dq0xwmsk1g0i2ayg6pb7y87na2knzylh-gcc-wrapper-11.3.0/bin/gcc accepts -g
configure:3606: /nix/store/dq0xwmsk1g0i2ayg6pb7y87na2knzylh-gcc-wrapper-11.3.0/bin/gcc -c -g  conftest.c >&5
configure:3606: $? = 0
configure:3653: result: yes
configure:3673: checking for /nix/store/dq0xwmsk1g0i2ayg6pb7y87na2knzylh-gcc-wrapper-11.3.0/bin/gcc option to enable C11 features
configure:3688: /nix/store/dq0xwmsk1g0i2ayg6pb7y87na2knzylh-gcc-wrapper-11.3.0/bin/gcc  -c -g -O2  conftest.c >&5
configure:3688: $? = 0
configure:3707: result: none needed
configure:3831: checking whether /nix/store/dq0xwmsk1g0i2ayg6pb7y87na2knzylh-gcc-wrapper-11.3.0/bin/gcc understands -c and -o together
configure:3854: /nix/store/dq0xwmsk1g0i2ayg6pb7y87na2knzylh-gcc-wrapper-11.3.0/bin/gcc -c conftest.c -o conftest2.o
configure:3857: $? = 0
configure:3854: /nix/store/dq0xwmsk1g0i2ayg6pb7y87na2knzylh-gcc-wrapper-11.3.0/bin/gcc -c conftest.c -o conftest2.o
configure:3857: $? = 0
configure:3870: result: yes
configure:3892: checking for stdio.h
configure:3892: /nix/store/dq0xwmsk1g0i2ayg6pb7y87na2knzylh-gcc-wrapper-11.3.0/bin/gcc -c -g -O2  conftest.c >&5
configure:3892: $? = 0
configure:3892: result: yes
configure:3892: checking for stdlib.h
configure:3892: /nix/store/dq0xwmsk1g0i2ayg6pb7y87na2knzylh-gcc-wrapper-11.3.0/bin/gcc -c -g -O2  conftest.c >&5
configure:3892: $? = 0
configure:3892: result: yes
configure:3892: checking for string.h
configure:3892: /nix/store/dq0xwmsk1g0i2ayg6pb7y87na2knzylh-gcc-wrapper-11.3.0/bin/gcc -c -g -O2  conftest.c >&5
configure:3892: $? = 0
configure:3892: result: yes
configure:3892: checking for inttypes.h
configure:3892: /nix/store/dq0xwmsk1g0i2ayg6pb7y87na2knzylh-gcc-wrapper-11.3.0/bin/gcc -c -g -O2  conftest.c >&5
configure:3892: $? = 0
configure:3892: result: yes
configure:3892: checking for stdint.h
configure:3892: /nix/store/dq0xwmsk1g0i2ayg6pb7y87na2knzylh-gcc-wrapper-11.3.0/bin/gcc -c -g -O2  conftest.c >&5
configure:3892: $? = 0
configure:3892: result: yes
configure:3892: checking for strings.h
configure:3892: /nix/store/dq0xwmsk1g0i2ayg6pb7y87na2knzylh-gcc-wrapper-11.3.0/bin/gcc -c -g -O2  conftest.c >&5
configure:3892: $? = 0
configure:3892: result: yes
configure:3892: checking for sys/stat.h
configure:3892: /nix/store/dq0xwmsk1g0i2ayg6pb7y87na2knzylh-gcc-wrapper-11.3.0/bin/gcc -c -g -O2  conftest.c >&5
configure:3892: $? = 0
configure:3892: result: yes
configure:3892: checking for sys/types.h
configure:3892: /nix/store/dq0xwmsk1g0i2ayg6pb7y87na2knzylh-gcc-wrapper-11.3.0/bin/gcc -c -g -O2  conftest.c >&5
configure:3892: $? = 0
configure:3892: result: yes
configure:3892: checking for unistd.h
configure:3892: /nix/store/dq0xwmsk1g0i2ayg6pb7y87na2knzylh-gcc-wrapper-11.3.0/bin/gcc -c -g -O2  conftest.c >&5
configure:3892: $? = 0
configure:3892: result: yes
configure:3892: checking for wchar.h
configure:3892: /nix/store/dq0xwmsk1g0i2ayg6pb7y87na2knzylh-gcc-wrapper-11.3.0/bin/gcc -c -g -O2  conftest.c >&5
configure:3892: $? = 0
configure:3892: result: yes
configure:3892: checking for minix/config.h
configure:3892: /nix/store/dq0xwmsk1g0i2ayg6pb7y87na2knzylh-gcc-wrapper-11.3.0/bin/gcc -c -g -O2  conftest.c >&5
conftest.c:47:10: fatal error: minix/config.h: No such file or directory
   47 | #include <minix/config.h>
      |          ^~~~~~~~~~~~~~~~
compilation terminated.
configure:3892: $? = 1
configure: failed program was:
| /* confdefs.h */
| #define PACKAGE_NAME "libXext"
| #define PACKAGE_TARNAME "libXext"
| #define PACKAGE_VERSION "1.3.6"
| #define PACKAGE_STRING "libXext 1.3.6"
| #define PACKAGE_BUGREPORT "https://gitlab.freedesktop.org/xorg/lib/libxext/-/issues"
| #define PACKAGE_URL ""
| #define HAVE_STDIO_H 1
| #define HAVE_STDLIB_H 1
| #define HAVE_STRING_H 1
| #define HAVE_INTTYPES_H 1
| #define HAVE_STDINT_H 1
| #define HAVE_STRINGS_H 1
| #define HAVE_SYS_STAT_H 1
| #define HAVE_SYS_TYPES_H 1
| #define HAVE_UNISTD_H 1
| #define HAVE_WCHAR_H 1
| /* end confdefs.h.  */
| #include <stddef.h>
| #ifdef HAVE_STDIO_H
| # include <stdio.h>
| #endif
| #ifdef HAVE_STDLIB_H
| # include <stdlib.h>
| #endif
| #ifdef HAVE_STRING_H
| # include <string.h>
| #endif
| #ifdef HAVE_INTTYPES_H
| # include <inttypes.h>
| #endif
| #ifdef HAVE_STDINT_H
| # include <stdint.h>
| #endif
| #ifdef HAVE_STRINGS_H
| # include <strings.h>
| #endif
| #ifdef HAVE_SYS_TYPES_H
| # include <sys/types.h>
| #endif
| #ifdef HAVE_SYS_STAT_H
| # include <sys/stat.h>
| #endif
| #ifdef HAVE_UNISTD_H
| # include <unistd.h>
| #endif
| #include <minix/config.h>
configure:3892: result: no
configure:3923: checking whether it is safe to define __EXTENSIONS__
configure:3942: /nix/store/dq0xwmsk1g0i2ayg6pb7y87na2knzylh-gcc-wrapper-11.3.0/bin/gcc -c -g -O2  conftest.c >&5
configure:3942: $? = 0
configure:3952: result: yes
configure:3955: checking whether _XOPEN_SOURCE should be defined
configure:3977: /nix/store/dq0xwmsk1g0i2ayg6pb7y87na2knzylh-gcc-wrapper-11.3.0/bin/gcc -c -g -O2  conftest.c >&5
configure:3977: $? = 0
configure:4006: result: no
configure:4084: checking for a BSD-compatible install
configure:4158: result: /nix/store/a7gvj343m05j2s32xcnwr35v31ynlypr-coreutils-9.1/bin/install -c
configure:4169: checking whether build environment is sane
configure:4224: result: yes
configure:4381: checking for a race-free mkdir -p
configure:4424: result: /nix/store/a7gvj343m05j2s32xcnwr35v31ynlypr-coreutils-9.1/bin/mkdir -p
configure:4431: checking for gawk
configure:4452: found /nix/store/hwcdqw4jrjnd37wxqgsd47hd0j8bnj09-gawk-5.1.1/bin/gawk
configure:4464: result: gawk
configure:4475: checking whether make sets $(MAKE)
configure:4499: result: yes
configure:4521: checking whether make supports the include directive
configure:4536: make -f confmf.GNU && cat confinc.out
this is the am__doit target
configure:4539: $? = 0
configure:4558: result: yes (GNU style)
configure:4593: checking whether make supports nested variables
configure:4612: result: yes
configure:4693: checking dependency style of /nix/store/dq0xwmsk1g0i2ayg6pb7y87na2knzylh-gcc-wrapper-11.3.0/bin/gcc
configure:4806: result: gcc3
configure:4912: checking build system type
configure:4928: result: x86_64-pc-linux-gnu
configure:4948: checking host system type
configure:4963: result: x86_64-pc-linux-gnu
configure:5004: checking how to print strings
configure:5031: result: printf
configure:5052: checking for a sed that does not truncate output
configure:5124: result: /nix/store/89zs7rms6x00xfq4dq6m7mjnhkr8a6r4-gnused-4.8/bin/sed
configure:5142: checking for grep that handles long lines and -e
configure:5208: result: /nix/store/86bp03jkmsl6f92w0yzg4s59g5mhxwmy-gnugrep-3.7/bin/grep
configure:5213: checking for egrep
configure:5283: result: /nix/store/86bp03jkmsl6f92w0yzg4s59g5mhxwmy-gnugrep-3.7/bin/grep -E
configure:5290: checking for fgrep
configure:5360: result: /nix/store/86bp03jkmsl6f92w0yzg4s59g5mhxwmy-gnugrep-3.7/bin/grep -F
configure:5397: checking for ld used by /nix/store/dq0xwmsk1g0i2ayg6pb7y87na2knzylh-gcc-wrapper-11.3.0/bin/gcc
configure:5466: result: ld
configure:5473: checking if the linker (ld) is GNU ld
configure:5490: result: yes
configure:5502: checking for BSD- or MS-compatible name lister (nm)
configure:5558: result: nm
configure:5700: checking the name lister (nm) interface
configure:5708: /nix/store/dq0xwmsk1g0i2ayg6pb7y87na2knzylh-gcc-wrapper-11.3.0/bin/gcc -c -g -O2  conftest.c >&5
configure:5711: nm "conftest.o"
configure:5714: output
0000000000000000 B some_variable
configure:5722: result: BSD nm
configure:5725: checking whether ln -s works
configure:5729: result: yes
configure:5737: checking the maximum length of command line arguments
configure:5870: result: 1572864
configure:5918: checking how to convert x86_64-pc-linux-gnu file names to x86_64-pc-linux-gnu format
configure:5960: result: func_convert_file_noop
configure:5967: checking how to convert x86_64-pc-linux-gnu file names to toolchain format
configure:5989: result: func_convert_file_noop
configure:5996: checking for ld option to reload object files
configure:6005: result: -r
configure:6085: checking for file
configure:6106: found /nix/store/y6aj732zm9m87c82fpvf103a1xb22blp-file-5.43/bin/file
configure:6118: result: file
configure:6195: checking for objdump
configure:6228: result: objdump
configure:6260: checking how to recognize dependent libraries
configure:6462: result: pass_all
configure:6553: checking for dlltool
configure:6589: result: no
configure:6619: checking how to associate runtime and link libraries
configure:6648: result: printf %s\n
configure:6800: checking for archiver @FILE support
configure:6818: /nix/store/dq0xwmsk1g0i2ayg6pb7y87na2knzylh-gcc-wrapper-11.3.0/bin/gcc -c -g -O2  conftest.c >&5
configure:6818: $? = 0
configure:6822: ar cr libconftest.a @conftest.lst >&5
configure:6825: $? = 0
configure:6830: ar cr libconftest.a @conftest.lst >&5
ar: conftest.o: No such file or directory
configure:6833: $? = 1
configure:6846: result: @
configure:6910: checking for strip
configure:6943: result: strip
configure:7021: checking for ranlib
configure:7054: result: ranlib
configure:7156: checking command to parse nm output from /nix/store/dq0xwmsk1g0i2ayg6pb7y87na2knzylh-gcc-wrapper-11.3.0/bin/gcc object
configure:7310: /nix/store/dq0xwmsk1g0i2ayg6pb7y87na2knzylh-gcc-wrapper-11.3.0/bin/gcc -c -g -O2  conftest.c >&5
configure:7313: $? = 0
configure:7317: nm conftest.o \| /nix/store/89zs7rms6x00xfq4dq6m7mjnhkr8a6r4-gnused-4.8/bin/sed -n -e 's/^.*[ ]\([ABCDGIRSTW][ABCDGIRSTW]*\)[ ][ ]*\([_A-Za-z][_A-Za-z0-9]*\)$/\1 \2 \2/p' | /nix/store/89zs7rms6x00xfq4dq6m7mjnhkr8a6r4-gnused-4.8/bin/sed '/ __gnu_lto/d' \> conftest.nm
configure:7320: $? = 0
configure:7386: /nix/store/dq0xwmsk1g0i2ayg6pb7y87na2knzylh-gcc-wrapper-11.3.0/bin/gcc -o conftest -g -O2   conftest.c conftstm.o >&5
configure:7389: $? = 0
configure:7428: result: ok
configure:7475: checking for sysroot
configure:7507: result: no
configure:7514: checking for a working dd
configure:7559: result: /nix/store/a7gvj343m05j2s32xcnwr35v31ynlypr-coreutils-9.1/bin/dd
configure:7563: checking how to truncate binary pipes
configure:7580: result: /nix/store/a7gvj343m05j2s32xcnwr35v31ynlypr-coreutils-9.1/bin/dd bs=4096 count=1
configure:7717: /nix/store/dq0xwmsk1g0i2ayg6pb7y87na2knzylh-gcc-wrapper-11.3.0/bin/gcc -c -g -O2  conftest.c >&5
configure:7720: $? = 0
configure:7920: checking for mt
configure:7956: result: no
configure:7976: checking if : is a manifest tool
configure:7983: : '-?'
configure:7992: result: no
configure:8727: checking for dlfcn.h
configure:8727: /nix/store/dq0xwmsk1g0i2ayg6pb7y87na2knzylh-gcc-wrapper-11.3.0/bin/gcc -c -g -O2  conftest.c >&5
configure:8727: $? = 0
configure:8727: result: yes
configure:8992: checking for objdir
configure:9009: result: .libs
configure:9275: checking if /nix/store/dq0xwmsk1g0i2ayg6pb7y87na2knzylh-gcc-wrapper-11.3.0/bin/gcc supports -fno-rtti -fno-exceptions
configure:9294: /nix/store/dq0xwmsk1g0i2ayg6pb7y87na2knzylh-gcc-wrapper-11.3.0/bin/gcc -c -g -O2  -fno-rtti -fno-exceptions conftest.c >&5
cc1: warning: command-line option '-fno-rtti' is valid for C++/D/ObjC++ but not for C
configure:9298: $? = 0
configure:9312: result: no
configure:9670: checking for /nix/store/dq0xwmsk1g0i2ayg6pb7y87na2knzylh-gcc-wrapper-11.3.0/bin/gcc option to produce PIC
configure:9679: result: -fPIC -DPIC
configure:9687: checking if /nix/store/dq0xwmsk1g0i2ayg6pb7y87na2knzylh-gcc-wrapper-11.3.0/bin/gcc PIC flag -fPIC -DPIC works
configure:9706: /nix/store/dq0xwmsk1g0i2ayg6pb7y87na2knzylh-gcc-wrapper-11.3.0/bin/gcc -c -g -O2  -fPIC -DPIC -DPIC conftest.c >&5
configure:9710: $? = 0
configure:9724: result: yes
configure:9753: checking if /nix/store/dq0xwmsk1g0i2ayg6pb7y87na2knzylh-gcc-wrapper-11.3.0/bin/gcc static flag -static works
configure:9783: result: no
configure:9798: checking if /nix/store/dq0xwmsk1g0i2ayg6pb7y87na2knzylh-gcc-wrapper-11.3.0/bin/gcc supports -c -o file.o
configure:9820: /nix/store/dq0xwmsk1g0i2ayg6pb7y87na2knzylh-gcc-wrapper-11.3.0/bin/gcc -c -g -O2  -o out/conftest2.o conftest.c >&5
configure:9824: $? = 0
configure:9847: result: yes
configure:9855: checking if /nix/store/dq0xwmsk1g0i2ayg6pb7y87na2knzylh-gcc-wrapper-11.3.0/bin/gcc supports -c -o file.o
configure:9904: result: yes
configure:9937: checking whether the /nix/store/dq0xwmsk1g0i2ayg6pb7y87na2knzylh-gcc-wrapper-11.3.0/bin/gcc linker (ld -m elf_x86_64) supports shared libraries
configure:11210: result: yes
configure:11247: checking whether -lc should be explicitly linked in
configure:11256: /nix/store/dq0xwmsk1g0i2ayg6pb7y87na2knzylh-gcc-wrapper-11.3.0/bin/gcc -c -g -O2  conftest.c >&5
configure:11259: $? = 0
configure:11274: /nix/store/dq0xwmsk1g0i2ayg6pb7y87na2knzylh-gcc-wrapper-11.3.0/bin/gcc -shared  -fPIC -DPIC conftest.o  -v -Wl,-soname -Wl,conftest -o conftest 2\>\&1 \| /nix/store/86bp03jkmsl6f92w0yzg4s59g5mhxwmy-gnugrep-3.7/bin/grep  -lc  \>/dev/null 2\>\&1
configure:11277: $? = 0
configure:11292: result: no
configure:11452: checking dynamic linker characteristics
configure:12034: /nix/store/dq0xwmsk1g0i2ayg6pb7y87na2knzylh-gcc-wrapper-11.3.0/bin/gcc -o conftest -g -O2   -Wl,-rpath -Wl,/foo conftest.c  >&5
configure:12034: $? = 0
configure:12274: result: GNU/Linux ld.so
configure:12396: checking how to hardcode library paths into programs
configure:12421: result: immediate
configure:13021: checking whether stripping libraries is possible
configure:13030: result: yes
configure:13072: checking if libtool supports shared libraries
configure:13074: result: yes
configure:13077: checking whether to build shared libraries
configure:13102: result: yes
configure:13105: checking whether to build static libraries
configure:13109: result: yes
configure:13159: checking for /nix/store/dq0xwmsk1g0i2ayg6pb7y87na2knzylh-gcc-wrapper-11.3.0/bin/gcc options needed to detect all undeclared functions
configure:13181: /nix/store/dq0xwmsk1g0i2ayg6pb7y87na2knzylh-gcc-wrapper-11.3.0/bin/gcc -c -g -O2   conftest.c >&5
conftest.c: In function 'main':
conftest.c:45:8: error: 'strchr' undeclared (first use in this function)
   45 | (void) strchr;
      |        ^~~~~~
conftest.c:1:1: note: 'strchr' is defined in header '<string.h>'; did you forget to '#include <string.h>'?
    1 | /* confdefs.h */
conftest.c:45:8: note: each undeclared identifier is reported only once for each function it appears in
   45 | (void) strchr;
      |        ^~~~~~
configure:13181: $? = 1
configure: failed program was:
| /* confdefs.h */
| #define PACKAGE_NAME "libXext"
| #define PACKAGE_TARNAME "libXext"
| #define PACKAGE_VERSION "1.3.6"
| #define PACKAGE_STRING "libXext 1.3.6"
| #define PACKAGE_BUGREPORT "https://gitlab.freedesktop.org/xorg/lib/libxext/-/issues"
| #define PACKAGE_URL ""
| #define HAVE_STDIO_H 1
| #define HAVE_STDLIB_H 1
| #define HAVE_STRING_H 1
| #define HAVE_INTTYPES_H 1
| #define HAVE_STDINT_H 1
| #define HAVE_STRINGS_H 1
| #define HAVE_SYS_STAT_H 1
| #define HAVE_SYS_TYPES_H 1
| #define HAVE_UNISTD_H 1
| #define HAVE_WCHAR_H 1
| #define STDC_HEADERS 1
| #define _ALL_SOURCE 1
| #define _DARWIN_C_SOURCE 1
| #define _GNU_SOURCE 1
| #define _HPUX_ALT_XOPEN_SOCKET_API 1
| #define _NETBSD_SOURCE 1
| #define _OPENBSD_SOURCE 1
| #define _POSIX_PTHREAD_SEMANTICS 1
| #define __STDC_WANT_IEC_60559_ATTRIBS_EXT__ 1
| #define __STDC_WANT_IEC_60559_BFP_EXT__ 1
| #define __STDC_WANT_IEC_60559_DFP_EXT__ 1
| #define __STDC_WANT_IEC_60559_EXT__ 1
| #define __STDC_WANT_IEC_60559_FUNCS_EXT__ 1
| #define __STDC_WANT_IEC_60559_TYPES_EXT__ 1
| #define __STDC_WANT_LIB_EXT2__ 1
| #define __STDC_WANT_MATH_SPEC_FUNCS__ 1
| #define _TANDEM_SOURCE 1
| #define __EXTENSIONS__ 1
| #define PACKAGE "libXext"
| #define VERSION "1.3.6"
| #define HAVE_DLFCN_H 1
| #define LT_OBJDIR ".libs/"
| /* end confdefs.h.  */
| 
| int
| main (void)
| {
| (void) strchr;
|   ;
|   return 0;
| }
configure:13208: /nix/store/dq0xwmsk1g0i2ayg6pb7y87na2knzylh-gcc-wrapper-11.3.0/bin/gcc -c -g -O2   conftest.c >&5
configure:13208: $? = 0
configure:13228: result: none needed
configure:13246: checking whether __clang__ is declared
configure:13246: /nix/store/dq0xwmsk1g0i2ayg6pb7y87na2knzylh-gcc-wrapper-11.3.0/bin/gcc -c -g -O2   conftest.c >&5
conftest.c: In function 'main':
conftest.c:76:10: error: '__clang__' undeclared (first use in this function)
   76 |   (void) __clang__;
      |          ^~~~~~~~~
conftest.c:76:10: note: each undeclared identifier is reported only once for each function it appears in
configure:13246: $? = 1
configure: failed program was:
| /* confdefs.h */
| #define PACKAGE_NAME "libXext"
| #define PACKAGE_TARNAME "libXext"
| #define PACKAGE_VERSION "1.3.6"
| #define PACKAGE_STRING "libXext 1.3.6"
| #define PACKAGE_BUGREPORT "https://gitlab.freedesktop.org/xorg/lib/libxext/-/issues"
| #define PACKAGE_URL ""
| #define HAVE_STDIO_H 1
| #define HAVE_STDLIB_H 1
| #define HAVE_STRING_H 1
| #define HAVE_INTTYPES_H 1
| #define HAVE_STDINT_H 1
| #define HAVE_STRINGS_H 1
| #define HAVE_SYS_STAT_H 1
| #define HAVE_SYS_TYPES_H 1
| #define HAVE_UNISTD_H 1
| #define HAVE_WCHAR_H 1
| #define STDC_HEADERS 1
| #define _ALL_SOURCE 1
| #define _DARWIN_C_SOURCE 1
| #define _GNU_SOURCE 1
| #define _HPUX_ALT_XOPEN_SOCKET_API 1
| #define _NETBSD_SOURCE 1
| #define _OPENBSD_SOURCE 1
| #define _POSIX_PTHREAD_SEMANTICS 1
| #define __STDC_WANT_IEC_60559_ATTRIBS_EXT__ 1
| #define __STDC_WANT_IEC_60559_BFP_EXT__ 1
| #define __STDC_WANT_IEC_60559_DFP_EXT__ 1
| #define __STDC_WANT_IEC_60559_EXT__ 1
| #define __STDC_WANT_IEC_60559_FUNCS_EXT__ 1
| #define __STDC_WANT_IEC_60559_TYPES_EXT__ 1
| #define __STDC_WANT_LIB_EXT2__ 1
| #define __STDC_WANT_MATH_SPEC_FUNCS__ 1
| #define _TANDEM_SOURCE 1
| #define __EXTENSIONS__ 1
| #define PACKAGE "libXext"
| #define VERSION "1.3.6"
| #define HAVE_DLFCN_H 1
| #define LT_OBJDIR ".libs/"
| /* end confdefs.h.  */
| #include <stddef.h>
| #ifdef HAVE_STDIO_H
| # include <stdio.h>
| #endif
| #ifdef HAVE_STDLIB_H
| # include <stdlib.h>
| #endif
| #ifdef HAVE_STRING_H
| # include <string.h>
| #endif
| #ifdef HAVE_INTTYPES_H
| # include <inttypes.h>
| #endif
| #ifdef HAVE_STDINT_H
| # include <stdint.h>
| #endif
| #ifdef HAVE_STRINGS_H
| # include <strings.h>
| #endif
| #ifdef HAVE_SYS_TYPES_H
| # include <sys/types.h>
| #endif
| #ifdef HAVE_SYS_STAT_H
| # include <sys/stat.h>
| #endif
| #ifdef HAVE_UNISTD_H
| # include <unistd.h>
| #endif
| int
| main (void)
| {
| #ifndef __clang__
| #ifdef __cplusplus
|   (void) __clang__;
| #else
|   (void) __clang__;
| #endif
| #endif
| 
|   ;
|   return 0;
| }
configure:13246: result: no
configure:13254: checking whether __INTEL_COMPILER is declared
configure:13254: /nix/store/dq0xwmsk1g0i2ayg6pb7y87na2knzylh-gcc-wrapper-11.3.0/bin/gcc -c -g -O2   conftest.c >&5
conftest.c: In function 'main':
conftest.c:76:10: error: '__INTEL_COMPILER' undeclared (first use in this function)
   76 |   (void) __INTEL_COMPILER;
      |          ^~~~~~~~~~~~~~~~
conftest.c:76:10: note: each undeclared identifier is reported only once for each function it appears in
configure:13254: $? = 1
configure: failed program was:
| /* confdefs.h */
| #define PACKAGE_NAME "libXext"
| #define PACKAGE_TARNAME "libXext"
| #define PACKAGE_VERSION "1.3.6"
| #define PACKAGE_STRING "libXext 1.3.6"
| #define PACKAGE_BUGREPORT "https://gitlab.freedesktop.org/xorg/lib/libxext/-/issues"
| #define PACKAGE_URL ""
| #define HAVE_STDIO_H 1
| #define HAVE_STDLIB_H 1
| #define HAVE_STRING_H 1
| #define HAVE_INTTYPES_H 1
| #define HAVE_STDINT_H 1
| #define HAVE_STRINGS_H 1
| #define HAVE_SYS_STAT_H 1
| #define HAVE_SYS_TYPES_H 1
| #define HAVE_UNISTD_H 1
| #define HAVE_WCHAR_H 1
| #define STDC_HEADERS 1
| #define _ALL_SOURCE 1
| #define _DARWIN_C_SOURCE 1
| #define _GNU_SOURCE 1
| #define _HPUX_ALT_XOPEN_SOCKET_API 1
| #define _NETBSD_SOURCE 1
| #define _OPENBSD_SOURCE 1
| #define _POSIX_PTHREAD_SEMANTICS 1
| #define __STDC_WANT_IEC_60559_ATTRIBS_EXT__ 1
| #define __STDC_WANT_IEC_60559_BFP_EXT__ 1
| #define __STDC_WANT_IEC_60559_DFP_EXT__ 1
| #define __STDC_WANT_IEC_60559_EXT__ 1
| #define __STDC_WANT_IEC_60559_FUNCS_EXT__ 1
| #define __STDC_WANT_IEC_60559_TYPES_EXT__ 1
| #define __STDC_WANT_LIB_EXT2__ 1
| #define __STDC_WANT_MATH_SPEC_FUNCS__ 1
| #define _TANDEM_SOURCE 1
| #define __EXTENSIONS__ 1
| #define PACKAGE "libXext"
| #define VERSION "1.3.6"
| #define HAVE_DLFCN_H 1
| #define LT_OBJDIR ".libs/"
| /* end confdefs.h.  */
| #include <stddef.h>
| #ifdef HAVE_STDIO_H
| # include <stdio.h>
| #endif
| #ifdef HAVE_STDLIB_H
| # include <stdlib.h>
| #endif
| #ifdef HAVE_STRING_H
| # include <string.h>
| #endif
| #ifdef HAVE_INTTYPES_H
| # include <inttypes.h>
| #endif
| #ifdef HAVE_STDINT_H
| # include <stdint.h>
| #endif
| #ifdef HAVE_STRINGS_H
| # include <strings.h>
| #endif
| #ifdef HAVE_SYS_TYPES_H
| # include <sys/types.h>
| #endif
| #ifdef HAVE_SYS_STAT_H
| # include <sys/stat.h>
| #endif
| #ifdef HAVE_UNISTD_H
| # include <unistd.h>
| #endif
| int
| main (void)
| {
| #ifndef __INTEL_COMPILER
| #ifdef __cplusplus
|   (void) __INTEL_COMPILER;
| #else
|   (void) __INTEL_COMPILER;
| #endif
| #endif
| 
|   ;
|   return 0;
| }
configure:13254: result: no
configure:13262: checking whether __SUNPRO_C is declared
configure:13262: /nix/store/dq0xwmsk1g0i2ayg6pb7y87na2knzylh-gcc-wrapper-11.3.0/bin/gcc -c -g -O2   conftest.c >&5
conftest.c: In function 'main':
conftest.c:76:10: error: '__SUNPRO_C' undeclared (first use in this function)
   76 |   (void) __SUNPRO_C;
      |          ^~~~~~~~~~
conftest.c:76:10: note: each undeclared identifier is reported only once for each function it appears in
configure:13262: $? = 1
configure: failed program was:
| /* confdefs.h */
| #define PACKAGE_NAME "libXext"
| #define PACKAGE_TARNAME "libXext"
| #define PACKAGE_VERSION "1.3.6"
| #define PACKAGE_STRING "libXext 1.3.6"
| #define PACKAGE_BUGREPORT "https://gitlab.freedesktop.org/xorg/lib/libxext/-/issues"
| #define PACKAGE_URL ""
| #define HAVE_STDIO_H 1
| #define HAVE_STDLIB_H 1
| #define HAVE_STRING_H 1
| #define HAVE_INTTYPES_H 1
| #define HAVE_STDINT_H 1
| #define HAVE_STRINGS_H 1
| #define HAVE_SYS_STAT_H 1
| #define HAVE_SYS_TYPES_H 1
| #define HAVE_UNISTD_H 1
| #define HAVE_WCHAR_H 1
| #define STDC_HEADERS 1
| #define _ALL_SOURCE 1
| #define _DARWIN_C_SOURCE 1
| #define _GNU_SOURCE 1
| #define _HPUX_ALT_XOPEN_SOCKET_API 1
| #define _NETBSD_SOURCE 1
| #define _OPENBSD_SOURCE 1
| #define _POSIX_PTHREAD_SEMANTICS 1
| #define __STDC_WANT_IEC_60559_ATTRIBS_EXT__ 1
| #define __STDC_WANT_IEC_60559_BFP_EXT__ 1
| #define __STDC_WANT_IEC_60559_DFP_EXT__ 1
| #define __STDC_WANT_IEC_60559_EXT__ 1
| #define __STDC_WANT_IEC_60559_FUNCS_EXT__ 1
| #define __STDC_WANT_IEC_60559_TYPES_EXT__ 1
| #define __STDC_WANT_LIB_EXT2__ 1
| #define __STDC_WANT_MATH_SPEC_FUNCS__ 1
| #define _TANDEM_SOURCE 1
| #define __EXTENSIONS__ 1
| #define PACKAGE "libXext"
| #define VERSION "1.3.6"
| #define HAVE_DLFCN_H 1
| #define LT_OBJDIR ".libs/"
| /* end confdefs.h.  */
| #include <stddef.h>
| #ifdef HAVE_STDIO_H
| # include <stdio.h>
| #endif
| #ifdef HAVE_STDLIB_H
| # include <stdlib.h>
| #endif
| #ifdef HAVE_STRING_H
| # include <string.h>
| #endif
| #ifdef HAVE_INTTYPES_H
| # include <inttypes.h>
| #endif
| #ifdef HAVE_STDINT_H
| # include <stdint.h>
| #endif
| #ifdef HAVE_STRINGS_H
| # include <strings.h>
| #endif
| #ifdef HAVE_SYS_TYPES_H
| # include <sys/types.h>
| #endif
| #ifdef HAVE_SYS_STAT_H
| # include <sys/stat.h>
| #endif
| #ifdef HAVE_UNISTD_H
| # include <unistd.h>
| #endif
| int
| main (void)
| {
| #ifndef __SUNPRO_C
| #ifdef __cplusplus
|   (void) __SUNPRO_C;
| #else
|   (void) __SUNPRO_C;
| #endif
| #endif
| 
|   ;
|   return 0;
| }
configure:13262: result: no
configure:13331: checking for pkg-config
configure:13354: found /nix/store/0jz5bmaic7n6sbf8s08bi80jkhkgwj07-pkg-config-0.29.2/bin/pkg-config
configure:13367: result: /nix/store/0jz5bmaic7n6sbf8s08bi80jkhkgwj07-pkg-config-0.29.2/bin/pkg-config
configure:13392: checking pkg-config is at least version 0.9.0
configure:13395: result: yes
configure:13446: checking if /nix/store/dq0xwmsk1g0i2ayg6pb7y87na2knzylh-gcc-wrapper-11.3.0/bin/gcc supports -Werror=unknown-warning-option
configure:13456: /nix/store/dq0xwmsk1g0i2ayg6pb7y87na2knzylh-gcc-wrapper-11.3.0/bin/gcc -c -g -O2 -Werror=unknown-warning-option  conftest.c >&5
cc1: error: '-Werror=unknown-warning-option': no option '-Wunknown-warning-option'
configure:13456: $? = 1
configure: failed program was:
| /* confdefs.h */
| #define PACKAGE_NAME "libXext"
| #define PACKAGE_TARNAME "libXext"
| #define PACKAGE_VERSION "1.3.6"
| #define PACKAGE_STRING "libXext 1.3.6"
| #define PACKAGE_BUGREPORT "https://gitlab.freedesktop.org/xorg/lib/libxext/-/issues"
| #define PACKAGE_URL ""
| #define HAVE_STDIO_H 1
| #define HAVE_STDLIB_H 1
| #define HAVE_STRING_H 1
| #define HAVE_INTTYPES_H 1
| #define HAVE_STDINT_H 1
| #define HAVE_STRINGS_H 1
| #define HAVE_SYS_STAT_H 1
| #define HAVE_SYS_TYPES_H 1
| #define HAVE_UNISTD_H 1
| #define HAVE_WCHAR_H 1
| #define STDC_HEADERS 1
| #define _ALL_SOURCE 1
| #define _DARWIN_C_SOURCE 1
| #define _GNU_SOURCE 1
| #define _HPUX_ALT_XOPEN_SOCKET_API 1
| #define _NETBSD_SOURCE 1
| #define _OPENBSD_SOURCE 1
| #define _POSIX_PTHREAD_SEMANTICS 1
| #define __STDC_WANT_IEC_60559_ATTRIBS_EXT__ 1
| #define __STDC_WANT_IEC_60559_BFP_EXT__ 1
| #define __STDC_WANT_IEC_60559_DFP_EXT__ 1
| #define __STDC_WANT_IEC_60559_EXT__ 1
| #define __STDC_WANT_IEC_60559_FUNCS_EXT__ 1
| #define __STDC_WANT_IEC_60559_TYPES_EXT__ 1
| #define __STDC_WANT_LIB_EXT2__ 1
| #define __STDC_WANT_MATH_SPEC_FUNCS__ 1
| #define _TANDEM_SOURCE 1
| #define __EXTENSIONS__ 1
| #define PACKAGE "libXext"
| #define VERSION "1.3.6"
| #define HAVE_DLFCN_H 1
| #define LT_OBJDIR ".libs/"
| /* end confdefs.h.  */
| int i;
configure:13466: result: no
configure:13477: checking if /nix/store/dq0xwmsk1g0i2ayg6pb7y87na2knzylh-gcc-wrapper-11.3.0/bin/gcc supports -Werror=unused-command-line-argument
configure:13487: /nix/store/dq0xwmsk1g0i2ayg6pb7y87na2knzylh-gcc-wrapper-11.3.0/bin/gcc -c -g -O2 -Werror=unused-command-line-argument  conftest.c >&5
cc1: error: '-Werror=unused-command-line-argument': no option '-Wunused-command-line-argument'; did you mean '-Wunused-dummy-argument'?
configure:13487: $? = 1
configure: failed program was:
| /* confdefs.h */
| #define PACKAGE_NAME "libXext"
| #define PACKAGE_TARNAME "libXext"
| #define PACKAGE_VERSION "1.3.6"
| #define PACKAGE_STRING "libXext 1.3.6"
| #define PACKAGE_BUGREPORT "https://gitlab.freedesktop.org/xorg/lib/libxext/-/issues"
| #define PACKAGE_URL ""
| #define HAVE_STDIO_H 1
| #define HAVE_STDLIB_H 1
| #define HAVE_STRING_H 1
| #define HAVE_INTTYPES_H 1
| #define HAVE_STDINT_H 1
| #define HAVE_STRINGS_H 1
| #define HAVE_SYS_STAT_H 1
| #define HAVE_SYS_TYPES_H 1
| #define HAVE_UNISTD_H 1
| #define HAVE_WCHAR_H 1
| #define STDC_HEADERS 1
| #define _ALL_SOURCE 1
| #define _DARWIN_C_SOURCE 1
| #define _GNU_SOURCE 1
| #define _HPUX_ALT_XOPEN_SOCKET_API 1
| #define _NETBSD_SOURCE 1
| #define _OPENBSD_SOURCE 1
| #define _POSIX_PTHREAD_SEMANTICS 1
| #define __STDC_WANT_IEC_60559_ATTRIBS_EXT__ 1
| #define __STDC_WANT_IEC_60559_BFP_EXT__ 1
| #define __STDC_WANT_IEC_60559_DFP_EXT__ 1
| #define __STDC_WANT_IEC_60559_EXT__ 1
| #define __STDC_WANT_IEC_60559_FUNCS_EXT__ 1
| #define __STDC_WANT_IEC_60559_TYPES_EXT__ 1
| #define __STDC_WANT_LIB_EXT2__ 1
| #define __STDC_WANT_MATH_SPEC_FUNCS__ 1
| #define _TANDEM_SOURCE 1
| #define __EXTENSIONS__ 1
| #define PACKAGE "libXext"
| #define VERSION "1.3.6"
| #define HAVE_DLFCN_H 1
| #define LT_OBJDIR ".libs/"
| /* end confdefs.h.  */
| int i;
configure:13497: result: no
configure:13516: checking if /nix/store/dq0xwmsk1g0i2ayg6pb7y87na2knzylh-gcc-wrapper-11.3.0/bin/gcc supports -Wall
configure:13534: /nix/store/dq0xwmsk1g0i2ayg6pb7y87na2knzylh-gcc-wrapper-11.3.0/bin/gcc -o conftest -g -O2 -Wall   conftest.c  >&5
configure:13534: $? = 0
configure:13550: result: yes
configure:13646: checking if /nix/store/dq0xwmsk1g0i2ayg6pb7y87na2knzylh-gcc-wrapper-11.3.0/bin/gcc supports -Wpointer-arith
configure:13664: /nix/store/dq0xwmsk1g0i2ayg6pb7y87na2knzylh-gcc-wrapper-11.3.0/bin/gcc -o conftest -g -O2 -Wpointer-arith   conftest.c  >&5
configure:13664: $? = 0
configure:13680: result: yes
configure:13776: checking if /nix/store/dq0xwmsk1g0i2ayg6pb7y87na2knzylh-gcc-wrapper-11.3.0/bin/gcc supports -Wmissing-declarations
configure:13794: /nix/store/dq0xwmsk1g0i2ayg6pb7y87na2knzylh-gcc-wrapper-11.3.0/bin/gcc -o conftest -g -O2 -Wmissing-declarations   conftest.c  >&5
configure:13794: $? = 0
configure:13810: result: yes
configure:13906: checking if /nix/store/dq0xwmsk1g0i2ayg6pb7y87na2knzylh-gcc-wrapper-11.3.0/bin/gcc supports -Wformat=2
configure:13924: /nix/store/dq0xwmsk1g0i2ayg6pb7y87na2knzylh-gcc-wrapper-11.3.0/bin/gcc -o conftest -g -O2 -Wformat=2   conftest.c  >&5
configure:13924: $? = 0
configure:13940: result: yes
configure:14091: checking if /nix/store/dq0xwmsk1g0i2ayg6pb7y87na2knzylh-gcc-wrapper-11.3.0/bin/gcc supports -Wstrict-prototypes
configure:14109: /nix/store/dq0xwmsk1g0i2ayg6pb7y87na2knzylh-gcc-wrapper-11.3.0/bin/gcc -o conftest -g -O2 -Wstrict-prototypes   conftest.c  >&5
configure:14109: $? = 0
configure:14125: result: yes
configure:14221: checking if /nix/store/dq0xwmsk1g0i2ayg6pb7y87na2knzylh-gcc-wrapper-11.3.0/bin/gcc supports -Wmissing-prototypes
configure:14239: /nix/store/dq0xwmsk1g0i2ayg6pb7y87na2knzylh-gcc-wrapper-11.3.0/bin/gcc -o conftest -g -O2 -Wmissing-prototypes   conftest.c  >&5
configure:14239: $? = 0
configure:14255: result: yes
configure:14351: checking if /nix/store/dq0xwmsk1g0i2ayg6pb7y87na2knzylh-gcc-wrapper-11.3.0/bin/gcc supports -Wnested-externs
configure:14369: /nix/store/dq0xwmsk1g0i2ayg6pb7y87na2knzylh-gcc-wrapper-11.3.0/bin/gcc -o conftest -g -O2 -Wnested-externs   conftest.c  >&5
configure:14369: $? = 0
configure:14385: result: yes
configure:14481: checking if /nix/store/dq0xwmsk1g0i2ayg6pb7y87na2knzylh-gcc-wrapper-11.3.0/bin/gcc supports -Wbad-function-cast
configure:14499: /nix/store/dq0xwmsk1g0i2ayg6pb7y87na2knzylh-gcc-wrapper-11.3.0/bin/gcc -o conftest -g -O2 -Wbad-function-cast   conftest.c  >&5
configure:14499: $? = 0
configure:14515: result: yes
configure:14611: checking if /nix/store/dq0xwmsk1g0i2ayg6pb7y87na2knzylh-gcc-wrapper-11.3.0/bin/gcc supports -Wold-style-definition
configure:14629: /nix/store/dq0xwmsk1g0i2ayg6pb7y87na2knzylh-gcc-wrapper-11.3.0/bin/gcc -o conftest -g -O2 -Wold-style-definition   conftest.c  >&5
configure:14629: $? = 0
configure:14645: result: yes
configure:14794: checking if /nix/store/dq0xwmsk1g0i2ayg6pb7y87na2knzylh-gcc-wrapper-11.3.0/bin/gcc supports -Wdeclaration-after-statement
configure:14812: /nix/store/dq0xwmsk1g0i2ayg6pb7y87na2knzylh-gcc-wrapper-11.3.0/bin/gcc -o conftest -g -O2 -Wdeclaration-after-statement   conftest.c  >&5
configure:14812: $? = 0
configure:14828: result: yes
configure:14928: checking if /nix/store/dq0xwmsk1g0i2ayg6pb7y87na2knzylh-gcc-wrapper-11.3.0/bin/gcc supports -Wunused
configure:14946: /nix/store/dq0xwmsk1g0i2ayg6pb7y87na2knzylh-gcc-wrapper-11.3.0/bin/gcc -o conftest -g -O2 -Wunused   conftest.c  >&5
configure:14946: $? = 0
configure:14962: result: yes
configure:15058: checking if /nix/store/dq0xwmsk1g0i2ayg6pb7y87na2knzylh-gcc-wrapper-11.3.0/bin/gcc supports -Wuninitialized
configure:15076: /nix/store/dq0xwmsk1g0i2ayg6pb7y87na2knzylh-gcc-wrapper-11.3.0/bin/gcc -o conftest -g -O2 -Wuninitialized   conftest.c  >&5
configure:15076: $? = 0
configure:15092: result: yes
configure:15188: checking if /nix/store/dq0xwmsk1g0i2ayg6pb7y87na2knzylh-gcc-wrapper-11.3.0/bin/gcc supports -Wshadow
configure:15206: /nix/store/dq0xwmsk1g0i2ayg6pb7y87na2knzylh-gcc-wrapper-11.3.0/bin/gcc -o conftest -g -O2 -Wshadow   conftest.c  >&5
configure:15206: $? = 0
configure:15222: result: yes
configure:15318: checking if /nix/store/dq0xwmsk1g0i2ayg6pb7y87na2knzylh-gcc-wrapper-11.3.0/bin/gcc supports -Wmissing-noreturn
configure:15336: /nix/store/dq0xwmsk1g0i2ayg6pb7y87na2knzylh-gcc-wrapper-11.3.0/bin/gcc -o conftest -g -O2 -Wmissing-noreturn   conftest.c  >&5
configure:15336: $? = 0
configure:15352: result: yes
configure:15448: checking if /nix/store/dq0xwmsk1g0i2ayg6pb7y87na2knzylh-gcc-wrapper-11.3.0/bin/gcc supports -Wmissing-format-attribute
configure:15466: /nix/store/dq0xwmsk1g0i2ayg6pb7y87na2knzylh-gcc-wrapper-11.3.0/bin/gcc -o conftest -g -O2 -Wmissing-format-attribute   conftest.c  >&5
configure:15466: $? = 0
configure:15482: result: yes
configure:15578: checking if /nix/store/dq0xwmsk1g0i2ayg6pb7y87na2knzylh-gcc-wrapper-11.3.0/bin/gcc supports -Wredundant-decls
configure:15596: /nix/store/dq0xwmsk1g0i2ayg6pb7y87na2knzylh-gcc-wrapper-11.3.0/bin/gcc -o conftest -g -O2 -Wredundant-decls   conftest.c  >&5
configure:15596: $? = 0
configure:15612: result: yes
configure:15708: checking if /nix/store/dq0xwmsk1g0i2ayg6pb7y87na2knzylh-gcc-wrapper-11.3.0/bin/gcc supports -Wlogical-op
configure:15726: /nix/store/dq0xwmsk1g0i2ayg6pb7y87na2knzylh-gcc-wrapper-11.3.0/bin/gcc -o conftest -g -O2 -Wlogical-op   conftest.c  >&5
configure:15726: $? = 0
configure:15742: result: yes
configure:15850: checking if /nix/store/dq0xwmsk1g0i2ayg6pb7y87na2knzylh-gcc-wrapper-11.3.0/bin/gcc supports -Werror=implicit
configure:15868: /nix/store/dq0xwmsk1g0i2ayg6pb7y87na2knzylh-gcc-wrapper-11.3.0/bin/gcc -o conftest -g -O2 -Werror=implicit   conftest.c  >&5
configure:15868: $? = 0
configure:15884: result: yes
configure:16033: checking if /nix/store/dq0xwmsk1g0i2ayg6pb7y87na2knzylh-gcc-wrapper-11.3.0/bin/gcc supports -Werror=nonnull
configure:16051: /nix/store/dq0xwmsk1g0i2ayg6pb7y87na2knzylh-gcc-wrapper-11.3.0/bin/gcc -o conftest -g -O2 -Werror=nonnull   conftest.c  >&5
configure:16051: $? = 0
configure:16067: result: yes
configure:16163: checking if /nix/store/dq0xwmsk1g0i2ayg6pb7y87na2knzylh-gcc-wrapper-11.3.0/bin/gcc supports -Werror=init-self
configure:16181: /nix/store/dq0xwmsk1g0i2ayg6pb7y87na2knzylh-gcc-wrapper-11.3.0/bin/gcc -o conftest -g -O2 -Werror=init-self   conftest.c  >&5
configure:16181: $? = 0
configure:16197: result: yes
configure:16293: checking if /nix/store/dq0xwmsk1g0i2ayg6pb7y87na2knzylh-gcc-wrapper-11.3.0/bin/gcc supports -Werror=main
configure:16311: /nix/store/dq0xwmsk1g0i2ayg6pb7y87na2knzylh-gcc-wrapper-11.3.0/bin/gcc -o conftest -g -O2 -Werror=main   conftest.c  >&5
configure:16311: $? = 0
configure:16327: result: yes
configure:16423: checking if /nix/store/dq0xwmsk1g0i2ayg6pb7y87na2knzylh-gcc-wrapper-11.3.0/bin/gcc supports -Werror=missing-braces
configure:16441: /nix/store/dq0xwmsk1g0i2ayg6pb7y87na2knzylh-gcc-wrapper-11.3.0/bin/gcc -o conftest -g -O2 -Werror=missing-braces   conftest.c  >&5
configure:16441: $? = 0
configure:16457: result: yes
configure:16553: checking if /nix/store/dq0xwmsk1g0i2ayg6pb7y87na2knzylh-gcc-wrapper-11.3.0/bin/gcc supports -Werror=sequence-point
configure:16571: /nix/store/dq0xwmsk1g0i2ayg6pb7y87na2knzylh-gcc-wrapper-11.3.0/bin/gcc -o conftest -g -O2 -Werror=sequence-point   conftest.c  >&5
configure:16571: $? = 0
configure:16587: result: yes
configure:16683: checking if /nix/store/dq0xwmsk1g0i2ayg6pb7y87na2knzylh-gcc-wrapper-11.3.0/bin/gcc supports -Werror=return-type
configure:16701: /nix/store/dq0xwmsk1g0i2ayg6pb7y87na2knzylh-gcc-wrapper-11.3.0/bin/gcc -o conftest -g -O2 -Werror=return-type   conftest.c  >&5
configure:16701: $? = 0
configure:16717: result: yes
configure:16866: checking if /nix/store/dq0xwmsk1g0i2ayg6pb7y87na2knzylh-gcc-wrapper-11.3.0/bin/gcc supports -Werror=trigraphs
configure:16884: /nix/store/dq0xwmsk1g0i2ayg6pb7y87na2knzylh-gcc-wrapper-11.3.0/bin/gcc -o conftest -g -O2 -Werror=trigraphs   conftest.c  >&5
configure:16884: $? = 0
configure:16900: result: yes
configure:16996: checking if /nix/store/dq0xwmsk1g0i2ayg6pb7y87na2knzylh-gcc-wrapper-11.3.0/bin/gcc supports -Werror=array-bounds
configure:17014: /nix/store/dq0xwmsk1g0i2ayg6pb7y87na2knzylh-gcc-wrapper-11.3.0/bin/gcc -o conftest -g -O2 -Werror=array-bounds   conftest.c  >&5
configure:17014: $? = 0
configure:17030: result: yes
configure:17126: checking if /nix/store/dq0xwmsk1g0i2ayg6pb7y87na2knzylh-gcc-wrapper-11.3.0/bin/gcc supports -Werror=write-strings
configure:17144: /nix/store/dq0xwmsk1g0i2ayg6pb7y87na2knzylh-gcc-wrapper-11.3.0/bin/gcc -o conftest -g -O2 -Werror=write-strings   conftest.c  >&5
configure:17144: $? = 0
configure:17160: result: yes
configure:17256: checking if /nix/store/dq0xwmsk1g0i2ayg6pb7y87na2knzylh-gcc-wrapper-11.3.0/bin/gcc supports -Werror=address
configure:17274: /nix/store/dq0xwmsk1g0i2ayg6pb7y87na2knzylh-gcc-wrapper-11.3.0/bin/gcc -o conftest -g -O2 -Werror=address   conftest.c  >&5
configure:17274: $? = 0
configure:17290: result: yes
configure:17386: checking if /nix/store/dq0xwmsk1g0i2ayg6pb7y87na2knzylh-gcc-wrapper-11.3.0/bin/gcc supports -Werror=int-to-pointer-cast
configure:17404: /nix/store/dq0xwmsk1g0i2ayg6pb7y87na2knzylh-gcc-wrapper-11.3.0/bin/gcc -o conftest -g -O2 -Werror=int-to-pointer-cast   conftest.c  >&5
configure:17404: $? = 0
configure:17420: result: yes
configure:17569: checking if /nix/store/dq0xwmsk1g0i2ayg6pb7y87na2knzylh-gcc-wrapper-11.3.0/bin/gcc supports -Werror=pointer-to-int-cast
configure:17587: /nix/store/dq0xwmsk1g0i2ayg6pb7y87na2knzylh-gcc-wrapper-11.3.0/bin/gcc -o conftest -g -O2 -Werror=pointer-to-int-cast   conftest.c  >&5
configure:17587: $? = 0
configure:17603: result: yes
configure:19427: checking if /nix/store/dq0xwmsk1g0i2ayg6pb7y87na2knzylh-gcc-wrapper-11.3.0/bin/gcc supports -pedantic
configure:19445: /nix/store/dq0xwmsk1g0i2ayg6pb7y87na2knzylh-gcc-wrapper-11.3.0/bin/gcc -o conftest -g -O2 -pedantic   conftest.c  >&5
configure:19445: $? = 0
configure:19461: result: yes
configure:19557: checking if /nix/store/dq0xwmsk1g0i2ayg6pb7y87na2knzylh-gcc-wrapper-11.3.0/bin/gcc supports -Werror
configure:19575: /nix/store/dq0xwmsk1g0i2ayg6pb7y87na2knzylh-gcc-wrapper-11.3.0/bin/gcc -o conftest -g -O2 -Werror   conftest.c  >&5
configure:19575: $? = 0
configure:19591: result: yes
configure:19743: checking if /nix/store/dq0xwmsk1g0i2ayg6pb7y87na2knzylh-gcc-wrapper-11.3.0/bin/gcc supports -Werror=attributes
configure:19761: /nix/store/dq0xwmsk1g0i2ayg6pb7y87na2knzylh-gcc-wrapper-11.3.0/bin/gcc -o conftest -g -O2 -Werror=attributes   conftest.c  >&5
configure:19761: $? = 0
configure:19777: result: yes
configure:19972: checking whether make supports nested variables
configure:19991: result: yes
configure:20024: checking whether to build functional specifications
configure:20026: result: yes
configure:20047: checking for xmlto
configure:20086: result: no
configure:20092: WARNING: xmlto not found - documentation targets will be skipped
configure:20254: checking for fop
configure:20293: result: no
configure:20299: WARNING: fop not found - documentation targets will be skipped
configure:20397: checking for xsltproc
configure:20436: result: no
configure:20442: WARNING: xsltproc not found - cannot transform XML documents
configure:20519: checking for X.Org SGML entities >= 1.8
configure:20523: $PKG_CONFIG --exists --print-errors "xorg-sgml-doctools >= 1.8"
Package xorg-sgml-doctools was not found in the pkg-config search path.
Perhaps you should add the directory containing `xorg-sgml-doctools.pc'
to the PKG_CONFIG_PATH environment variable
No package 'xorg-sgml-doctools' found
configure:20526: $? = 1
configure:20542: result: no
configure:20569: checking whether malloc(0) returns NULL
configure:20603: /nix/store/dq0xwmsk1g0i2ayg6pb7y87na2knzylh-gcc-wrapper-11.3.0/bin/gcc -o conftest -g -O2   conftest.c  >&5
configure:20603: $? = 0
configure:20603: ./conftest
configure:20603: $? = 0
configure:20620: result: yes
configure:20652: checking for XEXT
configure:20659: $PKG_CONFIG --exists --print-errors "xproto >= 7.0.13 x11 >= 1.6 xextproto >= 7.1.99"
configure:20662: $? = 0
configure:20676: $PKG_CONFIG --exists --print-errors "xproto >= 7.0.13 x11 >= 1.6 xextproto >= 7.1.99"
configure:20679: $? = 0
configure:20737: result: yes
configure:20745: checking for __builtin_popcountl
configure:20765: /nix/store/dq0xwmsk1g0i2ayg6pb7y87na2knzylh-gcc-wrapper-11.3.0/bin/gcc -o conftest -g -O2   conftest.c  >&5
configure:20765: $? = 0
configure:20777: result: yes
configure:20789: checking for reallocarray
configure:20789: /nix/store/dq0xwmsk1g0i2ayg6pb7y87na2knzylh-gcc-wrapper-11.3.0/bin/gcc -o conftest -g -O2   conftest.c  >&5
configure:20789: $? = 0
configure:20789: result: yes
configure:21051: checking that generated files are newer than configure
configure:21057: result: done
configure:21112: creating ./config.status

## ---------------------- ##
## Running config.status. ##
## ---------------------- ##

This file was extended by libXext config.status 1.3.6, which was
generated by GNU Autoconf 2.72.  Invocation command line was

  CONFIG_FILES    = 
  CONFIG_HEADERS  = 
  CONFIG_LINKS    = 
  CONFIG_COMMANDS = 
  $ ./config.status --quiet

on a7dcf119bd33

config.status:1177: creating Makefile
config.status:1177: creating man/Makefile
config.status:1177: creating src/Makefile
config.status:1177: creating specs/Makefile
config.status:1177: creating xext.pc
config.status:1177: creating config.h
config.status:1406: executing depfiles commands
config.status:1483: cd src       && sed -e '/# am--include-marker/d' Makefile         | make -f - am--depfiles
config.status:1488: $? = 0
config.status:1406: executing libtool commands

## ---------------- ##
## Cache variables. ##
## ---------------- ##

ac_cv_build=x86_64-pc-linux-gnu
ac_cv_c_compiler_gnu=yes
ac_cv_c_undeclared_builtin_options='none needed'
ac_cv_env_CC_set=set
ac_cv_env_CC_value=/nix/store/dq0xwmsk1g0i2ayg6pb7y87na2knzylh-gcc-wrapper-11.3.0/bin/gcc
ac_cv_env_CFLAGS_set=
ac_cv_env_CFLAGS_value=
ac_cv_env_CPPFLAGS_set=
ac_cv_env_CPPFLAGS_value=
ac_cv_env_FOP_set=
ac_cv_env_FOP_value=
ac_cv_env_LDFLAGS_set=
ac_cv_env_LDFLAGS_value=
ac_cv_env_LIBS_set=
ac_cv_env_LIBS_value=
ac_cv_env_LINT_FLAGS_set=
ac_cv_env_LINT_FLAGS_value=
ac_cv_env_LINT_set=
ac_cv_env_LINT_value=
ac_cv_env_LT_SYS_LIBRARY_PATH_set=
ac_cv_env_LT_SYS_LIBRARY_PATH_value=
ac_cv_env_PKG_CONFIG_LIBDIR_set=
ac_cv_env_PKG_CONFIG_LIBDIR_value=
ac_cv_env_PKG_CONFIG_PATH_set=set
ac_cv_env_PKG_CONFIG_PATH_value=/home/runner/.local/share/pkgconfig:/home/runner/.local/lib/pkgconfig
ac_cv_env_PKG_CONFIG_set=
ac_cv_env_PKG_CONFIG_value=
ac_cv_env_XEXT_CFLAGS_set=
ac_cv_env_XEXT_CFLAGS_value=
ac_cv_env_XEXT_LIBS_set=
ac_cv_env_XEXT_LIBS_value=
ac_cv_env_XMLTO_set=
ac_cv_env_XMLTO_value=
ac_cv_env_XSLTPROC_set=
ac_cv_env_XSLTPROC_value=
ac_cv_env_build_alias_set=
ac_cv_env_build_alias_value=
ac_cv_env_host_alias_set=
ac_cv_env_host_alias_value=
ac_cv_env_target_alias_set=
ac_cv_env_target_alias_value=
ac_cv_func_reallocarray=yes
ac_cv_have_decl___INTEL_COMPILER=no
ac_cv_have_decl___SUNPRO_C=no
ac_cv_have_decl___clang__=no
ac_cv_header_dlfcn_h=yes
ac_cv_header_inttypes_h=yes
ac_cv_header_minix_config_h=no
ac_cv_header_stdint_h=yes
ac_cv_header_stdio_h=yes
ac_cv_header_stdlib_h=yes
ac_cv_header_string_h=yes
ac_cv_header_strings_h=yes
ac_cv_header_sys_stat_h=yes
ac_cv_header_sys_types_h=yes
ac_cv_header_unistd_h=yes
ac_cv_header_wchar_h=yes
ac_cv_host=x86_64-pc-linux-gnu
ac_cv_objext=o
ac_cv_path_EGREP='/nix/store/86bp03jkmsl6f92w0yzg4s59g5mhxwmy-gnugrep-3.7/bin/grep -E'
ac_cv_path_EGREP_TRADITIONAL='/nix/store/86bp03jkmsl6f92w0yzg4s59g5mhxwmy-gnugrep-3.7/bin/grep -E'
ac_cv_path_FGREP='/nix/store/86bp03jkmsl6f92w0yzg4s59g5mhxwmy-gnugrep-3.7/bin/grep -F'
ac_cv_path_GREP=/nix/store/86bp03jkmsl6f92w0yzg4s59g5mhxwmy-gnugrep-3.7/bin/grep
ac_cv_path_SED=/nix/store/89zs7rms6x00xfq4dq6m7mjnhkr8a6r4-gnused-4.8/bin/sed
ac_cv_path_ac_pt_PKG_CONFIG=/nix/store/0jz5bmaic7n6sbf8s08bi80jkhkgwj07-pkg-config-0.29.2/bin/pkg-config
ac_cv_path_install='/nix/store/a7gvj343m05j2s32xcnwr35v31ynlypr-coreutils-9.1/bin/install -c'
ac_cv_path_lt_DD=/nix/store/a7gvj343m05j2s32xcnwr35v31ynlypr-coreutils-9.1/bin/dd
ac_cv_path_mkdir=/nix/store/a7gvj343m05j2s32xcnwr35v31ynlypr-coreutils-9.1/bin/mkdir
ac_cv_prog_AWK=gawk
ac_cv_prog_ac_ct_CC=/nix/store/dq0xwmsk1g0i2ayg6pb7y87na2knzylh-gcc-wrapper-11.3.0/bin/gcc
ac_cv_prog_ac_ct_FILECMD=file
ac_cv_prog_ac_ct_OBJDUMP=objdump
ac_cv_prog_ac_ct_RANLIB=ranlib
ac_cv_prog_ac_ct_STRIP=strip
ac_cv_prog_cc_c11=
ac_cv_prog_cc_g=yes
ac_cv_prog_cc_stdc=
ac_cv_prog_make_make_set=yes
ac_cv_safe_to_define___extensions__=yes
ac_cv_should_define__xopen_source=no
am_cv_CC_dependencies_compiler_type=gcc3
am_cv_make_support_nested_variables=yes
am_cv_prog_cc_c_o=yes
ax_cv_have___builtin_popcountl=yes
lt_cv_ar_at_file=@
lt_cv_archive_cmds_need_lc=no
lt_cv_deplibs_check_method=pass_all
lt_cv_file_magic_cmd='$MAGIC_CMD'
lt_cv_file_magic_test_file=
lt_cv_ld_reload_flag=-r
lt_cv_nm_interface='BSD nm'
lt_cv_objdir=.libs
lt_cv_path_LD=ld
lt_cv_path_NM=nm
lt_cv_path_mainfest_tool=no
lt_cv_prog_compiler_c_o=yes
lt_cv_prog_compiler_pic='-fPIC -DPIC'
lt_cv_prog_compiler_pic_works=yes
lt_cv_prog_compiler_rtti_exceptions=no
lt_cv_prog_compiler_static_works=no
lt_cv_prog_gnu_ld=yes
lt_cv_sharedlib_from_linklib_cmd='printf %s\n'
lt_cv_shlibpath_overrides_runpath=yes
lt_cv_sys_global_symbol_pipe='/nix/store/89zs7rms6x00xfq4dq6m7mjnhkr8a6r4-gnused-4.8/bin/sed -n -e '\''s/^.*[	 ]\([ABCDGIRSTW][ABCDGIRSTW]*\)[	 ][	 ]*\([_A-Za-z][_A-Za-z0-9]*\)$/\1 \2 \2/p'\'' | /nix/store/89zs7rms6x00xfq4dq6m7mjnhkr8a6r4-gnused-4.8/bin/sed '\''/ __gnu_lto/d'\'''
lt_cv_sys_global_symbol_to_c_name_address='/nix/store/89zs7rms6x00xfq4dq6m7mjnhkr8a6r4-gnused-4.8/bin/sed -n -e '\''s/^: \(.*\) .*$/  {"\1", (void *) 0},/p'\'' -e '\''s/^[ABCDGIRSTW][ABCDGIRSTW]* .* \(.*\)$/  {"\1", (void *) \&\1},/p'\'''
lt_cv_sys_global_symbol_to_c_name_address_lib_prefix='/nix/store/89zs7rms6x00xfq4dq6m7mjnhkr8a6r4-gnused-4.8/bin/sed -n -e '\''s/^: \(.*\) .*$/  {"\1", (void *) 0},/p'\'' -e '\''s/^[ABCDGIRSTW][ABCDGIRSTW]* .* \(lib.*\)$/  {"\1", (void *) \&\1},/p'\'' -e '\''s/^[ABCDGIRSTW][ABCDGIRSTW]* .* \(.*\)$/  {"lib\1", (void *) \&\1},/p'\'''
lt_cv_sys_global_symbol_to_cdecl='/nix/store/89zs7rms6x00xfq4dq6m7mjnhkr8a6r4-gnused-4.8/bin/sed -n -e '\''s/^T .* \(.*\)$/extern int \1();/p'\'' -e '\''s/^[ABCDGIRSTW][ABCDGIRSTW]* .* \(.*\)$/extern char \1;/p'\'''
lt_cv_sys_global_symbol_to_import=
lt_cv_sys_max_cmd_len=1572864
lt_cv_to_host_file_cmd=func_convert_file_noop
lt_cv_to_tool_file_cmd=func_convert_file_noop
lt_cv_truncate_bin='/nix/store/a7gvj343m05j2s32xcnwr35v31ynlypr-coreutils-9.1/bin/dd bs=4096 count=1'
pkg_cv_XEXT_CFLAGS=-I/home/runner/.local/include
pkg_cv_XEXT_LIBS='-L/home/runner/.local/lib -lX11'
xorg_cv_cc_flag__Wall=yes
xorg_cv_cc_flag__Wbad_function_cast=yes
xorg_cv_cc_flag__Wdeclaration_after_statement=yes
xorg_cv_cc_flag__Werror=yes
xorg_cv_cc_flag__Werror_address=yes
xorg_cv_cc_flag__Werror_array_bounds=yes
xorg_cv_cc_flag__Werror_attributes=yes
xorg_cv_cc_flag__Werror_implicit=yes
xorg_cv_cc_flag__Werror_init_self=yes
xorg_cv_cc_flag__Werror_int_to_pointer_cast=yes
xorg_cv_cc_flag__Werror_main=yes
xorg_cv_cc_flag__Werror_missing_braces=yes
xorg_cv_cc_flag__Werror_nonnull=yes
xorg_cv_cc_flag__Werror_pointer_to_int_cast=yes
xorg_cv_cc_flag__Werror_return_type=yes
xorg_cv_cc_flag__Werror_sequence_point=yes
xorg_cv_cc_flag__Werror_trigraphs=yes
xorg_cv_cc_flag__Werror_write_strings=yes
xorg_cv_cc_flag__Wformat_2=yes
xorg_cv_cc_flag__Wlogical_op=yes
xorg_cv_cc_flag__Wmissing_declarations=yes
xorg_cv_cc_flag__Wmissing_format_attribute=yes
xorg_cv_cc_flag__Wmissing_noreturn=yes
xorg_cv_cc_flag__Wmissing_prototypes=yes
xorg_cv_cc_flag__Wnested_externs=yes
xorg_cv_cc_flag__Wold_style_definition=yes
xorg_cv_cc_flag__Wpointer_arith=yes
xorg_cv_cc_flag__Wredundant_decls=yes
xorg_cv_cc_flag__Wshadow=yes
xorg_cv_cc_flag__Wstrict_prototypes=yes
xorg_cv_cc_flag__Wuninitialized=yes
xorg_cv_cc_flag__Wunused=yes
xorg_cv_cc_flag__pedantic=yes
xorg_cv_cc_flag_unknown_warning_option=no
xorg_cv_cc_flag_unused_command_line_argument=no
xorg_cv_malloc0_returns_null=yes

## ----------------- ##
## Output variables. ##
## ----------------- ##

ACLOCAL='${SHELL} '\''/home/runner/gbtestc/work/libXext-1.3.6/missing'\'' aclocal-1.16'
ADMIN_MAN_DIR='$(mandir)/man$(ADMIN_MAN_SUFFIX)'
ADMIN_MAN_SUFFIX='8'
AMDEPBACKSLASH='\'
AMDEP_FALSE='#'
AMDEP_TRUE=''
AMTAR='$${TAR-tar}'
AM_BACKSLASH='\'
AM_DEFAULT_V='$(AM_DEFAULT_VERBOSITY)'
AM_DEFAULT_VERBOSITY='0'
AM_V='$(V)'
APP_MAN_DIR='$(mandir)/man$(APP_MAN_SUFFIX)'
APP_MAN_SUFFIX='1'
AR='ar'
AUTOCONF='${SHELL} '\''/home/runner/gbtestc/work/libXext-1.3.6/missing'\'' autoconf'
AUTOHEADER='${SHELL} '\''/home/runner/gbtestc/work/libXext-1.3.6/missing'\'' autoheader'
AUTOMAKE='${SHELL} '\''/home/runner/gbtestc/work/libXext-1.3.6/missing'\'' automake-1.16'
AWK='gawk'
BASE_CFLAGS=' -Wall -Wpointer-arith -Wmissing-declarations -Wformat=2 -Wstrict-prototypes -Wmissing-prototypes -Wnested-externs -Wbad-function-cast -Wold-style-definition -Wdeclaration-after-statement -Wunused -Wuninitialized -Wshadow -Wmissing-noreturn -Wmissing-format-attribute -Wredundant-decls -Wlogical-op -Werror=implicit -Werror=nonnull -Werror=init-self -Werror=main -Werror=missing-braces -Werror=sequence-point -Werror=return-type -Werror=trigraphs -Werror=array-bounds -Werror=write-strings -Werror=address -Werror=int-to-pointer-cast -Werror=pointer-to-int-cast'
CC='/nix/store/dq0xwmsk1g0i2ayg6pb7y87na2knzylh-gcc-wrapper-11.3.0/bin/gcc'
CCDEPMODE='depmode=gcc3'
CFLAGS='-g -O2'
CHANGELOG_CMD='((GIT_DIR=$(top_srcdir)/.git git log > $(top_srcdir)/.changelog.tmp) 2>/dev/null && mv $(top_srcdir)/.changelog.tmp $(top_srcdir)/ChangeLog) || (rm -f $(top_srcdir)/.changelog.tmp; test -e $(top_srcdir)/ChangeLog || ( touch $(top_srcdir)/ChangeLog; echo '\''git failed to create ChangeLog: installing empty ChangeLog.'\'' >&2))'
CPPFLAGS=''
CSCOPE='cscope'
CTAGS='ctags'
CWARNFLAGS=' -Wall -Wpointer-arith -Wmissing-declarations -Wformat=2 -Wstrict-prototypes -Wmissing-prototypes -Wnested-externs -Wbad-function-cast -Wold-style-definition -Wdeclaration-after-statement -Wunused -Wuninitialized -Wshadow -Wmissing-noreturn -Wmissing-format-attribute -Wredundant-decls -Wlogical-op -Werror=implicit -Werror=nonnull -Werror=init-self -Werror=main -Werror=missing-braces -Werror=sequence-point -Werror=return-type -Werror=trigraphs -Werror=array-bounds -Werror=write-strings -Werror=address -Werror=int-to-pointer-cast -Werror=pointer-to-int-cast -fno-strict-aliasing'
CYGPATH_W='echo'
DEFS='-DHAVE_CONFIG_H'
DEPDIR='.deps'
DLLTOOL='false'
DRIVER_MAN_DIR='$(mandir)/man$(DRIVER_MAN_SUFFIX)'
DRIVER_MAN_SUFFIX='4'
DSYMUTIL=''
DUMPBIN=''
ECHO_C=''
ECHO_N='-n'
ECHO_T=''
EGREP='/nix/store/86bp03jkmsl6f92w0yzg4s59g5mhxwmy-gnugrep-3.7/bin/grep -E'
ENABLE_SPECS_FALSE='#'
ENABLE_SPECS_TRUE=''
ETAGS='etags'
EXEEXT=''
FGREP='/nix/store/86bp03jkmsl6f92w0yzg4s59g5mhxwmy-gnugrep-3.7/bin/grep -F'
FILECMD='file'
FILE_MAN_DIR='$(mandir)/man$(FILE_MAN_SUFFIX)'
FILE_MAN_SUFFIX='5'
FOP=''
GREP='/nix/store/86bp03jkmsl6f92w0yzg4s59g5mhxwmy-gnugrep-3.7/bin/grep'
HAVE_FOP_FALSE=''
HAVE_FOP_TRUE='#'
HAVE_STYLESHEETS_FALSE=''
HAVE_STYLESHEETS_TRUE='#'
HAVE_XMLTO_FALSE=''
HAVE_XMLTO_TEXT_FALSE=''
HAVE_XMLTO_TEXT_TRUE='#'
HAVE_XMLTO_TRUE='#'
HAVE_XSLTPROC_FALSE=''
HAVE_XSLTPROC_TRUE='#'
INSTALL_CMD='(cp -f /INSTALL $(top_srcdir)/.INSTALL.tmp && mv $(top_srcdir)/.INSTALL.tmp $(top_srcdir)/INSTALL) || (rm -f $(top_srcdir)/.INSTALL.tmp; test -e $(top_srcdir)/INSTALL || ( touch $(top_srcdir)/INSTALL; echo '\''failed to copy INSTALL from util-macros: installing empty INSTALL.'\'' >&2))'
INSTALL_DATA='${INSTALL} -m 644'
INSTALL_PROGRAM='${INSTALL}'
INSTALL_SCRIPT='${INSTALL}'
INSTALL_STRIP_PROGRAM='$(install_sh) -c -s'
LD='ld -m elf_x86_64'
LDFLAGS=''
LIBOBJS=''
LIBS=''
LIBTOOL='$(SHELL) $(top_builddir)/libtool'
LIB_MAN_DIR='$(mandir)/man$(LIB_MAN_SUFFIX)'
LIB_MAN_SUFFIX='3'
LINT=''
LINTLIB=''
LINT_FALSE=''
LINT_FLAGS='-badflag'
LINT_TRUE='#'
LIPO=''
LN_S='ln -s'
LTLIBOBJS=''
LT_SYS_LIBRARY_PATH=''
MAKEINFO='${SHELL} '\''/home/runner/gbtestc/work/libXext-1.3.6/missing'\'' makeinfo'
MAKE_LINT_LIB_FALSE=''
MAKE_LINT_LIB_TRUE='#'
MALLOC_ZERO_CFLAGS='-DMALLOC_0_RETURNS_NULL'
MANIFEST_TOOL=':'
MAN_SUBSTS='	-e '\''s|__vendorversion__|"$(PACKAGE_STRING)" "$(XORG_MAN_PAGE)"|'\'' 	-e '\''s|__xorgversion__|"$(PACKAGE_STRING)" "$(XORG_MAN_PAGE)"|'\'' 	-e '\''s|__xservername__|Xorg|g'\'' 	-e '\''s|__xconfigfile__|xorg.conf|g'\'' 	-e '\''s|__projectroot__|$(prefix)|g'\'' 	-e '\''s|__apploaddir__|$(appdefaultdir)|g'\'' 	-e '\''s|__appmansuffix__|$(APP_MAN_SUFFIX)|g'\'' 	-e '\''s|__drivermansuffix__|$(DRIVER_MAN_SUFFIX)|g'\'' 	-e '\''s|__adminmansuffix__|$(ADMIN_MAN_SUFFIX)|g'\'' 	-e '\''s|__libmansuffix__|$(LIB_MAN_SUFFIX)|g'\'' 	-e '\''s|__miscmansuffix__|$(MISC_MAN_SUFFIX)|g'\'' 	-e '\''s|__filemansuffix__|$(FILE_MAN_SUFFIX)|g'\'''
MISC_MAN_DIR='$(mandir)/man$(MISC_MAN_SUFFIX)'
MISC_MAN_SUFFIX='7'
MKDIR_P='/nix/store/a7gvj343m05j2s32xcnwr35v31ynlypr-coreutils-9.1/bin/mkdir -p'
NM='nm'
NMEDIT=''
OBJDUMP='objdump'
OBJEXT='o'
OTOOL64=''
OTOOL=''
PACKAGE='libXext'
PACKAGE_BUGREPORT='https://gitlab.freedesktop.org/xorg/lib/libxext/-/issues'
PACKAGE_NAME='libXext'
PACKAGE_STRING='libXext 1.3.6'
PACKAGE_TARNAME='libXext'
PACKAGE_URL=''
PACKAGE_VERSION='1.3.6'
PATH_SEPARATOR=':'
PKG_CONFIG='/nix/store/0jz5bmaic7n6sbf8s08bi80jkhkgwj07-pkg-config-0.29.2/bin/pkg-config'
PKG_CONFIG_LIBDIR=''
PKG_CONFIG_PATH='/home/runner/.local/share/pkgconfig:/home/runner/.local/lib/pkgconfig'
RANLIB='ranlib'
SED='/nix/store/89zs7rms6x00xfq4dq6m7mjnhkr8a6r4-gnused-4.8/bin/sed'
SET_MAKE=''
SHELL='/nix/store/dsd5gz46hdbdk2rfdimqddhq6m8m8fqs-bash-5.1-p16/bin/bash'
STRICT_CFLAGS=' -pedantic -Werror -Werror=attributes'
STRIP='strip'
STYLESHEET_SRCDIR=''
VERSION='1.3.6'
XEXT_CFLAGS='-I/home/runner/.local/include'
XEXT_LIBS='-L/home/runner/.local/lib -lX11'
XEXT_SOREV='6:4:0'
XMALLOC_ZERO_CFLAGS='-DMALLOC_0_RETURNS_NULL'
XMLTO=''
XORG_MAN_PAGE='X Version 11'
XORG_SGML_PATH=''
XSLTPROC=''
XSL_STYLESHEET=''
XTMALLOC_ZERO_CFLAGS='-DMALLOC_0_RETURNS_NULL -DXTMALLOC_BC'
ac_ct_AR=''
ac_ct_CC='/nix/store/dq0xwmsk1g0i2ayg6pb7y87na2knzylh-gcc-wrapper-11.3.0/bin/gcc'
ac_ct_DUMPBIN=''
am__EXEEXT_FALSE=''
am__EXEEXT_TRUE='#'
am__fastdepCC_FALSE='#'
am__fastdepCC_TRUE=''
am__include='include'
am__isrc=''
am__leading_dot='.'
am__nodep='_no'
am__quote=''
am__tar='$${TAR-tar} chof - "$$tardir"'
am__untar='$${TAR-tar} xf -'
bindir='${exec_prefix}/bin'
build='x86_64-pc-linux-gnu'
build_alias=''
build_cpu='x86_64'
build_os='linux-gnu'
build_vendor='pc'
datadir='${datarootdir}'
datarootdir='${prefix}/share'
docdir='${datarootdir}/doc/${PACKAGE_TARNAME}'
dvidir='${docdir}'
exec_prefix='${prefix}'
host='x86_64-pc-linux-gnu'
host_alias=''
host_cpu='x86_64'
host_os='linux-gnu'
host_vendor='pc'
htmldir='${docdir}'
includedir='${prefix}/include'
infodir='${datarootdir}/info'
install_sh='${SHELL} /home/runner/gbtestc/work/libXext-1.3.6/install-sh'
libdir='${exec_prefix}/lib'
libexecdir='${exec_prefix}/libexec'
localedir='${datarootdir}/locale'
localstatedir='${prefix}/var'
mandir='${datarootdir}/man'
mkdir_p='$(MKDIR_P)'
oldincludedir='/usr/include'
pdfdir='${docdir}'
prefix='/home/runner/.local'
program_transform_name='s,x,x,'
psdir='${docdir}'
runstatedir='${localstatedir}/run'
sbindir='${exec_prefix}/sbin'
sharedstatedir='${prefix}/com'
sysconfdir='${prefix}/etc'
target_alias=''

## ----------- ##
## confdefs.h. ##
## ----------- ##

/* confdefs.h */
#define PACKAGE_NAME "libXext"
#define PACKAGE_TARNAME "libXext"
#define PACKAGE_VERSION "1.3.6"
#define PACKAGE_STRING "libXext 1.3.6"
#define PACKAGE_BUGREPORT "https://gitlab.freedesktop.org/xorg/lib/libxext/-/issues"
#define PACKAGE_URL ""
#define HAVE_STDIO_H 1
#define HAVE_STDLIB_H 1
#define HAVE_STRING_H 1
#define HAVE_INTTYPES_H 1
#define HAVE_STDINT_H 1
#define HAVE_STRINGS_H 1
#define HAVE_SYS_STAT_H 1
#define HAVE_SYS_TYPES_H 1
#define HAVE_UNISTD_H 1
#define HAVE_WCHAR_H 1
#define STDC_HEADERS 1
#define _ALL_SOURCE 1
#define _DARWIN_C_SOURCE 1
#define _GNU_SOURCE 1
#define _HPUX_ALT_XOPEN_SOCKET_API 1
#define _NETBSD_SOURCE 1
#define _OPENBSD_SOURCE 1
#define _POSIX_PTHREAD_SEMANTICS 1
#define __STDC_WANT_IEC_60559_ATTRIBS_EXT__ 1
#define __STDC_WANT_IEC_60559_BFP_EXT__ 1
#define __STDC_WANT_IEC_60559_DFP_EXT__ 1
#define __STDC_WANT_IEC_60559_EXT__ 1
#define __STDC_WANT_IEC_60559_FUNCS_EXT__ 1
#define __STDC_WANT_IEC_60559_TYPES_EXT__ 1
#define __STDC_WANT_LIB_EXT2__ 1
#define __STDC_WANT_MATH_SPEC_FUNCS__ 1
#define _TANDEM_SOURCE 1
#define __EXTENSIONS__ 1
#define PACKAGE "libXext"
#define VERSION "1.3.6"
#define HAVE_DLFCN_H 1
#define LT_OBJDIR ".libs/"
#define PACKAGE_VERSION_MAJOR 1
#define PACKAGE_VERSION_MINOR 3
#define PACKAGE_VERSION_PATCHLEVEL 6
#define HAVE___BUILTIN_POPCOUNTL 1
#define HAVE_REALLOCARRAY 1

configure: exit 0
